app_self_metrics_calc_seconds 0.002 1749561253303
app_self_metrics_count_total 1 1749561253303
nodejs_heap_read_only_space_total 0 1749561253303
nodejs_heap_read_only_space_used_total 0 1749561253303
nodejs_heap_new_space_total 16777216 1749561253303
nodejs_heap_new_space_used_total 1713856 1749561253303
nodejs_heap_old_space_total 52133888 1749561253303
nodejs_heap_old_space_used_total 49468864 1749561253303
nodejs_heap_code_space_total 2359296 1749561253303
nodejs_heap_code_space_used_total 2062752 1749561253303
nodejs_heap_shared_space_total 0 1749561253303
nodejs_heap_shared_space_used_total 0 1749561253303
nodejs_heap_trusted_space_total 5054464 1749561253303
nodejs_heap_trusted_space_used_total 4493608 1749561253303
nodejs_heap_new_large_object_space_total 0 1749561253303
nodejs_heap_new_large_object_space_used_total 0 1749561253303
nodejs_heap_large_object_space_total 11386880 1749561253303
nodejs_heap_large_object_space_used_total 11257472 1749561253303
nodejs_heap_code_large_object_space_total 167936 1749561253303
nodejs_heap_code_large_object_space_used_total 151488 1749561253303
nodejs_heap_shared_large_object_space_total 0 1749561253303
nodejs_heap_shared_large_object_space_used_total 0 1749561253303
nodejs_heap_trusted_large_object_space_total 0 1749561253303
nodejs_heap_trusted_large_object_space_used_total 0 1749561253303

app_self_metrics_calc_seconds 0 1749561313308
app_self_metrics_count_total 1 1749561313308
nodejs_heap_read_only_space_total 0 1749561313308
nodejs_heap_read_only_space_used_total 0 1749561313308
nodejs_heap_new_space_total 16777216 1749561313308
nodejs_heap_new_space_used_total 5446664 1749561313308
nodejs_heap_old_space_total 56328192 1749561313308
nodejs_heap_old_space_used_total 52597432 1749561313308
nodejs_heap_code_space_total 3932160 1749561313308
nodejs_heap_code_space_used_total 3456672 1749561313308
nodejs_heap_shared_space_total 0 1749561313308
nodejs_heap_shared_space_used_total 0 1749561313308
nodejs_heap_trusted_space_total 5054464 1749561313308
nodejs_heap_trusted_space_used_total 2545936 1749561313308
nodejs_heap_new_large_object_space_total 0 1749561313308
nodejs_heap_new_large_object_space_used_total 0 1749561313308
nodejs_heap_large_object_space_total 13008896 1749561313308
nodejs_heap_large_object_space_used_total 12857536 1749561313308
nodejs_heap_code_large_object_space_total 167936 1749561313308
nodejs_heap_code_large_object_space_used_total 151488 1749561313308
nodejs_heap_shared_large_object_space_total 0 1749561313308
nodejs_heap_shared_large_object_space_used_total 0 1749561313308
nodejs_heap_trusted_large_object_space_total 0 1749561313308
nodejs_heap_trusted_large_object_space_used_total 0 1749561313308

app_self_metrics_calc_seconds 0 1749561373311
app_self_metrics_count_total 1 1749561373311
nodejs_heap_read_only_space_total 0 1749561373311
nodejs_heap_read_only_space_used_total 0 1749561373311
nodejs_heap_new_space_total 1835008 1749561373311
nodejs_heap_new_space_used_total 1308688 1749561373311
nodejs_heap_old_space_total 56590336 1749561373311
nodejs_heap_old_space_used_total 52877184 1749561373311
nodejs_heap_code_space_total 3932160 1749561373311
nodejs_heap_code_space_used_total 3478048 1749561373311
nodejs_heap_shared_space_total 0 1749561373311
nodejs_heap_shared_space_used_total 0 1749561373311
nodejs_heap_trusted_space_total 5054464 1749561373311
nodejs_heap_trusted_space_used_total 2553368 1749561373311
nodejs_heap_new_large_object_space_total 0 1749561373311
nodejs_heap_new_large_object_space_used_total 0 1749561373311
nodejs_heap_large_object_space_total 13008896 1749561373311
nodejs_heap_large_object_space_used_total 12857536 1749561373311
nodejs_heap_code_large_object_space_total 167936 1749561373311
nodejs_heap_code_large_object_space_used_total 151488 1749561373311
nodejs_heap_shared_large_object_space_total 0 1749561373311
nodejs_heap_shared_large_object_space_used_total 0 1749561373311
nodejs_heap_trusted_large_object_space_total 0 1749561373311
nodejs_heap_trusted_large_object_space_used_total 0 1749561373311

app_self_metrics_calc_seconds 0 1749561433312
app_self_metrics_count_total 1 1749561433312
nodejs_heap_read_only_space_total 0 1749561433312
nodejs_heap_read_only_space_used_total 0 1749561433312
nodejs_heap_new_space_total 3670016 1749561433312
nodejs_heap_new_space_used_total 1396912 1749561433312
nodejs_heap_old_space_total 57638912 1749561433312
nodejs_heap_old_space_used_total 53788176 1749561433312
nodejs_heap_code_space_total 3932160 1749561433312
nodejs_heap_code_space_used_total 3493408 1749561433312
nodejs_heap_shared_space_total 0 1749561433312
nodejs_heap_shared_space_used_total 0 1749561433312
nodejs_heap_trusted_space_total 5054464 1749561433312
nodejs_heap_trusted_space_used_total 2557192 1749561433312
nodejs_heap_new_large_object_space_total 0 1749561433312
nodejs_heap_new_large_object_space_used_total 0 1749561433312
nodejs_heap_large_object_space_total 13008896 1749561433312
nodejs_heap_large_object_space_used_total 12857536 1749561433312
nodejs_heap_code_large_object_space_total 167936 1749561433312
nodejs_heap_code_large_object_space_used_total 151488 1749561433312
nodejs_heap_shared_large_object_space_total 0 1749561433312
nodejs_heap_shared_large_object_space_used_total 0 1749561433312
nodejs_heap_trusted_large_object_space_total 0 1749561433312
nodejs_heap_trusted_large_object_space_used_total 0 1749561433312

app_self_metrics_calc_seconds 0 1749561493315
app_self_metrics_count_total 1 1749561493315
nodejs_heap_read_only_space_total 0 1749561493315
nodejs_heap_read_only_space_used_total 0 1749561493315
nodejs_heap_new_space_total 1048576 1749561493315
nodejs_heap_new_space_used_total 302720 1749561493315
nodejs_heap_old_space_total 58163200 1749561493315
nodejs_heap_old_space_used_total 54502376 1749561493315
nodejs_heap_code_space_total 3932160 1749561493315
nodejs_heap_code_space_used_total 3493408 1749561493315
nodejs_heap_shared_space_total 0 1749561493315
nodejs_heap_shared_space_used_total 0 1749561493315
nodejs_heap_trusted_space_total 5054464 1749561493315
nodejs_heap_trusted_space_used_total 2557192 1749561493315
nodejs_heap_new_large_object_space_total 0 1749561493315
nodejs_heap_new_large_object_space_used_total 0 1749561493315
nodejs_heap_large_object_space_total 13008896 1749561493315
nodejs_heap_large_object_space_used_total 12857536 1749561493315
nodejs_heap_code_large_object_space_total 167936 1749561493315
nodejs_heap_code_large_object_space_used_total 151488 1749561493315
nodejs_heap_shared_large_object_space_total 0 1749561493315
nodejs_heap_shared_large_object_space_used_total 0 1749561493315
nodejs_heap_trusted_large_object_space_total 0 1749561493315
nodejs_heap_trusted_large_object_space_used_total 0 1749561493315

app_self_metrics_calc_seconds 0 1749561553318
app_self_metrics_count_total 1 1749561553318
nodejs_heap_read_only_space_total 0 1749561553318
nodejs_heap_read_only_space_used_total 0 1749561553318
nodejs_heap_new_space_total 2097152 1749561553318
nodejs_heap_new_space_used_total 605232 1749561553318
nodejs_heap_old_space_total 58425344 1749561553318
nodejs_heap_old_space_used_total 54877920 1749561553318
nodejs_heap_code_space_total 3932160 1749561553318
nodejs_heap_code_space_used_total 3507328 1749561553318
nodejs_heap_shared_space_total 0 1749561553318
nodejs_heap_shared_space_used_total 0 1749561553318
nodejs_heap_trusted_space_total 5054464 1749561553318
nodejs_heap_trusted_space_used_total 2563736 1749561553318
nodejs_heap_new_large_object_space_total 0 1749561553318
nodejs_heap_new_large_object_space_used_total 0 1749561553318
nodejs_heap_large_object_space_total 13008896 1749561553318
nodejs_heap_large_object_space_used_total 12857536 1749561553318
nodejs_heap_code_large_object_space_total 167936 1749561553318
nodejs_heap_code_large_object_space_used_total 151488 1749561553318
nodejs_heap_shared_large_object_space_total 0 1749561553318
nodejs_heap_shared_large_object_space_used_total 0 1749561553318
nodejs_heap_trusted_large_object_space_total 0 1749561553318
nodejs_heap_trusted_large_object_space_used_total 0 1749561553318

app_self_metrics_calc_seconds 0 1749561613318
app_self_metrics_count_total 1 1749561613318
nodejs_heap_read_only_space_total 0 1749561613318
nodejs_heap_read_only_space_used_total 0 1749561613318
nodejs_heap_new_space_total 1048576 1749561613318
nodejs_heap_new_space_used_total 841992 1749561613318
nodejs_heap_old_space_total 59211776 1749561613318
nodejs_heap_old_space_used_total 55255224 1749561613318
nodejs_heap_code_space_total 3932160 1749561613318
nodejs_heap_code_space_used_total 3507840 1749561613318
nodejs_heap_shared_space_total 0 1749561613318
nodejs_heap_shared_space_used_total 0 1749561613318
nodejs_heap_trusted_space_total 5054464 1749561613318
nodejs_heap_trusted_space_used_total 2573552 1749561613318
nodejs_heap_new_large_object_space_total 0 1749561613318
nodejs_heap_new_large_object_space_used_total 0 1749561613318
nodejs_heap_large_object_space_total 13008896 1749561613318
nodejs_heap_large_object_space_used_total 12857536 1749561613318
nodejs_heap_code_large_object_space_total 167936 1749561613318
nodejs_heap_code_large_object_space_used_total 151488 1749561613318
nodejs_heap_shared_large_object_space_total 0 1749561613318
nodejs_heap_shared_large_object_space_used_total 0 1749561613318
nodejs_heap_trusted_large_object_space_total 0 1749561613318
nodejs_heap_trusted_large_object_space_used_total 0 1749561613318

app_self_metrics_calc_seconds 0 1749561673322
app_self_metrics_count_total 1 1749561673322
nodejs_heap_read_only_space_total 0 1749561673322
nodejs_heap_read_only_space_used_total 0 1749561673322
nodejs_heap_new_space_total 8388608 1749561673322
nodejs_heap_new_space_used_total 2783888 1749561673322
nodejs_heap_old_space_total 61571072 1749561673322
nodejs_heap_old_space_used_total 50799872 1749561673322
nodejs_heap_code_space_total 4718592 1749561673322
nodejs_heap_code_space_used_total 4134496 1749561673322
nodejs_heap_shared_space_total 0 1749561673322
nodejs_heap_shared_space_used_total 0 1749561673322
nodejs_heap_trusted_space_total 2957312 1749561673322
nodejs_heap_trusted_space_used_total 2751552 1749561673322
nodejs_heap_new_large_object_space_total 0 1749561673322
nodejs_heap_new_large_object_space_used_total 0 1749561673322
nodejs_heap_large_object_space_total 13008896 1749561673322
nodejs_heap_large_object_space_used_total 12857536 1749561673322
nodejs_heap_code_large_object_space_total 167936 1749561673322
nodejs_heap_code_large_object_space_used_total 151488 1749561673322
nodejs_heap_shared_large_object_space_total 0 1749561673322
nodejs_heap_shared_large_object_space_used_total 0 1749561673322
nodejs_heap_trusted_large_object_space_total 0 1749561673322
nodejs_heap_trusted_large_object_space_used_total 0 1749561673322

app_self_metrics_calc_seconds 0.001 1749561733324
app_self_metrics_count_total 1 1749561733324
nodejs_heap_read_only_space_total 0 1749561733324
nodejs_heap_read_only_space_used_total 0 1749561733324
nodejs_heap_new_space_total 2097152 1749561733324
nodejs_heap_new_space_used_total 730624 1749561733324
nodejs_heap_old_space_total 53444608 1749561733324
nodejs_heap_old_space_used_total 50653464 1749561733324
nodejs_heap_code_space_total 4718592 1749561733324
nodejs_heap_code_space_used_total 4139712 1749561733324
nodejs_heap_shared_space_total 0 1749561733324
nodejs_heap_shared_space_used_total 0 1749561733324
nodejs_heap_trusted_space_total 2433024 1749561733324
nodejs_heap_trusted_space_used_total 2039112 1749561733324
nodejs_heap_new_large_object_space_total 0 1749561733324
nodejs_heap_new_large_object_space_used_total 0 1749561733324
nodejs_heap_large_object_space_total 13008896 1749561733324
nodejs_heap_large_object_space_used_total 12857536 1749561733324
nodejs_heap_code_large_object_space_total 167936 1749561733324
nodejs_heap_code_large_object_space_used_total 151488 1749561733324
nodejs_heap_shared_large_object_space_total 0 1749561733324
nodejs_heap_shared_large_object_space_used_total 0 1749561733324
nodejs_heap_trusted_large_object_space_total 0 1749561733324
nodejs_heap_trusted_large_object_space_used_total 0 1749561733324

app_self_metrics_calc_seconds 0.001 1749561793329
app_self_metrics_count_total 1 1749561793329
nodejs_heap_read_only_space_total 0 1749561793329
nodejs_heap_read_only_space_used_total 0 1749561793329
nodejs_heap_new_space_total 1048576 1749561793329
nodejs_heap_new_space_used_total 578128 1749561793329
nodejs_heap_old_space_total 54231040 1749561793329
nodejs_heap_old_space_used_total 51764680 1749561793329
nodejs_heap_code_space_total 4718592 1749561793329
nodejs_heap_code_space_used_total 4187552 1749561793329
nodejs_heap_shared_space_total 0 1749561793329
nodejs_heap_shared_space_used_total 0 1749561793329
nodejs_heap_trusted_space_total 2433024 1749561793329
nodejs_heap_trusted_space_used_total 2089952 1749561793329
nodejs_heap_new_large_object_space_total 0 1749561793329
nodejs_heap_new_large_object_space_used_total 0 1749561793329
nodejs_heap_large_object_space_total 13008896 1749561793329
nodejs_heap_large_object_space_used_total 12857536 1749561793329
nodejs_heap_code_large_object_space_total 167936 1749561793329
nodejs_heap_code_large_object_space_used_total 151488 1749561793329
nodejs_heap_shared_large_object_space_total 0 1749561793329
nodejs_heap_shared_large_object_space_used_total 0 1749561793329
nodejs_heap_trusted_large_object_space_total 0 1749561793329
nodejs_heap_trusted_large_object_space_used_total 0 1749561793329

app_self_metrics_calc_seconds 0 1749561853330
app_self_metrics_count_total 1 1749561853330
nodejs_heap_read_only_space_total 0 1749561853330
nodejs_heap_read_only_space_used_total 0 1749561853330
nodejs_heap_new_space_total 8388608 1749561853330
nodejs_heap_new_space_used_total 3346328 1749561853330
nodejs_heap_old_space_total 57638912 1749561853330
nodejs_heap_old_space_used_total 53429288 1749561853330
nodejs_heap_code_space_total 4980736 1749561853330
nodejs_heap_code_space_used_total 4448480 1749561853330
nodejs_heap_shared_space_total 0 1749561853330
nodejs_heap_shared_space_used_total 0 1749561853330
nodejs_heap_trusted_space_total 2433024 1749561853330
nodejs_heap_trusted_space_used_total 2136824 1749561853330
nodejs_heap_new_large_object_space_total 0 1749561853330
nodejs_heap_new_large_object_space_used_total 0 1749561853330
nodejs_heap_large_object_space_total 13008896 1749561853330
nodejs_heap_large_object_space_used_total 12857536 1749561853330
nodejs_heap_code_large_object_space_total 167936 1749561853330
nodejs_heap_code_large_object_space_used_total 151488 1749561853330
nodejs_heap_shared_large_object_space_total 0 1749561853330
nodejs_heap_shared_large_object_space_used_total 0 1749561853330
nodejs_heap_trusted_large_object_space_total 0 1749561853330
nodejs_heap_trusted_large_object_space_used_total 0 1749561853330

app_self_metrics_calc_seconds 0 1749561913331
app_self_metrics_count_total 1 1749561913331
nodejs_heap_read_only_space_total 0 1749561913331
nodejs_heap_read_only_space_used_total 0 1749561913331
nodejs_heap_new_space_total 2097152 1749561913331
nodejs_heap_new_space_used_total 94848 1749561913331
nodejs_heap_old_space_total 57638912 1749561913331
nodejs_heap_old_space_used_total 54929520 1749561913331
nodejs_heap_code_space_total 4980736 1749561913331
nodejs_heap_code_space_used_total 4470688 1749561913331
nodejs_heap_shared_space_total 0 1749561913331
nodejs_heap_shared_space_used_total 0 1749561913331
nodejs_heap_trusted_space_total 2433024 1749561913331
nodejs_heap_trusted_space_used_total 2145968 1749561913331
nodejs_heap_new_large_object_space_total 0 1749561913331
nodejs_heap_new_large_object_space_used_total 0 1749561913331
nodejs_heap_large_object_space_total 13008896 1749561913331
nodejs_heap_large_object_space_used_total 12857536 1749561913331
nodejs_heap_code_large_object_space_total 167936 1749561913331
nodejs_heap_code_large_object_space_used_total 151488 1749561913331
nodejs_heap_shared_large_object_space_total 0 1749561913331
nodejs_heap_shared_large_object_space_used_total 0 1749561913331
nodejs_heap_trusted_large_object_space_total 0 1749561913331
nodejs_heap_trusted_large_object_space_used_total 0 1749561913331

app_self_metrics_calc_seconds 0 1749561973336
app_self_metrics_count_total 1 1749561973336
nodejs_heap_read_only_space_total 0 1749561973336
nodejs_heap_read_only_space_used_total 0 1749561973336
nodejs_heap_new_space_total 1048576 1749561973336
nodejs_heap_new_space_used_total 162128 1749561973336
nodejs_heap_old_space_total 58687488 1749561973336
nodejs_heap_old_space_used_total 55768848 1749561973336
nodejs_heap_code_space_total 4980736 1749561973336
nodejs_heap_code_space_used_total 4481888 1749561973336
nodejs_heap_shared_space_total 0 1749561973336
nodejs_heap_shared_space_used_total 0 1749561973336
nodejs_heap_trusted_space_total 2433024 1749561973336
nodejs_heap_trusted_space_used_total 2152456 1749561973336
nodejs_heap_new_large_object_space_total 0 1749561973336
nodejs_heap_new_large_object_space_used_total 0 1749561973336
nodejs_heap_large_object_space_total 13008896 1749561973336
nodejs_heap_large_object_space_used_total 12857536 1749561973336
nodejs_heap_code_large_object_space_total 167936 1749561973336
nodejs_heap_code_large_object_space_used_total 151488 1749561973336
nodejs_heap_shared_large_object_space_total 0 1749561973336
nodejs_heap_shared_large_object_space_used_total 0 1749561973336
nodejs_heap_trusted_large_object_space_total 0 1749561973336
nodejs_heap_trusted_large_object_space_used_total 0 1749561973336

app_self_metrics_calc_seconds 0 1749562033339
app_self_metrics_count_total 1 1749562033339
nodejs_heap_read_only_space_total 0 1749562033339
nodejs_heap_read_only_space_used_total 0 1749562033339
nodejs_heap_new_space_total 1048576 1749562033339
nodejs_heap_new_space_used_total 663232 1749562033339
nodejs_heap_old_space_total 58949632 1749562033339
nodejs_heap_old_space_used_total 56403784 1749562033339
nodejs_heap_code_space_total 5242880 1749562033339
nodejs_heap_code_space_used_total 4502560 1749562033339
nodejs_heap_shared_space_total 0 1749562033339
nodejs_heap_shared_space_used_total 0 1749562033339
nodejs_heap_trusted_space_total 2433024 1749562033339
nodejs_heap_trusted_space_used_total 2161144 1749562033339
nodejs_heap_new_large_object_space_total 0 1749562033339
nodejs_heap_new_large_object_space_used_total 0 1749562033339
nodejs_heap_large_object_space_total 13008896 1749562033339
nodejs_heap_large_object_space_used_total 12857536 1749562033339
nodejs_heap_code_large_object_space_total 167936 1749562033339
nodejs_heap_code_large_object_space_used_total 151488 1749562033339
nodejs_heap_shared_large_object_space_total 0 1749562033339
nodejs_heap_shared_large_object_space_used_total 0 1749562033339
nodejs_heap_trusted_large_object_space_total 0 1749562033339
nodejs_heap_trusted_large_object_space_used_total 0 1749562033339

app_self_metrics_calc_seconds 0 1749562093345
app_self_metrics_count_total 1 1749562093345
nodejs_heap_read_only_space_total 0 1749562093345
nodejs_heap_read_only_space_used_total 0 1749562093345
nodejs_heap_new_space_total 1048576 1749562093345
nodejs_heap_new_space_used_total 503680 1749562093345
nodejs_heap_old_space_total 59998208 1749562093345
nodejs_heap_old_space_used_total 57169168 1749562093345
nodejs_heap_code_space_total 5242880 1749562093345
nodejs_heap_code_space_used_total 4517280 1749562093345
nodejs_heap_shared_space_total 0 1749562093345
nodejs_heap_shared_space_used_total 0 1749562093345
nodejs_heap_trusted_space_total 2433024 1749562093345
nodejs_heap_trusted_space_used_total 2164840 1749562093345
nodejs_heap_new_large_object_space_total 0 1749562093345
nodejs_heap_new_large_object_space_used_total 0 1749562093345
nodejs_heap_large_object_space_total 13008896 1749562093345
nodejs_heap_large_object_space_used_total 12857536 1749562093345
nodejs_heap_code_large_object_space_total 167936 1749562093345
nodejs_heap_code_large_object_space_used_total 151488 1749562093345
nodejs_heap_shared_large_object_space_total 0 1749562093345
nodejs_heap_shared_large_object_space_used_total 0 1749562093345
nodejs_heap_trusted_large_object_space_total 0 1749562093345
nodejs_heap_trusted_large_object_space_used_total 0 1749562093345

app_self_metrics_calc_seconds 0 1749562153349
app_self_metrics_count_total 1 1749562153349
nodejs_heap_read_only_space_total 0 1749562153349
nodejs_heap_read_only_space_used_total 0 1749562153349
nodejs_heap_new_space_total 1048576 1749562153349
nodejs_heap_new_space_used_total 267456 1749562153349
nodejs_heap_old_space_total 60784640 1749562153349
nodejs_heap_old_space_used_total 57950400 1749562153349
nodejs_heap_code_space_total 5242880 1749562153349
nodejs_heap_code_space_used_total 4520096 1749562153349
nodejs_heap_shared_space_total 0 1749562153349
nodejs_heap_shared_space_used_total 0 1749562153349
nodejs_heap_trusted_space_total 2433024 1749562153349
nodejs_heap_trusted_space_used_total 2167360 1749562153349
nodejs_heap_new_large_object_space_total 0 1749562153349
nodejs_heap_new_large_object_space_used_total 0 1749562153349
nodejs_heap_large_object_space_total 13008896 1749562153349
nodejs_heap_large_object_space_used_total 12857536 1749562153349
nodejs_heap_code_large_object_space_total 167936 1749562153349
nodejs_heap_code_large_object_space_used_total 151488 1749562153349
nodejs_heap_shared_large_object_space_total 0 1749562153349
nodejs_heap_shared_large_object_space_used_total 0 1749562153349
nodejs_heap_trusted_large_object_space_total 0 1749562153349
nodejs_heap_trusted_large_object_space_used_total 0 1749562153349

app_self_metrics_calc_seconds 0 1749562213351
app_self_metrics_count_total 1 1749562213351
nodejs_heap_read_only_space_total 0 1749562213351
nodejs_heap_read_only_space_used_total 0 1749562213351
nodejs_heap_new_space_total 2097152 1749562213351
nodejs_heap_new_space_used_total 769840 1749562213351
nodejs_heap_old_space_total 61308928 1749562213351
nodejs_heap_old_space_used_total 58681240 1749562213351
nodejs_heap_code_space_total 5242880 1749562213351
nodejs_heap_code_space_used_total 4520096 1749562213351
nodejs_heap_shared_space_total 0 1749562213351
nodejs_heap_shared_space_used_total 0 1749562213351
nodejs_heap_trusted_space_total 2433024 1749562213351
nodejs_heap_trusted_space_used_total 2167360 1749562213351
nodejs_heap_new_large_object_space_total 0 1749562213351
nodejs_heap_new_large_object_space_used_total 0 1749562213351
nodejs_heap_large_object_space_total 13008896 1749562213351
nodejs_heap_large_object_space_used_total 12857536 1749562213351
nodejs_heap_code_large_object_space_total 167936 1749562213351
nodejs_heap_code_large_object_space_used_total 151488 1749562213351
nodejs_heap_shared_large_object_space_total 0 1749562213351
nodejs_heap_shared_large_object_space_used_total 0 1749562213351
nodejs_heap_trusted_large_object_space_total 0 1749562213351
nodejs_heap_trusted_large_object_space_used_total 0 1749562213351

app_self_metrics_calc_seconds 0 1749562273352
app_self_metrics_count_total 1 1749562273352
nodejs_heap_read_only_space_total 0 1749562273352
nodejs_heap_read_only_space_used_total 0 1749562273352
nodejs_heap_new_space_total 1048576 1749562273352
nodejs_heap_new_space_used_total 462392 1749562273352
nodejs_heap_old_space_total 61308928 1749562273352
nodejs_heap_old_space_used_total 50694544 1749562273352
nodejs_heap_code_space_total 5242880 1749562273352
nodejs_heap_code_space_used_total 4479072 1749562273352
nodejs_heap_shared_space_total 0 1749562273352
nodejs_heap_shared_space_used_total 0 1749562273352
nodejs_heap_trusted_space_total 2433024 1749562273352
nodejs_heap_trusted_space_used_total 2101408 1749562273352
nodejs_heap_new_large_object_space_total 0 1749562273352
nodejs_heap_new_large_object_space_used_total 0 1749562273352
nodejs_heap_large_object_space_total 13008896 1749562273352
nodejs_heap_large_object_space_used_total 12857536 1749562273352
nodejs_heap_code_large_object_space_total 167936 1749562273352
nodejs_heap_code_large_object_space_used_total 151488 1749562273352
nodejs_heap_shared_large_object_space_total 0 1749562273352
nodejs_heap_shared_large_object_space_used_total 0 1749562273352
nodejs_heap_trusted_large_object_space_total 0 1749562273352
nodejs_heap_trusted_large_object_space_used_total 0 1749562273352

app_self_metrics_calc_seconds 0 1749562333352
app_self_metrics_count_total 1 1749562333352
nodejs_heap_read_only_space_total 0 1749562333352
nodejs_heap_read_only_space_used_total 0 1749562333352
nodejs_heap_new_space_total 1048576 1749562333352
nodejs_heap_new_space_used_total 372504 1749562333352
nodejs_heap_old_space_total 61308928 1749562333352
nodejs_heap_old_space_used_total 51480784 1749562333352
nodejs_heap_code_space_total 5242880 1749562333352
nodejs_heap_code_space_used_total 4480864 1749562333352
nodejs_heap_shared_space_total 0 1749562333352
nodejs_heap_shared_space_used_total 0 1749562333352
nodejs_heap_trusted_space_total 2433024 1749562333352
nodejs_heap_trusted_space_used_total 2102872 1749562333352
nodejs_heap_new_large_object_space_total 0 1749562333352
nodejs_heap_new_large_object_space_used_total 0 1749562333352
nodejs_heap_large_object_space_total 13008896 1749562333352
nodejs_heap_large_object_space_used_total 12857536 1749562333352
nodejs_heap_code_large_object_space_total 167936 1749562333352
nodejs_heap_code_large_object_space_used_total 151488 1749562333352
nodejs_heap_shared_large_object_space_total 0 1749562333352
nodejs_heap_shared_large_object_space_used_total 0 1749562333352
nodejs_heap_trusted_large_object_space_total 0 1749562333352
nodejs_heap_trusted_large_object_space_used_total 0 1749562333352

app_self_metrics_calc_seconds 0 1749562393357
app_self_metrics_count_total 1 1749562393357
nodejs_heap_read_only_space_total 0 1749562393357
nodejs_heap_read_only_space_used_total 0 1749562393357
nodejs_heap_new_space_total 1048576 1749562393357
nodejs_heap_new_space_used_total 266896 1749562393357
nodejs_heap_old_space_total 61308928 1749562393357
nodejs_heap_old_space_used_total 52277600 1749562393357
nodejs_heap_code_space_total 5242880 1749562393357
nodejs_heap_code_space_used_total 4541664 1749562393357
nodejs_heap_shared_space_total 0 1749562393357
nodejs_heap_shared_space_used_total 0 1749562393357
nodejs_heap_trusted_space_total 2433024 1749562393357
nodejs_heap_trusted_space_used_total 2114176 1749562393357
nodejs_heap_new_large_object_space_total 0 1749562393357
nodejs_heap_new_large_object_space_used_total 0 1749562393357
nodejs_heap_large_object_space_total 13008896 1749562393357
nodejs_heap_large_object_space_used_total 12857536 1749562393357
nodejs_heap_code_large_object_space_total 167936 1749562393357
nodejs_heap_code_large_object_space_used_total 151488 1749562393357
nodejs_heap_shared_large_object_space_total 0 1749562393357
nodejs_heap_shared_large_object_space_used_total 0 1749562393357
nodejs_heap_trusted_large_object_space_total 0 1749562393357
nodejs_heap_trusted_large_object_space_used_total 0 1749562393357

