2025-06-10T13:14:07.989Z|23211957d12ebb03|/[0:0:0:0:0:0:0:1]:39838|jfac@01jxczkt322jg01c76hase12yj|--UNA|com.jfrog.jfconfig.v1.import.config.PlatformConfigBackupResource/IsMigrationDone|0|-1|-1|59|grpc-java-netty/1.66.0
2025-06-10T13:14:08.044Z|7dcef6ea4a827dae|/[0:0:0:0:0:0:0:1]:39838|jfac@01jxczkt322jg01c76hase12yj|--UNA|com.jfrog.access.v1.config.PlatformConfigResource/GetConfig|0|-1|-1|44|grpc-java-netty/1.66.0
2025-06-10T13:14:08.057Z|66dfad0cea0e2c65|/[0:0:0:0:0:0:0:1]:39838|jfac@01jxczkt322jg01c76hase12yj|--UNA|com.jfrog.access.v1.config.PlatformConfigResource/GetConfig|0|-1|-1|8|grpc-java-netty/1.66.0
2025-06-10T13:14:08.070Z|3f9c5b2395a98b3b|/[0:0:0:0:0:0:0:1]:39838|jfac@01jxczkt322jg01c76hase12yj|--UNA|com.jfrog.access.v1.config.PlatformConfigResource/GetConfig|0|-1|-1|5|grpc-java-netty/1.66.0
2025-06-10T13:14:08.458Z|0815ac68bfaf1e60|/[0:0:0:0:0:0:0:1]:39838|jfrt@01jxczkwnw56fw0bfx62g8008g|--UNA|com.jfrog.access.v1.config.PlatformConfigResource/GetConfig|0|-1|-1|44|grpc-java-netty/1.71.0
2025-06-10T13:14:08.732Z|6f80f011f0dbf0f8|/[0:0:0:0:0:0:0:1]:39838|jfrt@01jxczkwnw56fw0bfx62g8008g|--UNA|com.jfrog.access.v1.config.PlatformConfigResource/GetConfig|0|-1|-1|7|grpc-java-netty/1.71.0
2025-06-10T13:14:08.747Z|4dc7bb76ef71510a|/[0:0:0:0:0:0:0:1]:39838|jfrt@01jxczkwnw56fw0bfx62g8008g|--UNA|com.jfrog.access.v1.config.PlatformConfigResource/GetConfig|0|-1|-1|7|grpc-java-netty/1.71.0
2025-06-10T13:14:08.760Z|5abfab223189b362|0:0:0:0:0:0:0:1|anonymous|GET|/jfconfig/api/v1/system/readiness|200|28|-1|49|JFrog-Router/7.165.3-1
2025-06-10T13:14:08.775Z|533b278c22356359|/[0:0:0:0:0:0:0:1]:39838|jfac@01jxczkt322jg01c76hase12yj|--UNA|com.jfrog.access.v1.config.PlatformConfigResource/GetConfig|0|-1|-1|9|grpc-java-netty/1.66.0
2025-06-10T13:14:08.796Z|542694abc3005366|/[0:0:0:0:0:0:0:1]:39838|jfac@01jxczkt322jg01c76hase12yj|--UNA|com.jfrog.access.v1.config.PlatformConfigResource/GetConfig|0|-1|-1|9|grpc-java-netty/1.66.0
2025-06-10T13:14:08.893Z|7a1f5594c5494ba5|/[0:0:0:0:0:0:0:1]:39838|jfrt@01jxczkwnw56fw0bfx62g8008g|--UNA|com.jfrog.access.v1.config.PlatformConfigResource/SetConfig|0|-1|-1|138|grpc-java-netty/1.71.0
2025-06-10T13:14:09.204Z|31eae580bc675063|/[0:0:0:0:0:0:0:1]:39838|jfrt@01jxczkwnw56fw0bfx62g8008g|--UNA|com.jfrog.access.v1.config.PlatformConfigResource/GetConfig|0|-1|-1|5|grpc-java-netty/1.71.0
2025-06-10T13:14:09.215Z|2f8f41b957a5b650|/[0:0:0:0:0:0:0:1]:39838|jfrt@01jxczkwnw56fw0bfx62g8008g|--UNA|com.jfrog.access.v1.config.PlatformConfigResource/GetConfig|0|-1|-1|6|grpc-java-netty/1.71.0
2025-06-10T13:14:09.234Z|74365c4747c43acf|/[0:0:0:0:0:0:0:1]:39838|jfac@01jxczkt322jg01c76hase12yj|--UNA|com.jfrog.access.v1.config.PlatformConfigResource/GetConfig|0|-1|-1|6|grpc-java-netty/1.66.0
2025-06-10T13:14:09.245Z|07d9008385a0e4c1|/[0:0:0:0:0:0:0:1]:39838|jfrt@01jxczkwnw56fw0bfx62g8008g|--UNA|com.jfrog.access.v1.config.PlatformConfigResource/SetConfig|0|-1|-1|25|grpc-java-netty/1.71.0
2025-06-10T13:14:09.248Z|71db9aef3f8534f9|/[0:0:0:0:0:0:0:1]:39838|jfac@01jxczkt322jg01c76hase12yj|--UNA|com.jfrog.access.v1.config.PlatformConfigResource/GetConfig|0|-1|-1|7|grpc-java-netty/1.66.0
2025-06-10T13:14:09.383Z|399aac75312d09ce|/[0:0:0:0:0:0:0:1]:39838|jfrt@01jxczkwnw56fw0bfx62g8008g|--UNA|com.jfrog.access.v1.config.PlatformConfigResource/GetConfigByPattern|0|-1|-1|13|grpc-java-netty/1.71.0
2025-06-10T13:14:09.922Z|01f1302a9b2289a0|/[0:0:0:0:0:0:0:1]:39838|jfrt@01jxczkwnw56fw0bfx62g8008g|--UNA|com.jfrog.access.v1.config.PlatformConfigResource/GetConfig|0|-1|-1|10|grpc-java-netty/1.71.0
2025-06-10T13:14:09.958Z|01f1302a9b2289a0|/[0:0:0:0:0:0:0:1]:39838|jfrt@01jxczkwnw56fw0bfx62g8008g|--UNA|com.jfrog.access.v1.config.PlatformConfigResource/GetConfig|0|-1|-1|6|grpc-java-netty/1.71.0
2025-06-10T13:14:09.968Z|01f1302a9b2289a0|/[0:0:0:0:0:0:0:1]:39838|jfrt@01jxczkwnw56fw0bfx62g8008g|--UNA|com.jfrog.access.v1.config.PlatformConfigResource/GetConfig|0|-1|-1|6|grpc-java-netty/1.71.0
2025-06-10T13:14:11.877Z|1b469a08b6e5f81a|0:0:0:0:0:0:0:1|anonymous|GET|/jfconfig/api/v1/system/readiness|200|28|-1|3|JFrog-Router/7.165.3-1
2025-06-10T13:14:16.885Z|2bcf595a1fb52954|0:0:0:0:0:0:0:1|anonymous|GET|/jfconfig/api/v1/system/readiness|200|28|-1|8|JFrog-Router/7.165.3-1
2025-06-10T13:14:21.886Z|51166712165ab9d7|0:0:0:0:0:0:0:1|anonymous|GET|/jfconfig/api/v1/system/readiness|200|28|-1|4|JFrog-Router/7.165.3-1
2025-06-10T13:14:26.886Z|1c50a752f98cde1f|0:0:0:0:0:0:0:1|anonymous|GET|/jfconfig/api/v1/system/readiness|200|28|-1|4|JFrog-Router/7.165.3-1
2025-06-10T13:14:31.887Z|433dd68a3a4a50ce|0:0:0:0:0:0:0:1|anonymous|GET|/jfconfig/api/v1/system/readiness|200|28|-1|4|JFrog-Router/7.165.3-1
2025-06-10T13:14:36.561Z|5a7e9c741b542fdf|/[0:0:0:0:0:0:0:1]:39838|jfac@01jxczkt322jg01c76hase12yj|--UNA|com.jfrog.access.v1.config.PlatformConfigResource/GetConfig|0|-1|-1|11|grpc-java-netty/1.66.0
2025-06-10T13:14:36.627Z|026f80e130584656|/[0:0:0:0:0:0:0:1]:39838|jfac@01jxczkt322jg01c76hase12yj|--UNA|com.jfrog.access.v1.config.PlatformConfigResource/GetConfig|0|-1|-1|10|grpc-java-netty/1.66.0
2025-06-10T13:14:36.646Z|74006208545c460c|/[0:0:0:0:0:0:0:1]:39838|jfac@01jxczkt322jg01c76hase12yj|--UNA|com.jfrog.access.v1.config.PlatformConfigResource/GetConfig|0|-1|-1|13|grpc-java-netty/1.66.0
2025-06-10T13:14:36.848Z|0cf3ed5e45d3a2af|/[0:0:0:0:0:0:0:1]:39838|jfrt@01jxczkwnw56fw0bfx62g8008g|--UNA|com.jfrog.access.v1.config.PlatformConfigResource/GetConfig|0|-1|-1|6|grpc-java-netty/1.71.0
2025-06-10T13:14:36.858Z|0cf3ed5e45d3a2af|/[0:0:0:0:0:0:0:1]:39838|jfrt@01jxczkwnw56fw0bfx62g8008g|--UNA|com.jfrog.access.v1.config.PlatformConfigResource/GetConfig|0|-1|-1|6|grpc-java-netty/1.71.0
2025-06-10T13:14:36.882Z|082b7234bee96fdf|0:0:0:0:0:0:0:1|anonymous|GET|/jfconfig/api/v1/system/readiness|200|28|-1|1|JFrog-Router/7.165.3-1
2025-06-10T13:14:37.101Z|5fa8496dfc014720|/[0:0:0:0:0:0:0:1]:39838|jfac@01jxczkt322jg01c76hase12yj|--UNA|com.jfrog.access.v1.config.PlatformConfigResource/GetConfig|0|-1|-1|7|grpc-java-netty/1.66.0
2025-06-10T13:14:37.155Z|2ba5f280b92d88a4|/[0:0:0:0:0:0:0:1]:39838|jfac@01jxczkt322jg01c76hase12yj|--UNA|com.jfrog.access.v1.config.PlatformConfigResource/GetConfig|0|-1|-1|8|grpc-java-netty/1.66.0
2025-06-10T13:14:37.261Z|5b77d3bfe26c186d|/[0:0:0:0:0:0:0:1]:39838|jffe@01jxczkt322jg01c76hase12yj|--UNA|com.jfrog.access.v1.config.PlatformConfigResource/GetConfig|0|-1|-1|6|grpc-node-js/1.12.5
2025-06-10T13:14:37.295Z|2097a725b0234555|/[0:0:0:0:0:0:0:1]:39838|jfac@01jxczkt322jg01c76hase12yj|--UNA|com.jfrog.access.v1.config.PlatformConfigResource/GetConfig|0|-1|-1|5|grpc-java-netty/1.66.0
2025-06-10T13:14:37.295Z|3572b09ab6a90fcc|/[0:0:0:0:0:0:0:1]:39838|jfac@01jxczkt322jg01c76hase12yj|--UNA|com.jfrog.access.v1.config.PlatformConfigResource/GetConfig|0|-1|-1|5|grpc-java-netty/1.66.0
2025-06-10T13:14:37.303Z|1f48a76d6871e71f|/[0:0:0:0:0:0:0:1]:39838|jfac@01jxczkt322jg01c76hase12yj|--SST|com.jfrog.access.v1.config.PlatformConfigResource/GetConfigByPatternStream|0|-1|-1|4|grpc-java-netty/1.66.0
2025-06-10T13:14:37.304Z|5802d6c0d8b07cb6|/[0:0:0:0:0:0:0:1]:39838|jfac@01jxczkt322jg01c76hase12yj|--UNA|com.jfrog.access.v1.config.PlatformConfigResource/GetConfig|0|-1|-1|6|grpc-java-netty/1.66.0
2025-06-10T13:14:37.311Z|7a09da531804436d|/[0:0:0:0:0:0:0:1]:39838|jfac@01jxczkt322jg01c76hase12yj|--SST|com.jfrog.access.v1.config.PlatformConfigResource/GetConfigByPatternStream|0|-1|-1|5|grpc-java-netty/1.66.0
2025-06-10T13:14:37.311Z|33e86e74109a91be|/[0:0:0:0:0:0:0:1]:39838|jfac@01jxczkt322jg01c76hase12yj|--UNA|com.jfrog.access.v1.config.PlatformConfigResource/GetConfig|0|-1|-1|4|grpc-java-netty/1.66.0
2025-06-10T13:14:37.320Z|74e5cb441dab5f87|/[0:0:0:0:0:0:0:1]:39838|jfac@01jxczkt322jg01c76hase12yj|--UNA|com.jfrog.access.v1.config.PlatformConfigResource/GetConfig|0|-1|-1|6|grpc-java-netty/1.66.0
2025-06-10T13:14:37.329Z|02881c7fd0c5a8e3|/[0:0:0:0:0:0:0:1]:39838|jfac@01jxczkt322jg01c76hase12yj|--UNA|com.jfrog.access.v1.config.PlatformConfigResource/SetConfig|0|-1|-1|15|grpc-java-netty/1.66.0
2025-06-10T13:14:37.330Z|1bba4631fd93b8a3|/[0:0:0:0:0:0:0:1]:39838|jfac@01jxczkt322jg01c76hase12yj|--SST|com.jfrog.access.v1.config.PlatformConfigResource/GetConfigByPatternStream|0|-1|-1|6|grpc-java-netty/1.66.0
2025-06-10T13:14:37.337Z|3f8c3d0ebf87cab9|/[0:0:0:0:0:0:0:1]:39838|jfac@01jxczkt322jg01c76hase12yj|--UNA|com.jfrog.access.v1.config.PlatformConfigResource/GetConfig|0|-1|-1|5|grpc-java-netty/1.66.0
2025-06-10T13:14:37.337Z|7ec893dee3f82c57|/[0:0:0:0:0:0:0:1]:39838|jfac@01jxczkt322jg01c76hase12yj|--UNA|com.jfrog.access.v1.config.PlatformConfigResource/GetConfig|0|-1|-1|5|grpc-java-netty/1.66.0
2025-06-10T13:14:37.354Z|5708643b15a79767|/[0:0:0:0:0:0:0:1]:39838|jfac@01jxczkt322jg01c76hase12yj|--UNA|com.jfrog.access.v1.config.PlatformConfigResource/SetConfig|0|-1|-1|15|grpc-java-netty/1.66.0
2025-06-10T13:14:37.364Z|28f8e4f4e45cd4c9|/[0:0:0:0:0:0:0:1]:39838|jfac@01jxczkt322jg01c76hase12yj|--UNA|com.jfrog.access.v1.config.PlatformConfigResource/GetConfig|0|-1|-1|6|grpc-java-netty/1.66.0
2025-06-10T13:14:41.900Z|25713d0aa891ffc3|0:0:0:0:0:0:0:1|anonymous|GET|/jfconfig/api/v1/system/readiness|200|28|-1|13|JFrog-Router/7.165.3-1
2025-06-10T13:14:46.887Z|0a03f84b2df0ce5f|0:0:0:0:0:0:0:1|anonymous|GET|/jfconfig/api/v1/system/readiness|200|28|-1|3|JFrog-Router/7.165.3-1
2025-06-10T13:14:51.892Z|1a5ab98708deffc7|0:0:0:0:0:0:0:1|anonymous|GET|/jfconfig/api/v1/system/readiness|200|28|-1|5|JFrog-Router/7.165.3-1
2025-06-10T13:14:56.896Z|180dd604051ddaca|0:0:0:0:0:0:0:1|anonymous|GET|/jfconfig/api/v1/system/readiness|200|28|-1|6|JFrog-Router/7.165.3-1
2025-06-10T13:15:01.891Z|715a0017be6c59c5|0:0:0:0:0:0:0:1|anonymous|GET|/jfconfig/api/v1/system/readiness|200|28|-1|3|JFrog-Router/7.165.3-1
2025-06-10T13:15:06.894Z|3e19242163413f53|0:0:0:0:0:0:0:1|anonymous|GET|/jfconfig/api/v1/system/readiness|200|28|-1|6|JFrog-Router/7.165.3-1
2025-06-10T13:15:09.490Z|6a039b7c5ba054c3|/[0:0:0:0:0:0:0:1]:39838|jfob@01jxczkwnw56fw0bfx62g8008g|--UNA|com.jfrog.access.v1.config.PlatformConfigResource/GetConfig|0|-1|-1|24|JFrog Access Go Client/v7.105.0 JFrog Observability/2.2.5 32a7df0e03 grpc-go/1.69.2
2025-06-10T13:15:09.490Z|6a039b7c5ba054c3|/[0:0:0:0:0:0:0:1]:39838|jfob@01jxczkwnw56fw0bfx62g8008g|--UNA|com.jfrog.access.v1.config.PlatformConfigResource/GetConfig|0|-1|-1|24|JFrog Access Go Client/v7.105.0 JFrog Observability/2.2.5 32a7df0e03 grpc-go/1.69.2
2025-06-10T13:15:11.894Z|1cf789d0e56cdac1|0:0:0:0:0:0:0:1|anonymous|GET|/jfconfig/api/v1/system/readiness|200|28|-1|3|JFrog-Router/7.165.3-1
2025-06-10T13:15:16.902Z|689bed4f2f6e1d6f|0:0:0:0:0:0:0:1|anonymous|GET|/jfconfig/api/v1/system/readiness|200|28|-1|11|JFrog-Router/7.165.3-1
2025-06-10T13:15:21.897Z|29d37444e375f1e5|0:0:0:0:0:0:0:1|anonymous|GET|/jfconfig/api/v1/system/readiness|200|28|-1|5|JFrog-Router/7.165.3-1
2025-06-10T13:15:26.900Z|28419b96c1086a0b|0:0:0:0:0:0:0:1|anonymous|GET|/jfconfig/api/v1/system/readiness|200|28|-1|4|JFrog-Router/7.165.3-1
2025-06-10T13:15:31.901Z|48b6beb7c41fc41f|0:0:0:0:0:0:0:1|anonymous|GET|/jfconfig/api/v1/system/readiness|200|28|-1|3|JFrog-Router/7.165.3-1
2025-06-10T13:15:36.905Z|5d2d75b0a3a04414|0:0:0:0:0:0:0:1|anonymous|GET|/jfconfig/api/v1/system/readiness|200|28|-1|4|JFrog-Router/7.165.3-1
2025-06-10T13:15:41.916Z|62ffd9a6df397023|0:0:0:0:0:0:0:1|anonymous|GET|/jfconfig/api/v1/system/readiness|200|28|-1|15|JFrog-Router/7.165.3-1
2025-06-10T13:15:46.906Z|298deee644515b41|0:0:0:0:0:0:0:1|anonymous|GET|/jfconfig/api/v1/system/readiness|200|28|-1|7|JFrog-Router/7.165.3-1
2025-06-10T13:15:51.904Z|040099ac0cdde72d|0:0:0:0:0:0:0:1|anonymous|GET|/jfconfig/api/v1/system/readiness|200|28|-1|4|JFrog-Router/7.165.3-1
2025-06-10T13:15:56.908Z|633cae2c19c4cd5a|0:0:0:0:0:0:0:1|anonymous|GET|/jfconfig/api/v1/system/readiness|200|28|-1|6|JFrog-Router/7.165.3-1
2025-06-10T13:16:01.918Z|63bfd77053c092f3|0:0:0:0:0:0:0:1|anonymous|GET|/jfconfig/api/v1/system/readiness|200|28|-1|4|JFrog-Router/7.165.3-1
2025-06-10T13:16:06.916Z|72dc660725afa48e|0:0:0:0:0:0:0:1|anonymous|GET|/jfconfig/api/v1/system/readiness|200|28|-1|5|JFrog-Router/7.165.3-1
2025-06-10T13:16:09.403Z|6a039b7c5ba054c3|/[0:0:0:0:0:0:0:1]:39838|jfob@01jxczkwnw56fw0bfx62g8008g|--UNA|com.jfrog.access.v1.config.PlatformConfigResource/GetConfig|0|-1|-1|16|JFrog Access Go Client/v7.105.0 JFrog Observability/2.2.5 32a7df0e03 grpc-go/1.69.2
2025-06-10T13:16:09.403Z|6a039b7c5ba054c3|/[0:0:0:0:0:0:0:1]:39838|jfob@01jxczkwnw56fw0bfx62g8008g|--UNA|com.jfrog.access.v1.config.PlatformConfigResource/GetConfig|0|-1|-1|17|JFrog Access Go Client/v7.105.0 JFrog Observability/2.2.5 32a7df0e03 grpc-go/1.69.2
2025-06-10T13:16:11.916Z|0b4a381347870123|0:0:0:0:0:0:0:1|anonymous|GET|/jfconfig/api/v1/system/readiness|200|28|-1|4|JFrog-Router/7.165.3-1
2025-06-10T13:16:16.923Z|00ed979faea06ef1|0:0:0:0:0:0:0:1|anonymous|GET|/jfconfig/api/v1/system/readiness|200|28|-1|10|JFrog-Router/7.165.3-1
2025-06-10T13:16:21.921Z|2ef0fcb38468dd9a|0:0:0:0:0:0:0:1|anonymous|GET|/jfconfig/api/v1/system/readiness|200|28|-1|2|JFrog-Router/7.165.3-1
2025-06-10T13:16:26.926Z|0917f6c7c2e2461e|0:0:0:0:0:0:0:1|anonymous|GET|/jfconfig/api/v1/system/readiness|200|28|-1|4|JFrog-Router/7.165.3-1
2025-06-10T13:16:31.924Z|0d2bc25335806cad|0:0:0:0:0:0:0:1|anonymous|GET|/jfconfig/api/v1/system/readiness|200|28|-1|3|JFrog-Router/7.165.3-1
2025-06-10T13:16:36.928Z|1f2be23a92251da9|0:0:0:0:0:0:0:1|anonymous|GET|/jfconfig/api/v1/system/readiness|200|28|-1|5|JFrog-Router/7.165.3-1
2025-06-10T13:16:41.923Z|4d68b7304df205fb|0:0:0:0:0:0:0:1|anonymous|GET|/jfconfig/api/v1/system/readiness|200|28|-1|2|JFrog-Router/7.165.3-1
2025-06-10T13:16:46.937Z|0b921a4e6ddaafe1|0:0:0:0:0:0:0:1|anonymous|GET|/jfconfig/api/v1/system/readiness|200|28|-1|10|JFrog-Router/7.165.3-1
2025-06-10T13:16:51.933Z|3dae136116749db9|0:0:0:0:0:0:0:1|anonymous|GET|/jfconfig/api/v1/system/readiness|200|28|-1|5|JFrog-Router/7.165.3-1
2025-06-10T13:16:56.934Z|385256d49dc117da|0:0:0:0:0:0:0:1|anonymous|GET|/jfconfig/api/v1/system/readiness|200|28|-1|4|JFrog-Router/7.165.3-1
2025-06-10T13:17:01.934Z|62862c0592cf3489|0:0:0:0:0:0:0:1|anonymous|GET|/jfconfig/api/v1/system/readiness|200|28|-1|4|JFrog-Router/7.165.3-1
2025-06-10T13:17:06.935Z|6df2adfc855827c5|0:0:0:0:0:0:0:1|anonymous|GET|/jfconfig/api/v1/system/readiness|200|28|-1|3|JFrog-Router/7.165.3-1
2025-06-10T13:17:11.937Z|3ebe87329002475f|0:0:0:0:0:0:0:1|anonymous|GET|/jfconfig/api/v1/system/readiness|200|28|-1|4|JFrog-Router/7.165.3-1
2025-06-10T13:17:16.944Z|287b861a85a70e55|0:0:0:0:0:0:0:1|anonymous|GET|/jfconfig/api/v1/system/readiness|200|28|-1|9|JFrog-Router/7.165.3-1
2025-06-10T13:17:21.940Z|2c33bd853c19835f|0:0:0:0:0:0:0:1|anonymous|GET|/jfconfig/api/v1/system/readiness|200|28|-1|4|JFrog-Router/7.165.3-1
2025-06-10T13:17:26.944Z|338d206d4b82c253|0:0:0:0:0:0:0:1|anonymous|GET|/jfconfig/api/v1/system/readiness|200|28|-1|5|JFrog-Router/7.165.3-1
2025-06-10T13:17:31.946Z|4ecd972010f94f0e|0:0:0:0:0:0:0:1|anonymous|GET|/jfconfig/api/v1/system/readiness|200|28|-1|6|JFrog-Router/7.165.3-1
2025-06-10T13:17:36.944Z|6f400012a63143b1|0:0:0:0:0:0:0:1|anonymous|GET|/jfconfig/api/v1/system/readiness|200|28|-1|4|JFrog-Router/7.165.3-1
2025-06-10T13:17:41.946Z|766cb0ad92af446f|0:0:0:0:0:0:0:1|anonymous|GET|/jfconfig/api/v1/system/readiness|200|28|-1|4|JFrog-Router/7.165.3-1
2025-06-10T13:17:46.954Z|2b0b710a315494bd|0:0:0:0:0:0:0:1|anonymous|GET|/jfconfig/api/v1/system/readiness|200|28|-1|7|JFrog-Router/7.165.3-1
2025-06-10T13:17:51.951Z|700c3a86bd29565f|0:0:0:0:0:0:0:1|anonymous|GET|/jfconfig/api/v1/system/readiness|200|28|-1|4|JFrog-Router/7.165.3-1
2025-06-10T13:17:56.950Z|00a315c3003fa809|0:0:0:0:0:0:0:1|anonymous|GET|/jfconfig/api/v1/system/readiness|200|28|-1|4|JFrog-Router/7.165.3-1
2025-06-10T13:18:01.951Z|14785c0d797f20d1|0:0:0:0:0:0:0:1|anonymous|GET|/jfconfig/api/v1/system/readiness|200|28|-1|4|JFrog-Router/7.165.3-1
2025-06-10T13:18:06.953Z|5b8db07d3d22ad49|0:0:0:0:0:0:0:1|anonymous|GET|/jfconfig/api/v1/system/readiness|200|28|-1|4|JFrog-Router/7.165.3-1
2025-06-10T13:18:11.955Z|0bed5b23d632f86b|0:0:0:0:0:0:0:1|anonymous|GET|/jfconfig/api/v1/system/readiness|200|28|-1|3|JFrog-Router/7.165.3-1
2025-06-10T13:18:16.960Z|710d3cb7ded26d76|0:0:0:0:0:0:0:1|anonymous|GET|/jfconfig/api/v1/system/readiness|200|28|-1|8|JFrog-Router/7.165.3-1
2025-06-10T13:18:21.952Z|50f3560b2f02130d|0:0:0:0:0:0:0:1|anonymous|GET|/jfconfig/api/v1/system/readiness|200|28|-1|2|JFrog-Router/7.165.3-1
2025-06-10T13:18:26.954Z|25691898e90d9409|0:0:0:0:0:0:0:1|anonymous|GET|/jfconfig/api/v1/system/readiness|200|28|-1|3|JFrog-Router/7.165.3-1
2025-06-10T13:18:31.955Z|6278836dc48a6ee2|0:0:0:0:0:0:0:1|anonymous|GET|/jfconfig/api/v1/system/readiness|200|28|-1|3|JFrog-Router/7.165.3-1
2025-06-10T13:18:36.956Z|74c993005ba9d9f4|0:0:0:0:0:0:0:1|anonymous|GET|/jfconfig/api/v1/system/readiness|200|28|-1|2|JFrog-Router/7.165.3-1
2025-06-10T13:18:41.963Z|1620ffac010cafc3|0:0:0:0:0:0:0:1|anonymous|GET|/jfconfig/api/v1/system/readiness|200|28|-1|5|JFrog-Router/7.165.3-1
2025-06-10T13:18:46.966Z|2ba0c42c18e90078|0:0:0:0:0:0:0:1|anonymous|GET|/jfconfig/api/v1/system/readiness|200|28|-1|10|JFrog-Router/7.165.3-1
2025-06-10T13:18:51.963Z|27f1d4967ce592a7|0:0:0:0:0:0:0:1|anonymous|GET|/jfconfig/api/v1/system/readiness|200|28|-1|4|JFrog-Router/7.165.3-1
2025-06-10T13:18:56.964Z|594c35b4cbb43346|0:0:0:0:0:0:0:1|anonymous|GET|/jfconfig/api/v1/system/readiness|200|28|-1|5|JFrog-Router/7.165.3-1
2025-06-10T13:19:01.965Z|14c0fc13a2b0f294|0:0:0:0:0:0:0:1|anonymous|GET|/jfconfig/api/v1/system/readiness|200|28|-1|4|JFrog-Router/7.165.3-1
2025-06-10T13:19:06.962Z|664d3a02ff758a14|0:0:0:0:0:0:0:1|anonymous|GET|/jfconfig/api/v1/system/readiness|200|28|-1|1|JFrog-Router/7.165.3-1
2025-06-10T13:19:11.970Z|48cd0018eb866db8|0:0:0:0:0:0:0:1|anonymous|GET|/jfconfig/api/v1/system/readiness|200|28|-1|4|JFrog-Router/7.165.3-1
2025-06-10T13:19:16.968Z|6b92edd0897e371a|0:0:0:0:0:0:0:1|anonymous|GET|/jfconfig/api/v1/system/readiness|200|28|-1|2|JFrog-Router/7.165.3-1
2025-06-10T13:19:21.975Z|2be15b758f5a6eed|0:0:0:0:0:0:0:1|anonymous|GET|/jfconfig/api/v1/system/readiness|200|28|-1|3|JFrog-Router/7.165.3-1
2025-06-10T13:19:26.975Z|4b69c2f94f603edc|0:0:0:0:0:0:0:1|anonymous|GET|/jfconfig/api/v1/system/readiness|200|28|-1|2|JFrog-Router/7.165.3-1
2025-06-10T13:19:31.979Z|5b9cc677d043b003|0:0:0:0:0:0:0:1|anonymous|GET|/jfconfig/api/v1/system/readiness|200|28|-1|4|JFrog-Router/7.165.3-1
2025-06-10T13:19:36.976Z|57ee385c9dfc8494|0:0:0:0:0:0:0:1|anonymous|GET|/jfconfig/api/v1/system/readiness|200|28|-1|2|JFrog-Router/7.165.3-1
2025-06-10T13:19:41.982Z|71c1039d68394e0a|0:0:0:0:0:0:0:1|anonymous|GET|/jfconfig/api/v1/system/readiness|200|28|-1|4|JFrog-Router/7.165.3-1
2025-06-10T13:19:46.980Z|0c5025498b4ad1d9|0:0:0:0:0:0:0:1|anonymous|GET|/jfconfig/api/v1/system/readiness|200|28|-1|4|JFrog-Router/7.165.3-1
2025-06-10T13:19:51.983Z|5576f65b22661f81|0:0:0:0:0:0:0:1|anonymous|GET|/jfconfig/api/v1/system/readiness|200|28|-1|4|JFrog-Router/7.165.3-1
2025-06-10T13:19:56.986Z|4a74676789524f94|0:0:0:0:0:0:0:1|anonymous|GET|/jfconfig/api/v1/system/readiness|200|28|-1|5|JFrog-Router/7.165.3-1
2025-06-10T13:20:01.987Z|06dae0f78421d571|0:0:0:0:0:0:0:1|anonymous|GET|/jfconfig/api/v1/system/readiness|200|28|-1|4|JFrog-Router/7.165.3-1
2025-06-10T13:20:06.989Z|3ccb868826d1cad7|0:0:0:0:0:0:0:1|anonymous|GET|/jfconfig/api/v1/system/readiness|200|28|-1|5|JFrog-Router/7.165.3-1
2025-06-10T13:20:11.987Z|385a015bcce24d26|0:0:0:0:0:0:0:1|anonymous|GET|/jfconfig/api/v1/system/readiness|200|28|-1|4|JFrog-Router/7.165.3-1
2025-06-10T13:20:16.997Z|18c8aea56e22ef7e|0:0:0:0:0:0:0:1|anonymous|GET|/jfconfig/api/v1/system/readiness|200|28|-1|10|JFrog-Router/7.165.3-1
2025-06-10T13:20:21.992Z|05eba63be72ffe53|0:0:0:0:0:0:0:1|anonymous|GET|/jfconfig/api/v1/system/readiness|200|28|-1|4|JFrog-Router/7.165.3-1
2025-06-10T13:20:26.991Z|3b514dfe777aaa1d|0:0:0:0:0:0:0:1|anonymous|GET|/jfconfig/api/v1/system/readiness|200|28|-1|4|JFrog-Router/7.165.3-1
2025-06-10T13:20:31.991Z|6aaa647b5b9e3192|0:0:0:0:0:0:0:1|anonymous|GET|/jfconfig/api/v1/system/readiness|200|28|-1|4|JFrog-Router/7.165.3-1
2025-06-10T13:20:36.993Z|6f606b59ca419772|0:0:0:0:0:0:0:1|anonymous|GET|/jfconfig/api/v1/system/readiness|200|28|-1|5|JFrog-Router/7.165.3-1
2025-06-10T13:20:41.993Z|31884ebc8bdea918|0:0:0:0:0:0:0:1|anonymous|GET|/jfconfig/api/v1/system/readiness|200|28|-1|5|JFrog-Router/7.165.3-1
2025-06-10T13:20:46.990Z|1366f6b26de2335e|0:0:0:0:0:0:0:1|anonymous|GET|/jfconfig/api/v1/system/readiness|200|28|-1|2|JFrog-Router/7.165.3-1
2025-06-10T13:20:51.999Z|4a9964587faeca6b|0:0:0:0:0:0:0:1|anonymous|GET|/jfconfig/api/v1/system/readiness|200|28|-1|7|JFrog-Router/7.165.3-1
2025-06-10T13:20:56.474Z|20b8004377f3025d|/[0:0:0:0:0:0:0:1]:39838|jfac@01jxczkt322jg01c76hase12yj|--UNA|com.jfrog.access.v1.config.PlatformConfigResource/GetConfig|0|-1|-1|13|grpc-java-netty/1.66.0
2025-06-10T13:20:56.511Z|70a4dea71d1ea8fe|/[0:0:0:0:0:0:0:1]:39838|jfac@01jxczkt322jg01c76hase12yj|--UNA|com.jfrog.access.v1.config.PlatformConfigResource/GetConfig|0|-1|-1|6|grpc-java-netty/1.66.0
2025-06-10T13:20:56.517Z|084423f29b05feef|/[0:0:0:0:0:0:0:1]:39838|jfac@01jxczkt322jg01c76hase12yj|--SST|com.jfrog.access.v1.config.PlatformConfigResource/GetConfigByPatternStream|0|-1|-1|4|grpc-java-netty/1.66.0
2025-06-10T13:20:56.994Z|782cfb056f22a288|0:0:0:0:0:0:0:1|anonymous|GET|/jfconfig/api/v1/system/readiness|200|28|-1|4|JFrog-Router/7.165.3-1
2025-06-10T13:21:02.000Z|470dac8eb12f2d00|0:0:0:0:0:0:0:1|anonymous|GET|/jfconfig/api/v1/system/readiness|200|28|-1|4|JFrog-Router/7.165.3-1
2025-06-10T13:21:06.999Z|58817a6ef926c601|0:0:0:0:0:0:0:1|anonymous|GET|/jfconfig/api/v1/system/readiness|200|28|-1|4|JFrog-Router/7.165.3-1
2025-06-10T13:21:07.133Z|4ce02c5a83cee9bd|/[0:0:0:0:0:0:0:1]:39838|jfac@01jxczkt322jg01c76hase12yj|--UNA|com.jfrog.access.v1.config.PlatformConfigResource/GetConfig|0|-1|-1|5|grpc-java-netty/1.66.0
2025-06-10T13:21:07.163Z|2416f844f02028dd|/[0:0:0:0:0:0:0:1]:39838|jffe@01jxczkt322jg01c76hase12yj|--UNA|com.jfrog.access.v1.config.PlatformConfigResource/GetConfig|0|-1|-1|15|grpc-node-js/1.12.5
2025-06-10T13:21:07.187Z|2416f844f02028dd|/[0:0:0:0:0:0:0:1]:39838|jffe@01jxczkt322jg01c76hase12yj|--UNA|com.jfrog.access.v1.config.PlatformConfigResource/GetConfig|0|-1|-1|5|grpc-node-js/1.12.5
2025-06-10T13:21:07.223Z|7b59b1b4ff18f14d|/[0:0:0:0:0:0:0:1]:39838|jfac@01jxczkt322jg01c76hase12yj|--UNA|com.jfrog.access.v1.config.PlatformConfigResource/GetConfig|0|-1|-1|4|grpc-java-netty/1.66.0
2025-06-10T13:21:07.455Z|584a482a96bbb8df|/[0:0:0:0:0:0:0:1]:39838|jffe@01jxczkt322jg01c76hase12yj|--UNA|com.jfrog.access.v1.config.PlatformConfigResource/GetConfig|0|-1|-1|10|grpc-node-js/1.12.5
2025-06-10T13:21:12.003Z|4d8ff67fbe8b55bc|0:0:0:0:0:0:0:1|anonymous|GET|/jfconfig/api/v1/system/readiness|200|28|-1|5|JFrog-Router/7.165.3-1
2025-06-10T13:21:17.002Z|248614d1305bfd1c|0:0:0:0:0:0:0:1|anonymous|GET|/jfconfig/api/v1/system/readiness|200|28|-1|4|JFrog-Router/7.165.3-1
2025-06-10T13:21:22.006Z|6ad30a5570a4b641|0:0:0:0:0:0:0:1|anonymous|GET|/jfconfig/api/v1/system/readiness|200|28|-1|6|JFrog-Router/7.165.3-1
2025-06-10T13:21:27.006Z|7a6e85911cfd1e22|0:0:0:0:0:0:0:1|anonymous|GET|/jfconfig/api/v1/system/readiness|200|28|-1|4|JFrog-Router/7.165.3-1
2025-06-10T13:21:32.009Z|13c9a46de7e73c85|0:0:0:0:0:0:0:1|anonymous|GET|/jfconfig/api/v1/system/readiness|200|28|-1|6|JFrog-Router/7.165.3-1
2025-06-10T13:21:37.009Z|1d9e9f822ecf63d1|0:0:0:0:0:0:0:1|anonymous|GET|/jfconfig/api/v1/system/readiness|200|28|-1|4|JFrog-Router/7.165.3-1
2025-06-10T13:21:42.005Z|454c5f2aeba667dd|0:0:0:0:0:0:0:1|anonymous|GET|/jfconfig/api/v1/system/readiness|200|28|-1|2|JFrog-Router/7.165.3-1
2025-06-10T13:21:47.011Z|5fb78c196fa86eeb|0:0:0:0:0:0:0:1|anonymous|GET|/jfconfig/api/v1/system/readiness|200|28|-1|4|JFrog-Router/7.165.3-1
2025-06-10T13:21:52.025Z|040ee4ef19b3e10f|0:0:0:0:0:0:0:1|anonymous|GET|/jfconfig/api/v1/system/readiness|200|28|-1|15|JFrog-Router/7.165.3-1
2025-06-10T13:21:57.015Z|3df630849b40712d|0:0:0:0:0:0:0:1|anonymous|GET|/jfconfig/api/v1/system/readiness|200|28|-1|5|JFrog-Router/7.165.3-1
2025-06-10T13:21:57.942Z|73210b213a9c71ca|/[0:0:0:0:0:0:0:1]:39838|jfac@01jxczkt322jg01c76hase12yj|--UNA|com.jfrog.access.v1.config.PlatformConfigResource/GetConfig|0|-1|-1|16|grpc-java-netty/1.66.0
2025-06-10T13:21:57.966Z|7e836946dfd97ae5|/[0:0:0:0:0:0:0:1]:39838|jfac@01jxczkt322jg01c76hase12yj|--UNA|com.jfrog.access.v1.config.PlatformConfigResource/GetConfig|0|-1|-1|9|grpc-java-netty/1.66.0
2025-06-10T13:22:02.015Z|1944d09882bac70e|0:0:0:0:0:0:0:1|anonymous|GET|/jfconfig/api/v1/system/readiness|200|28|-1|3|JFrog-Router/7.165.3-1
2025-06-10T13:22:07.019Z|189958f6b7cafcdd|0:0:0:0:0:0:0:1|anonymous|GET|/jfconfig/api/v1/system/readiness|200|28|-1|5|JFrog-Router/7.165.3-1
2025-06-10T13:22:12.018Z|09b0888f1e3f9bd1|0:0:0:0:0:0:0:1|anonymous|GET|/jfconfig/api/v1/system/readiness|200|28|-1|4|JFrog-Router/7.165.3-1
2025-06-10T13:22:17.018Z|3aa0d7724089b1c9|0:0:0:0:0:0:0:1|anonymous|GET|/jfconfig/api/v1/system/readiness|200|28|-1|4|JFrog-Router/7.165.3-1
2025-06-10T13:22:22.023Z|600c211572491772|0:0:0:0:0:0:0:1|anonymous|GET|/jfconfig/api/v1/system/readiness|200|28|-1|4|JFrog-Router/7.165.3-1
2025-06-10T13:22:27.021Z|35bdf00db6cf305e|0:0:0:0:0:0:0:1|anonymous|GET|/jfconfig/api/v1/system/readiness|200|28|-1|3|JFrog-Router/7.165.3-1
2025-06-10T13:22:32.027Z|769d060d758a79a7|0:0:0:0:0:0:0:1|anonymous|GET|/jfconfig/api/v1/system/readiness|200|28|-1|4|JFrog-Router/7.165.3-1
2025-06-10T13:22:37.028Z|2aaf85600228afb2|0:0:0:0:0:0:0:1|anonymous|GET|/jfconfig/api/v1/system/readiness|200|28|-1|4|JFrog-Router/7.165.3-1
2025-06-10T13:22:42.029Z|2ca27eefa4a6e559|0:0:0:0:0:0:0:1|anonymous|GET|/jfconfig/api/v1/system/readiness|200|28|-1|3|JFrog-Router/7.165.3-1
2025-06-10T13:22:47.034Z|425e828771f84590|0:0:0:0:0:0:0:1|anonymous|GET|/jfconfig/api/v1/system/readiness|200|28|-1|4|JFrog-Router/7.165.3-1
2025-06-10T13:22:47.948Z|556e25f8994a316f|/[0:0:0:0:0:0:0:1]:39838|jfac@01jxczkt322jg01c76hase12yj|--UNA|com.jfrog.access.v1.config.PlatformConfigResource/GetConfig|0|-1|-1|9|grpc-java-netty/1.66.0
2025-06-10T13:22:47.964Z|616c09f78594d583|/[0:0:0:0:0:0:0:1]:39838|jfac@01jxczkt322jg01c76hase12yj|--UNA|com.jfrog.access.v1.config.PlatformConfigResource/GetConfig|0|-1|-1|5|grpc-java-netty/1.66.0
2025-06-10T13:22:52.037Z|2c859c190635b7c5|0:0:0:0:0:0:0:1|anonymous|GET|/jfconfig/api/v1/system/readiness|200|28|-1|4|JFrog-Router/7.165.3-1
2025-06-10T13:22:57.043Z|5a5729e520ab5e49|0:0:0:0:0:0:0:1|anonymous|GET|/jfconfig/api/v1/system/readiness|200|28|-1|10|JFrog-Router/7.165.3-1
2025-06-10T13:23:02.039Z|361850d3e24cf914|0:0:0:0:0:0:0:1|anonymous|GET|/jfconfig/api/v1/system/readiness|200|28|-1|3|JFrog-Router/7.165.3-1
2025-06-10T13:23:07.039Z|68ec5f0bb41aae90|0:0:0:0:0:0:0:1|anonymous|GET|/jfconfig/api/v1/system/readiness|200|28|-1|3|JFrog-Router/7.165.3-1
2025-06-10T13:23:12.044Z|4195bc31d29770c2|0:0:0:0:0:0:0:1|anonymous|GET|/jfconfig/api/v1/system/readiness|200|28|-1|4|JFrog-Router/7.165.3-1
2025-06-10T13:23:17.048Z|7497ac7959abe913|0:0:0:0:0:0:0:1|anonymous|GET|/jfconfig/api/v1/system/readiness|200|28|-1|5|JFrog-Router/7.165.3-1
2025-06-10T13:23:22.046Z|5c8352c039bdbcc2|0:0:0:0:0:0:0:1|anonymous|GET|/jfconfig/api/v1/system/readiness|200|28|-1|4|JFrog-Router/7.165.3-1
2025-06-10T13:23:27.052Z|023e6230700916f7|0:0:0:0:0:0:0:1|anonymous|GET|/jfconfig/api/v1/system/readiness|200|28|-1|9|JFrog-Router/7.165.3-1
2025-06-10T13:23:32.047Z|29141dc37b331ec8|0:0:0:0:0:0:0:1|anonymous|GET|/jfconfig/api/v1/system/readiness|200|28|-1|3|JFrog-Router/7.165.3-1
2025-06-10T13:23:34.411Z|5cbe897bb9696e62|/[0:0:0:0:0:0:0:1]:39838|jfac@01jxczkt322jg01c76hase12yj|--UNA|com.jfrog.access.v1.config.PlatformConfigResource/GetConfig|0|-1|-1|14|grpc-java-netty/1.66.0
2025-06-10T13:23:34.434Z|5be6575c84d9d5bf|/[0:0:0:0:0:0:0:1]:39838|jfac@01jxczkt322jg01c76hase12yj|--UNA|com.jfrog.access.v1.config.PlatformConfigResource/GetConfig|0|-1|-1|9|grpc-java-netty/1.66.0
2025-06-10T13:23:34.607Z|1d007b68e7c44257|/[0:0:0:0:0:0:0:1]:39838|jfac@01jxczkt322jg01c76hase12yj|--UNA|com.jfrog.access.v1.config.PlatformConfigResource/GetConfig|0|-1|-1|8|grpc-java-netty/1.66.0
2025-06-10T13:23:34.631Z|206afd1e7857e301|/[0:0:0:0:0:0:0:1]:39838|jfac@01jxczkt322jg01c76hase12yj|--UNA|com.jfrog.access.v1.config.PlatformConfigResource/GetConfig|0|-1|-1|5|grpc-java-netty/1.66.0
2025-06-10T13:23:34.750Z|3249cddce471ae5b|/[0:0:0:0:0:0:0:1]:39838|jfac@01jxczkt322jg01c76hase12yj|--UNA|com.jfrog.access.v1.config.PlatformConfigResource/GetConfig|0|-1|-1|6|grpc-java-netty/1.66.0
2025-06-10T13:23:34.753Z|06477bd8beb527bf|/[0:0:0:0:0:0:0:1]:39838|jffe@01jxczkt322jg01c76hase12yj|--UNA|com.jfrog.access.v1.config.PlatformConfigResource/GetConfig|0|-1|-1|18|grpc-node-js/1.12.5
2025-06-10T13:23:34.755Z|01481329fce88c79|/[0:0:0:0:0:0:0:1]:39838|jfac@01jxczkt322jg01c76hase12yj|--UNA|com.jfrog.access.v1.config.PlatformConfigResource/GetConfig|0|-1|-1|6|grpc-java-netty/1.66.0
2025-06-10T13:23:34.758Z|12918c6101e03bbd|/[0:0:0:0:0:0:0:1]:39838|jfac@01jxczkt322jg01c76hase12yj|--UNA|com.jfrog.access.v1.config.PlatformConfigResource/GetConfig|0|-1|-1|5|grpc-java-netty/1.66.0
2025-06-10T13:23:34.763Z|500f2f98e8132db6|/[0:0:0:0:0:0:0:1]:39838|jfac@01jxczkt322jg01c76hase12yj|--UNA|com.jfrog.access.v1.config.PlatformConfigResource/GetConfig|0|-1|-1|5|grpc-java-netty/1.66.0
2025-06-10T13:23:34.764Z|6db1bfa8cef8c2c2|/[0:0:0:0:0:0:0:1]:39838|jfac@01jxczkt322jg01c76hase12yj|--SST|com.jfrog.access.v1.config.PlatformConfigResource/GetConfigByPatternStream|0|-1|-1|3|grpc-java-netty/1.66.0
2025-06-10T13:23:34.772Z|58b1eb2f97170a2e|/[0:0:0:0:0:0:0:1]:39838|jfac@01jxczkt322jg01c76hase12yj|--UNA|com.jfrog.access.v1.config.PlatformConfigResource/GetConfig|0|-1|-1|6|grpc-java-netty/1.66.0
2025-06-10T13:23:34.777Z|23a88ab1b15b3074|/[0:0:0:0:0:0:0:1]:39838|jfac@01jxczkt322jg01c76hase12yj|--UNA|com.jfrog.access.v1.config.PlatformConfigResource/GetConfig|0|-1|-1|3|grpc-java-netty/1.66.0
2025-06-10T13:23:37.050Z|68340fb85decc352|0:0:0:0:0:0:0:1|anonymous|GET|/jfconfig/api/v1/system/readiness|200|28|-1|3|JFrog-Router/7.165.3-1
2025-06-10T13:23:42.052Z|4bbee37d7c6755e6|0:0:0:0:0:0:0:1|anonymous|GET|/jfconfig/api/v1/system/readiness|200|28|-1|4|JFrog-Router/7.165.3-1
2025-06-10T13:23:47.055Z|39b4ee3f1f43b786|0:0:0:0:0:0:0:1|anonymous|GET|/jfconfig/api/v1/system/readiness|200|28|-1|4|JFrog-Router/7.165.3-1
2025-06-10T13:23:52.055Z|2ee88a40b043a460|0:0:0:0:0:0:0:1|anonymous|GET|/jfconfig/api/v1/system/readiness|200|28|-1|4|JFrog-Router/7.165.3-1
2025-06-10T13:23:57.058Z|39b05dabca5fed52|0:0:0:0:0:0:0:1|anonymous|GET|/jfconfig/api/v1/system/readiness|200|28|-1|8|JFrog-Router/7.165.3-1
2025-06-10T13:24:02.054Z|5e6323f6af225c63|0:0:0:0:0:0:0:1|anonymous|GET|/jfconfig/api/v1/system/readiness|200|28|-1|3|JFrog-Router/7.165.3-1
2025-06-10T13:24:07.055Z|4b4224a394526fc3|0:0:0:0:0:0:0:1|anonymous|GET|/jfconfig/api/v1/system/readiness|200|28|-1|2|JFrog-Router/7.165.3-1
2025-06-10T13:24:12.063Z|6eb5e82714c61def|0:0:0:0:0:0:0:1|anonymous|GET|/jfconfig/api/v1/system/readiness|200|28|-1|5|JFrog-Router/7.165.3-1
2025-06-10T13:24:17.062Z|41905e63d01b6a7f|0:0:0:0:0:0:0:1|anonymous|GET|/jfconfig/api/v1/system/readiness|200|28|-1|3|JFrog-Router/7.165.3-1
2025-06-10T13:24:20.935Z|7c93f6864259a459|/[0:0:0:0:0:0:0:1]:39838|jfac@01jxczkt322jg01c76hase12yj|--UNA|com.jfrog.access.v1.config.PlatformConfigResource/GetConfig|0|-1|-1|11|grpc-java-netty/1.66.0
2025-06-10T13:24:20.949Z|73a9edbe7894268c|/[0:0:0:0:0:0:0:1]:39838|jfac@01jxczkt322jg01c76hase12yj|--UNA|com.jfrog.access.v1.config.PlatformConfigResource/GetConfig|0|-1|-1|6|grpc-java-netty/1.66.0
2025-06-10T13:24:22.063Z|181f411b770dbec6|0:0:0:0:0:0:0:1|anonymous|GET|/jfconfig/api/v1/system/readiness|200|28|-1|3|JFrog-Router/7.165.3-1
2025-06-10T13:24:27.072Z|091ac0053a0558ce|0:0:0:0:0:0:0:1|anonymous|GET|/jfconfig/api/v1/system/readiness|200|28|-1|10|JFrog-Router/7.165.3-1
2025-06-10T13:24:32.064Z|2f7de23697d4bd85|0:0:0:0:0:0:0:1|anonymous|GET|/jfconfig/api/v1/system/readiness|200|28|-1|2|JFrog-Router/7.165.3-1
2025-06-10T13:24:37.070Z|0d6cb3566e7faa61|0:0:0:0:0:0:0:1|anonymous|GET|/jfconfig/api/v1/system/readiness|200|28|-1|4|JFrog-Router/7.165.3-1
2025-06-10T13:24:42.074Z|3f76ca6c5228b638|0:0:0:0:0:0:0:1|anonymous|GET|/jfconfig/api/v1/system/readiness|200|28|-1|5|JFrog-Router/7.165.3-1
2025-06-10T13:24:47.072Z|20c7478a4d8ea3ec|0:0:0:0:0:0:0:1|anonymous|GET|/jfconfig/api/v1/system/readiness|200|28|-1|4|JFrog-Router/7.165.3-1
2025-06-10T13:24:52.075Z|13fc28b861906341|0:0:0:0:0:0:0:1|anonymous|GET|/jfconfig/api/v1/system/readiness|200|28|-1|4|JFrog-Router/7.165.3-1
2025-06-10T13:24:57.080Z|2df1395d523fc608|0:0:0:0:0:0:0:1|anonymous|GET|/jfconfig/api/v1/system/readiness|200|28|-1|7|JFrog-Router/7.165.3-1
2025-06-10T13:25:02.077Z|29631be92f9a9741|0:0:0:0:0:0:0:1|anonymous|GET|/jfconfig/api/v1/system/readiness|200|28|-1|3|JFrog-Router/7.165.3-1
2025-06-10T13:25:07.077Z|32d9ddd286abbb52|0:0:0:0:0:0:0:1|anonymous|GET|/jfconfig/api/v1/system/readiness|200|28|-1|4|JFrog-Router/7.165.3-1
2025-06-10T13:25:10.944Z|6caf52477a80d3c1|/[0:0:0:0:0:0:0:1]:39838|jfac@01jxczkt322jg01c76hase12yj|--UNA|com.jfrog.access.v1.config.PlatformConfigResource/GetConfig|0|-1|-1|12|grpc-java-netty/1.66.0
2025-06-10T13:25:10.958Z|189728f105d971c8|/[0:0:0:0:0:0:0:1]:39838|jfac@01jxczkt322jg01c76hase12yj|--UNA|com.jfrog.access.v1.config.PlatformConfigResource/GetConfig|0|-1|-1|5|grpc-java-netty/1.66.0
2025-06-10T13:25:12.083Z|2f2d3b69e62bc7fd|0:0:0:0:0:0:0:1|anonymous|GET|/jfconfig/api/v1/system/readiness|200|28|-1|5|JFrog-Router/7.165.3-1
2025-06-10T13:25:17.084Z|57603049bc650405|0:0:0:0:0:0:0:1|anonymous|GET|/jfconfig/api/v1/system/readiness|200|28|-1|4|JFrog-Router/7.165.3-1
2025-06-10T13:25:22.089Z|765aa05daa95ba48|0:0:0:0:0:0:0:1|anonymous|GET|/jfconfig/api/v1/system/readiness|200|28|-1|4|JFrog-Router/7.165.3-1
2025-06-10T13:25:27.095Z|3b10161f59e700c5|0:0:0:0:0:0:0:1|anonymous|GET|/jfconfig/api/v1/system/readiness|200|28|-1|9|JFrog-Router/7.165.3-1
2025-06-10T13:25:32.092Z|13f4a8ca4340f3fa|0:0:0:0:0:0:0:1|anonymous|GET|/jfconfig/api/v1/system/readiness|200|28|-1|3|JFrog-Router/7.165.3-1
2025-06-10T13:25:37.093Z|1efff2aec6a1632d|0:0:0:0:0:0:0:1|anonymous|GET|/jfconfig/api/v1/system/readiness|200|28|-1|3|JFrog-Router/7.165.3-1
2025-06-10T13:25:42.093Z|0ca41d3c89930663|0:0:0:0:0:0:0:1|anonymous|GET|/jfconfig/api/v1/system/readiness|200|28|-1|4|JFrog-Router/7.165.3-1
2025-06-10T13:25:47.098Z|157a6744ed35a2ea|0:0:0:0:0:0:0:1|anonymous|GET|/jfconfig/api/v1/system/readiness|200|28|-1|5|JFrog-Router/7.165.3-1
2025-06-10T13:25:52.096Z|20347849b4b590b1|0:0:0:0:0:0:0:1|anonymous|GET|/jfconfig/api/v1/system/readiness|200|28|-1|3|JFrog-Router/7.165.3-1
2025-06-10T13:25:57.103Z|24e227f98cfceac4|0:0:0:0:0:0:0:1|anonymous|GET|/jfconfig/api/v1/system/readiness|200|28|-1|6|JFrog-Router/7.165.3-1
2025-06-10T13:26:00.953Z|25b58c19763d773a|/[0:0:0:0:0:0:0:1]:39838|jfac@01jxczkt322jg01c76hase12yj|--UNA|com.jfrog.access.v1.config.PlatformConfigResource/GetConfig|0|-1|-1|8|grpc-java-netty/1.66.0
2025-06-10T13:26:00.966Z|440539fe6a0762a9|/[0:0:0:0:0:0:0:1]:39838|jfac@01jxczkt322jg01c76hase12yj|--UNA|com.jfrog.access.v1.config.PlatformConfigResource/GetConfig|0|-1|-1|6|grpc-java-netty/1.66.0
2025-06-10T13:26:02.101Z|040cf42c934aa95f|0:0:0:0:0:0:0:1|anonymous|GET|/jfconfig/api/v1/system/readiness|200|28|-1|3|JFrog-Router/7.165.3-1
2025-06-10T13:26:07.101Z|595c6bc14ede41a5|0:0:0:0:0:0:0:1|anonymous|GET|/jfconfig/api/v1/system/readiness|200|28|-1|3|JFrog-Router/7.165.3-1
2025-06-10T13:26:12.106Z|4c31f8075fefd34f|0:0:0:0:0:0:0:1|anonymous|GET|/jfconfig/api/v1/system/readiness|200|28|-1|5|JFrog-Router/7.165.3-1
2025-06-10T13:26:17.102Z|49d483d1e438f54d|0:0:0:0:0:0:0:1|anonymous|GET|/jfconfig/api/v1/system/readiness|200|28|-1|2|JFrog-Router/7.165.3-1
2025-06-10T13:26:22.107Z|70b48ba254509dab|0:0:0:0:0:0:0:1|anonymous|GET|/jfconfig/api/v1/system/readiness|200|28|-1|3|JFrog-Router/7.165.3-1
2025-06-10T13:26:27.117Z|00ef05cd6ac9805b|0:0:0:0:0:0:0:1|anonymous|GET|/jfconfig/api/v1/system/readiness|200|28|-1|10|JFrog-Router/7.165.3-1
2025-06-10T13:26:32.112Z|1449cafe8b6859c3|0:0:0:0:0:0:0:1|anonymous|GET|/jfconfig/api/v1/system/readiness|200|28|-1|4|JFrog-Router/7.165.3-1
2025-06-10T13:26:37.113Z|1720e675ef850bea|0:0:0:0:0:0:0:1|anonymous|GET|/jfconfig/api/v1/system/readiness|200|28|-1|4|JFrog-Router/7.165.3-1
2025-06-10T13:26:39.937Z|524f8382c4afcaec|/[0:0:0:0:0:0:0:1]:39838|jfac@01jxczkt322jg01c76hase12yj|--UNA|com.jfrog.access.v1.config.PlatformConfigResource/GetConfig|0|-1|-1|9|grpc-java-netty/1.66.0
2025-06-10T13:26:39.949Z|349513e3e06eea6c|/[0:0:0:0:0:0:0:1]:39838|jfac@01jxczkt322jg01c76hase12yj|--UNA|com.jfrog.access.v1.config.PlatformConfigResource/GetConfig|0|-1|-1|5|grpc-java-netty/1.66.0
2025-06-10T13:26:39.958Z|37167d7bdec82fc0|/[0:0:0:0:0:0:0:1]:39838|jfac@01jxczkt322jg01c76hase12yj|--UNA|com.jfrog.access.v1.config.PlatformConfigResource/GetConfig|0|-1|-1|5|grpc-java-netty/1.66.0
2025-06-10T13:26:42.114Z|6d57f6b552451e25|0:0:0:0:0:0:0:1|anonymous|GET|/jfconfig/api/v1/system/readiness|200|28|-1|4|JFrog-Router/7.165.3-1
2025-06-10T13:26:47.113Z|7d00c5de76d510de|0:0:0:0:0:0:0:1|anonymous|GET|/jfconfig/api/v1/system/readiness|200|28|-1|2|JFrog-Router/7.165.3-1
2025-06-10T13:26:52.114Z|52993539649c31d6|0:0:0:0:0:0:0:1|anonymous|GET|/jfconfig/api/v1/system/readiness|200|28|-1|2|JFrog-Router/7.165.3-1
2025-06-10T13:26:57.122Z|3f4387baf975383f|0:0:0:0:0:0:0:1|anonymous|GET|/jfconfig/api/v1/system/readiness|200|28|-1|8|JFrog-Router/7.165.3-1
2025-06-10T13:27:02.118Z|6e4d00345421db0a|0:0:0:0:0:0:0:1|anonymous|GET|/jfconfig/api/v1/system/readiness|200|28|-1|3|JFrog-Router/7.165.3-1
2025-06-10T13:27:07.121Z|59e62aa0bad41602|0:0:0:0:0:0:0:1|anonymous|GET|/jfconfig/api/v1/system/readiness|200|28|-1|4|JFrog-Router/7.165.3-1
2025-06-10T13:27:12.123Z|4144d4b5144f77d1|0:0:0:0:0:0:0:1|anonymous|GET|/jfconfig/api/v1/system/readiness|200|28|-1|4|JFrog-Router/7.165.3-1
2025-06-10T13:27:17.123Z|6337eb3bbbfc66a0|0:0:0:0:0:0:0:1|anonymous|GET|/jfconfig/api/v1/system/readiness|200|28|-1|3|JFrog-Router/7.165.3-1
2025-06-10T13:27:22.124Z|658d05c469a59ec9|0:0:0:0:0:0:0:1|anonymous|GET|/jfconfig/api/v1/system/readiness|200|28|-1|3|JFrog-Router/7.165.3-1
2025-06-10T13:27:27.130Z|7e769f0e5d77b100|0:0:0:0:0:0:0:1|anonymous|GET|/jfconfig/api/v1/system/readiness|200|28|-1|8|JFrog-Router/7.165.3-1
2025-06-10T13:27:32.130Z|61204433a1692d35|0:0:0:0:0:0:0:1|anonymous|GET|/jfconfig/api/v1/system/readiness|200|28|-1|4|JFrog-Router/7.165.3-1
2025-06-10T13:27:37.134Z|2cb3185287e929b0|0:0:0:0:0:0:0:1|anonymous|GET|/jfconfig/api/v1/system/readiness|200|28|-1|4|JFrog-Router/7.165.3-1
2025-06-10T13:27:39.941Z|53aa2b910adbee32|/[0:0:0:0:0:0:0:1]:39838|jfac@01jxczkt322jg01c76hase12yj|--UNA|com.jfrog.access.v1.config.PlatformConfigResource/GetConfig|0|-1|-1|10|grpc-java-netty/1.66.0
2025-06-10T13:27:39.964Z|1ecf2de2989e3689|/[0:0:0:0:0:0:0:1]:39838|jfac@01jxczkt322jg01c76hase12yj|--UNA|com.jfrog.access.v1.config.PlatformConfigResource/GetConfig|0|-1|-1|8|grpc-java-netty/1.66.0
2025-06-10T13:27:42.134Z|40cf65e5bab356ba|0:0:0:0:0:0:0:1|anonymous|GET|/jfconfig/api/v1/system/readiness|200|28|-1|4|JFrog-Router/7.165.3-1
2025-06-10T13:27:47.134Z|38a59779054671d7|0:0:0:0:0:0:0:1|anonymous|GET|/jfconfig/api/v1/system/readiness|200|28|-1|3|JFrog-Router/7.165.3-1
2025-06-10T13:27:52.139Z|5368c84fde585418|0:0:0:0:0:0:0:1|anonymous|GET|/jfconfig/api/v1/system/readiness|200|28|-1|4|JFrog-Router/7.165.3-1
2025-06-10T13:27:57.152Z|66943c8ad59095e3|0:0:0:0:0:0:0:1|anonymous|GET|/jfconfig/api/v1/system/readiness|200|28|-1|11|JFrog-Router/7.165.3-1
2025-06-10T13:28:02.143Z|3bd96a8169ad4862|0:0:0:0:0:0:0:1|anonymous|GET|/jfconfig/api/v1/system/readiness|200|28|-1|3|JFrog-Router/7.165.3-1
2025-06-10T13:28:07.143Z|2e5fbd947b2984cf|0:0:0:0:0:0:0:1|anonymous|GET|/jfconfig/api/v1/system/readiness|200|28|-1|4|JFrog-Router/7.165.3-1
2025-06-10T13:28:12.145Z|551169ba02e720b2|0:0:0:0:0:0:0:1|anonymous|GET|/jfconfig/api/v1/system/readiness|200|28|-1|3|JFrog-Router/7.165.3-1
2025-06-10T13:28:17.150Z|094a2565a5e703fa|0:0:0:0:0:0:0:1|anonymous|GET|/jfconfig/api/v1/system/readiness|200|28|-1|4|JFrog-Router/7.165.3-1
2025-06-10T13:28:22.154Z|230ad513e51f325e|0:0:0:0:0:0:0:1|anonymous|GET|/jfconfig/api/v1/system/readiness|200|28|-1|4|JFrog-Router/7.165.3-1
2025-06-10T13:28:27.160Z|4074f463d8ab02cd|0:0:0:0:0:0:0:1|anonymous|GET|/jfconfig/api/v1/system/readiness|200|28|-1|8|JFrog-Router/7.165.3-1
2025-06-10T13:28:32.158Z|3ffdaf479c74eb77|0:0:0:0:0:0:0:1|anonymous|GET|/jfconfig/api/v1/system/readiness|200|28|-1|3|JFrog-Router/7.165.3-1
2025-06-10T13:28:37.164Z|70875e91eb282e84|0:0:0:0:0:0:0:1|anonymous|GET|/jfconfig/api/v1/system/readiness|200|28|-1|4|JFrog-Router/7.165.3-1
2025-06-10T13:28:39.935Z|6b04f364e8a13bbc|/[0:0:0:0:0:0:0:1]:39838|jfac@01jxczkt322jg01c76hase12yj|--UNA|com.jfrog.access.v1.config.PlatformConfigResource/GetConfig|0|-1|-1|7|grpc-java-netty/1.66.0
2025-06-10T13:28:39.949Z|0e8d081e8cd9f8cd|/[0:0:0:0:0:0:0:1]:39838|jfac@01jxczkt322jg01c76hase12yj|--UNA|com.jfrog.access.v1.config.PlatformConfigResource/GetConfig|0|-1|-1|6|grpc-java-netty/1.66.0
2025-06-10T13:28:42.167Z|03b5ea829d000313|0:0:0:0:0:0:0:1|anonymous|GET|/jfconfig/api/v1/system/readiness|200|28|-1|4|JFrog-Router/7.165.3-1
2025-06-10T13:28:47.169Z|711cf24a049b00a4|0:0:0:0:0:0:0:1|anonymous|GET|/jfconfig/api/v1/system/readiness|200|28|-1|3|JFrog-Router/7.165.3-1
2025-06-10T13:28:52.171Z|5cee2f11920da6b0|0:0:0:0:0:0:0:1|anonymous|GET|/jfconfig/api/v1/system/readiness|200|28|-1|4|JFrog-Router/7.165.3-1
2025-06-10T13:28:57.176Z|6270b04241639217|0:0:0:0:0:0:0:1|anonymous|GET|/jfconfig/api/v1/system/readiness|200|28|-1|9|JFrog-Router/7.165.3-1
2025-06-10T13:29:02.172Z|5592ab4959b37b57|0:0:0:0:0:0:0:1|anonymous|GET|/jfconfig/api/v1/system/readiness|200|28|-1|3|JFrog-Router/7.165.3-1
2025-06-10T13:29:07.176Z|6d034eb444898826|0:0:0:0:0:0:0:1|anonymous|GET|/jfconfig/api/v1/system/readiness|200|28|-1|4|JFrog-Router/7.165.3-1
2025-06-10T13:29:12.174Z|7a155084a737d1b9|0:0:0:0:0:0:0:1|anonymous|GET|/jfconfig/api/v1/system/readiness|200|28|-1|3|JFrog-Router/7.165.3-1
2025-06-10T13:29:17.179Z|76ab4a84551684b2|0:0:0:0:0:0:0:1|anonymous|GET|/jfconfig/api/v1/system/readiness|200|28|-1|4|JFrog-Router/7.165.3-1
2025-06-10T13:29:22.180Z|1dde77a8112fa8d1|0:0:0:0:0:0:0:1|anonymous|GET|/jfconfig/api/v1/system/readiness|200|28|-1|5|JFrog-Router/7.165.3-1
2025-06-10T13:29:27.183Z|71f8216b4de24256|0:0:0:0:0:0:0:1|anonymous|GET|/jfconfig/api/v1/system/readiness|200|28|-1|6|JFrog-Router/7.165.3-1
2025-06-10T13:29:32.180Z|284f5dd14bf72b4e|0:0:0:0:0:0:0:1|anonymous|GET|/jfconfig/api/v1/system/readiness|200|28|-1|4|JFrog-Router/7.165.3-1
2025-06-10T13:29:37.180Z|1e6677b2c54a0832|0:0:0:0:0:0:0:1|anonymous|GET|/jfconfig/api/v1/system/readiness|200|28|-1|3|JFrog-Router/7.165.3-1
2025-06-10T13:29:39.938Z|5a2afe4b9a50529c|/[0:0:0:0:0:0:0:1]:39838|jfac@01jxczkt322jg01c76hase12yj|--UNA|com.jfrog.access.v1.config.PlatformConfigResource/GetConfig|0|-1|-1|10|grpc-java-netty/1.66.0
2025-06-10T13:29:39.954Z|1602880b943b0192|/[0:0:0:0:0:0:0:1]:39838|jfac@01jxczkt322jg01c76hase12yj|--UNA|com.jfrog.access.v1.config.PlatformConfigResource/GetConfig|0|-1|-1|7|grpc-java-netty/1.66.0
2025-06-10T13:29:42.182Z|7b21693f67c34fce|0:0:0:0:0:0:0:1|anonymous|GET|/jfconfig/api/v1/system/readiness|200|28|-1|4|JFrog-Router/7.165.3-1
2025-06-10T13:29:47.184Z|2683ea484d1b93ea|0:0:0:0:0:0:0:1|anonymous|GET|/jfconfig/api/v1/system/readiness|200|28|-1|3|JFrog-Router/7.165.3-1
2025-06-10T13:29:52.185Z|4e8bf0bad9cbd0e5|0:0:0:0:0:0:0:1|anonymous|GET|/jfconfig/api/v1/system/readiness|200|28|-1|3|JFrog-Router/7.165.3-1
2025-06-10T13:29:57.193Z|1d679b68e60c5358|0:0:0:0:0:0:0:1|anonymous|GET|/jfconfig/api/v1/system/readiness|200|28|-1|9|JFrog-Router/7.165.3-1
2025-06-10T13:30:02.190Z|7ef878d424e43201|0:0:0:0:0:0:0:1|anonymous|GET|/jfconfig/api/v1/system/readiness|200|28|-1|6|JFrog-Router/7.165.3-1
2025-06-10T13:30:07.194Z|3e8f8482eb618507|0:0:0:0:0:0:0:1|anonymous|GET|/jfconfig/api/v1/system/readiness|200|28|-1|4|JFrog-Router/7.165.3-1
2025-06-10T13:30:12.196Z|3616e36f431a9672|0:0:0:0:0:0:0:1|anonymous|GET|/jfconfig/api/v1/system/readiness|200|28|-1|4|JFrog-Router/7.165.3-1
2025-06-10T13:30:17.198Z|7458917bb9230073|0:0:0:0:0:0:0:1|anonymous|GET|/jfconfig/api/v1/system/readiness|200|28|-1|4|JFrog-Router/7.165.3-1
2025-06-10T13:30:22.202Z|4e00708ab7d350eb|0:0:0:0:0:0:0:1|anonymous|GET|/jfconfig/api/v1/system/readiness|200|28|-1|3|JFrog-Router/7.165.3-1
2025-06-10T13:30:27.208Z|73d91b5c4537fe1d|0:0:0:0:0:0:0:1|anonymous|GET|/jfconfig/api/v1/system/readiness|200|28|-1|7|JFrog-Router/7.165.3-1
2025-06-10T13:30:32.202Z|1c112da06ed860d3|0:0:0:0:0:0:0:1|anonymous|GET|/jfconfig/api/v1/system/readiness|200|28|-1|3|JFrog-Router/7.165.3-1
2025-06-10T13:30:37.204Z|1e2f3b1d1c6a9f46|0:0:0:0:0:0:0:1|anonymous|GET|/jfconfig/api/v1/system/readiness|200|28|-1|3|JFrog-Router/7.165.3-1
2025-06-10T13:30:39.947Z|048b834c99514a4b|/[0:0:0:0:0:0:0:1]:39838|jfac@01jxczkt322jg01c76hase12yj|--UNA|com.jfrog.access.v1.config.PlatformConfigResource/GetConfig|0|-1|-1|7|grpc-java-netty/1.66.0
2025-06-10T13:30:39.962Z|58b9db5a12f1b3a1|/[0:0:0:0:0:0:0:1]:39838|jfac@01jxczkt322jg01c76hase12yj|--UNA|com.jfrog.access.v1.config.PlatformConfigResource/GetConfig|0|-1|-1|6|grpc-java-netty/1.66.0
2025-06-10T13:30:42.209Z|1d3781d293014382|0:0:0:0:0:0:0:1|anonymous|GET|/jfconfig/api/v1/system/readiness|200|28|-1|4|JFrog-Router/7.165.3-1
2025-06-10T13:30:47.215Z|3008b89b2a0932ef|0:0:0:0:0:0:0:1|anonymous|GET|/jfconfig/api/v1/system/readiness|200|28|-1|3|JFrog-Router/7.165.3-1
2025-06-10T13:30:52.222Z|64405b7923aa0902|0:0:0:0:0:0:0:1|anonymous|GET|/jfconfig/api/v1/system/readiness|200|28|-1|6|JFrog-Router/7.165.3-1
2025-06-10T13:30:57.221Z|1570e34940c81641|0:0:0:0:0:0:0:1|anonymous|GET|/jfconfig/api/v1/system/readiness|200|28|-1|6|JFrog-Router/7.165.3-1
2025-06-10T13:31:02.220Z|703a456e2722dd82|0:0:0:0:0:0:0:1|anonymous|GET|/jfconfig/api/v1/system/readiness|200|28|-1|4|JFrog-Router/7.165.3-1
2025-06-10T13:31:07.218Z|17385d202da394dd|0:0:0:0:0:0:0:1|anonymous|GET|/jfconfig/api/v1/system/readiness|200|28|-1|3|JFrog-Router/7.165.3-1
2025-06-10T13:31:12.222Z|143a9cc73eacb239|0:0:0:0:0:0:0:1|anonymous|GET|/jfconfig/api/v1/system/readiness|200|28|-1|4|JFrog-Router/7.165.3-1
2025-06-10T13:31:17.222Z|7b499557afe23cb6|0:0:0:0:0:0:0:1|anonymous|GET|/jfconfig/api/v1/system/readiness|200|28|-1|4|JFrog-Router/7.165.3-1
2025-06-10T13:31:22.222Z|057354608eb1e814|0:0:0:0:0:0:0:1|anonymous|GET|/jfconfig/api/v1/system/readiness|200|28|-1|4|JFrog-Router/7.165.3-1
2025-06-10T13:31:27.229Z|14dbac67f1c75ca3|0:0:0:0:0:0:0:1|anonymous|GET|/jfconfig/api/v1/system/readiness|200|28|-1|9|JFrog-Router/7.165.3-1
2025-06-10T13:31:32.228Z|4d87118daf155380|0:0:0:0:0:0:0:1|anonymous|GET|/jfconfig/api/v1/system/readiness|200|28|-1|3|JFrog-Router/7.165.3-1
2025-06-10T13:31:37.233Z|27bf6166b3535ac6|0:0:0:0:0:0:0:1|anonymous|GET|/jfconfig/api/v1/system/readiness|200|28|-1|4|JFrog-Router/7.165.3-1
2025-06-10T13:31:39.941Z|03cafa945ea955ca|/[0:0:0:0:0:0:0:1]:39838|jfac@01jxczkt322jg01c76hase12yj|--UNA|com.jfrog.access.v1.config.PlatformConfigResource/GetConfig|0|-1|-1|10|grpc-java-netty/1.66.0
2025-06-10T13:31:39.957Z|45a7da5bf257778f|/[0:0:0:0:0:0:0:1]:39838|jfac@01jxczkt322jg01c76hase12yj|--UNA|com.jfrog.access.v1.config.PlatformConfigResource/GetConfig|0|-1|-1|6|grpc-java-netty/1.66.0
2025-06-10T13:31:42.232Z|1dfdc4be59512e05|0:0:0:0:0:0:0:1|anonymous|GET|/jfconfig/api/v1/system/readiness|200|28|-1|3|JFrog-Router/7.165.3-1
2025-06-10T13:31:47.235Z|4cc2b913a3ca1aee|0:0:0:0:0:0:0:1|anonymous|GET|/jfconfig/api/v1/system/readiness|200|28|-1|5|JFrog-Router/7.165.3-1
2025-06-10T13:31:52.235Z|7f5ca2fe5e66dca0|0:0:0:0:0:0:0:1|anonymous|GET|/jfconfig/api/v1/system/readiness|200|28|-1|4|JFrog-Router/7.165.3-1
2025-06-10T13:31:57.233Z|2bd9152d0e8ad1c5|0:0:0:0:0:0:0:1|anonymous|GET|/jfconfig/api/v1/system/readiness|200|28|-1|4|JFrog-Router/7.165.3-1
2025-06-10T13:32:02.234Z|565b75ae55a998b1|0:0:0:0:0:0:0:1|anonymous|GET|/jfconfig/api/v1/system/readiness|200|28|-1|4|JFrog-Router/7.165.3-1
2025-06-10T13:32:07.235Z|26276e2b4cdc45f7|0:0:0:0:0:0:0:1|anonymous|GET|/jfconfig/api/v1/system/readiness|200|28|-1|3|JFrog-Router/7.165.3-1
2025-06-10T13:32:12.238Z|6519deab462888ac|0:0:0:0:0:0:0:1|anonymous|GET|/jfconfig/api/v1/system/readiness|200|28|-1|3|JFrog-Router/7.165.3-1
2025-06-10T13:32:17.237Z|026e3adc8ca7edd9|0:0:0:0:0:0:0:1|anonymous|GET|/jfconfig/api/v1/system/readiness|200|28|-1|3|JFrog-Router/7.165.3-1
2025-06-10T13:32:22.242Z|739e981dfe057408|0:0:0:0:0:0:0:1|anonymous|GET|/jfconfig/api/v1/system/readiness|200|28|-1|3|JFrog-Router/7.165.3-1
2025-06-10T13:32:27.247Z|286e0aa728984923|0:0:0:0:0:0:0:1|anonymous|GET|/jfconfig/api/v1/system/readiness|200|28|-1|9|JFrog-Router/7.165.3-1
2025-06-10T13:32:32.242Z|6c5091a229908060|0:0:0:0:0:0:0:1|anonymous|GET|/jfconfig/api/v1/system/readiness|200|28|-1|4|JFrog-Router/7.165.3-1
2025-06-10T13:32:37.243Z|12efe83241366e46|0:0:0:0:0:0:0:1|anonymous|GET|/jfconfig/api/v1/system/readiness|200|28|-1|3|JFrog-Router/7.165.3-1
2025-06-10T13:32:39.945Z|7f33edb25e80128f|/[0:0:0:0:0:0:0:1]:39838|jfac@01jxczkt322jg01c76hase12yj|--UNA|com.jfrog.access.v1.config.PlatformConfigResource/GetConfig|0|-1|-1|9|grpc-java-netty/1.66.0
2025-06-10T13:32:39.958Z|74a2c48b9e77e302|/[0:0:0:0:0:0:0:1]:39838|jfac@01jxczkt322jg01c76hase12yj|--UNA|com.jfrog.access.v1.config.PlatformConfigResource/GetConfig|0|-1|-1|5|grpc-java-netty/1.66.0
2025-06-10T13:32:39.964Z|63a6e682cc087e4a|/[0:0:0:0:0:0:0:1]:39838|jfac@01jxczkt322jg01c76hase12yj|--UNA|com.jfrog.access.v1.config.PlatformConfigResource/GetConfig|0|-1|-1|4|grpc-java-netty/1.66.0
2025-06-10T13:32:42.245Z|2321e54d460047e8|0:0:0:0:0:0:0:1|anonymous|GET|/jfconfig/api/v1/system/readiness|200|28|-1|3|JFrog-Router/7.165.3-1
2025-06-10T13:32:47.244Z|31b7ccdd855f9f6a|0:0:0:0:0:0:0:1|anonymous|GET|/jfconfig/api/v1/system/readiness|200|28|-1|3|JFrog-Router/7.165.3-1
2025-06-10T13:32:52.247Z|057c35e570e0794a|0:0:0:0:0:0:0:1|anonymous|GET|/jfconfig/api/v1/system/readiness|200|28|-1|4|JFrog-Router/7.165.3-1
2025-06-10T13:32:57.255Z|7822c4bccd2a30f8|0:0:0:0:0:0:0:1|anonymous|GET|/jfconfig/api/v1/system/readiness|200|28|-1|10|JFrog-Router/7.165.3-1
2025-06-10T13:33:02.250Z|3c86f00d26dd0ec1|0:0:0:0:0:0:0:1|anonymous|GET|/jfconfig/api/v1/system/readiness|200|28|-1|4|JFrog-Router/7.165.3-1
2025-06-10T13:33:07.248Z|54dfc1e01f779d5b|0:0:0:0:0:0:0:1|anonymous|GET|/jfconfig/api/v1/system/readiness|200|28|-1|3|JFrog-Router/7.165.3-1
2025-06-10T13:33:12.252Z|62bd1f40191fd97f|0:0:0:0:0:0:0:1|anonymous|GET|/jfconfig/api/v1/system/readiness|200|28|-1|4|JFrog-Router/7.165.3-1
2025-06-10T13:33:17.255Z|28678e38d6af71aa|0:0:0:0:0:0:0:1|anonymous|GET|/jfconfig/api/v1/system/readiness|200|28|-1|4|JFrog-Router/7.165.3-1
2025-06-10T13:33:22.258Z|20fecf6f56a557a4|0:0:0:0:0:0:0:1|anonymous|GET|/jfconfig/api/v1/system/readiness|200|28|-1|6|JFrog-Router/7.165.3-1
2025-06-10T13:33:27.262Z|6ac09090e6283e96|0:0:0:0:0:0:0:1|anonymous|GET|/jfconfig/api/v1/system/readiness|200|28|-1|9|JFrog-Router/7.165.3-1
2025-06-10T13:33:32.262Z|15476fd3381d897e|0:0:0:0:0:0:0:1|anonymous|GET|/jfconfig/api/v1/system/readiness|200|28|-1|3|JFrog-Router/7.165.3-1
2025-06-10T13:33:37.265Z|01a1bfc8cf6f0f02|0:0:0:0:0:0:0:1|anonymous|GET|/jfconfig/api/v1/system/readiness|200|28|-1|3|JFrog-Router/7.165.3-1
2025-06-10T13:33:39.931Z|2c7a4b3ca38676bb|/[0:0:0:0:0:0:0:1]:39838|jfac@01jxczkt322jg01c76hase12yj|--UNA|com.jfrog.access.v1.config.PlatformConfigResource/GetConfig|0|-1|-1|7|grpc-java-netty/1.66.0
2025-06-10T13:33:39.946Z|7bfcaacc94483f5b|/[0:0:0:0:0:0:0:1]:39838|jfac@01jxczkt322jg01c76hase12yj|--UNA|com.jfrog.access.v1.config.PlatformConfigResource/GetConfig|0|-1|-1|7|grpc-java-netty/1.66.0
2025-06-10T13:33:42.267Z|2f1621b8559f2ed8|0:0:0:0:0:0:0:1|anonymous|GET|/jfconfig/api/v1/system/readiness|200|28|-1|5|JFrog-Router/7.165.3-1
2025-06-10T13:33:47.267Z|2fd67cb4ca741542|0:0:0:0:0:0:0:1|anonymous|GET|/jfconfig/api/v1/system/readiness|200|28|-1|3|JFrog-Router/7.165.3-1
2025-06-10T13:33:52.270Z|4b23328003df3187|0:0:0:0:0:0:0:1|anonymous|GET|/jfconfig/api/v1/system/readiness|200|28|-1|3|JFrog-Router/7.165.3-1
2025-06-10T13:33:57.273Z|510a8778af9475c2|0:0:0:0:0:0:0:1|anonymous|GET|/jfconfig/api/v1/system/readiness|200|28|-1|6|JFrog-Router/7.165.3-1
2025-06-10T13:34:02.273Z|5ee0b2b1954d7142|0:0:0:0:0:0:0:1|anonymous|GET|/jfconfig/api/v1/system/readiness|200|28|-1|4|JFrog-Router/7.165.3-1
2025-06-10T13:34:07.275Z|280506c0b7218556|0:0:0:0:0:0:0:1|anonymous|GET|/jfconfig/api/v1/system/readiness|200|28|-1|3|JFrog-Router/7.165.3-1
2025-06-10T13:34:12.276Z|72feebd8bb01b78d|0:0:0:0:0:0:0:1|anonymous|GET|/jfconfig/api/v1/system/readiness|200|28|-1|4|JFrog-Router/7.165.3-1
2025-06-10T13:34:17.275Z|5707602890684354|0:0:0:0:0:0:0:1|anonymous|GET|/jfconfig/api/v1/system/readiness|200|28|-1|3|JFrog-Router/7.165.3-1
