jfcfg_runtime_heap_freememory_bytes 48928296 1749561245037
jfcfg_runtime_heap_maxmemory_bytes 2055208960 1749561245037
jfcfg_runtime_heap_processors_bytes 11 1749561245037
jfcfg_runtime_heap_totalmemory_bytes 119537664 1749561245037
jfcfg_data_migration_status_status_total{migration_status="NOT_STARTED"} 0 1749561245037

jfcfg_connected_observers_count_total{tenant_id="single_tenant"} 5 1749561305045
jfcfg_db_connections_active_connection_total 0 1749561305045
jfcfg_db_connections_awaiting_connections_total 0 1749561305045
jfcfg_db_connections_idle_connection_total 3 1749561305045
jfcfg_db_connections_total_connection_total 3 1749561305045
jfcfg_runtime_heap_freememory_bytes 19607000 1749561305045
jfcfg_runtime_heap_maxmemory_bytes 2055208960 1749561305045
jfcfg_runtime_heap_processors_bytes 11 1749561305045
jfcfg_runtime_heap_totalmemory_bytes 158334976 1749561305045
jfcfg_data_migration_status_status_total{migration_status="NOT_STARTED"} 0 1749561305045

jfcfg_connected_observers_count_total{tenant_id="single_tenant"} 7 1749561365051
jfcfg_db_connections_active_connection_total 0 1749561365051
jfcfg_db_connections_awaiting_connections_total 0 1749561365051
jfcfg_db_connections_idle_connection_total 3 1749561365051
jfcfg_db_connections_total_connection_total 3 1749561365051
jfcfg_runtime_heap_freememory_bytes 90871072 1749561365051
jfcfg_runtime_heap_maxmemory_bytes 2055208960 1749561365051
jfcfg_runtime_heap_processors_bytes 11 1749561365051
jfcfg_runtime_heap_totalmemory_bytes 158334976 1749561365051
jfcfg_data_migration_status_status_total{migration_status="NOT_STARTED"} 0 1749561365051

jfcfg_connected_observers_count_total{tenant_id="single_tenant"} 7 1749561425055
jfcfg_db_connections_active_connection_total 0 1749561425055
jfcfg_db_connections_awaiting_connections_total 0 1749561425055
jfcfg_db_connections_idle_connection_total 3 1749561425055
jfcfg_db_connections_total_connection_total 3 1749561425055
jfcfg_runtime_heap_freememory_bytes 88810392 1749561425055
jfcfg_runtime_heap_maxmemory_bytes 2055208960 1749561425055
jfcfg_runtime_heap_processors_bytes 11 1749561425055
jfcfg_runtime_heap_totalmemory_bytes 158334976 1749561425055
jfcfg_data_migration_status_status_total{migration_status="NOT_STARTED"} 0 1749561425055

jfcfg_connected_observers_count_total{tenant_id="single_tenant"} 7 1749561485061
jfcfg_db_connections_active_connection_total 0 1749561485061
jfcfg_db_connections_awaiting_connections_total 0 1749561485061
jfcfg_db_connections_idle_connection_total 3 1749561485061
jfcfg_db_connections_total_connection_total 3 1749561485061
jfcfg_runtime_heap_freememory_bytes 88022456 1749561485061
jfcfg_runtime_heap_maxmemory_bytes 2055208960 1749561485061
jfcfg_runtime_heap_processors_bytes 11 1749561485061
jfcfg_runtime_heap_totalmemory_bytes 158334976 1749561485061
jfcfg_data_migration_status_status_total{migration_status="NOT_STARTED"} 0 1749561485061

jfcfg_connected_observers_count_total{tenant_id="single_tenant"} 7 1749561545066
jfcfg_db_connections_active_connection_total 0 1749561545066
jfcfg_db_connections_awaiting_connections_total 0 1749561545066
jfcfg_db_connections_idle_connection_total 3 1749561545066
jfcfg_db_connections_total_connection_total 3 1749561545066
jfcfg_runtime_heap_freememory_bytes 87502224 1749561545066
jfcfg_runtime_heap_maxmemory_bytes 2055208960 1749561545066
jfcfg_runtime_heap_processors_bytes 11 1749561545066
jfcfg_runtime_heap_totalmemory_bytes 158334976 1749561545066
jfcfg_data_migration_status_status_total{migration_status="NOT_STARTED"} 0 1749561545066

jfcfg_connected_observers_count_total{tenant_id="single_tenant"} 7 1749561605068
jfcfg_db_connections_active_connection_total 0 1749561605068
jfcfg_db_connections_awaiting_connections_total 0 1749561605068
jfcfg_db_connections_idle_connection_total 2 1749561605068
jfcfg_db_connections_total_connection_total 2 1749561605068
jfcfg_runtime_heap_freememory_bytes 86357992 1749561605068
jfcfg_runtime_heap_maxmemory_bytes 2055208960 1749561605068
jfcfg_runtime_heap_processors_bytes 11 1749561605068
jfcfg_runtime_heap_totalmemory_bytes 158334976 1749561605068
jfcfg_data_migration_status_status_total{migration_status="NOT_STARTED"} 0 1749561605068

jfcfg_connected_observers_count_total{tenant_id="single_tenant"} 7 1749561665073
jfcfg_db_connections_active_connection_total 0 1749561665073
jfcfg_db_connections_awaiting_connections_total 0 1749561665073
jfcfg_db_connections_idle_connection_total 2 1749561665073
jfcfg_db_connections_total_connection_total 2 1749561665073
jfcfg_runtime_heap_freememory_bytes 85587576 1749561665073
jfcfg_runtime_heap_maxmemory_bytes 2055208960 1749561665073
jfcfg_runtime_heap_processors_bytes 11 1749561665073
jfcfg_runtime_heap_totalmemory_bytes 158334976 1749561665073
jfcfg_data_migration_status_status_total{migration_status="NOT_STARTED"} 0 1749561665073

jfcfg_connected_observers_count_total{tenant_id="single_tenant"} 7 1749561725075
jfcfg_db_connections_active_connection_total 0 1749561725075
jfcfg_db_connections_awaiting_connections_total 0 1749561725075
jfcfg_db_connections_idle_connection_total 1 1749561725075
jfcfg_db_connections_total_connection_total 1 1749561725075
jfcfg_runtime_heap_freememory_bytes 84035056 1749561725075
jfcfg_runtime_heap_maxmemory_bytes 2055208960 1749561725075
jfcfg_runtime_heap_processors_bytes 11 1749561725075
jfcfg_runtime_heap_totalmemory_bytes 158334976 1749561725075
jfcfg_data_migration_status_status_total{migration_status="NOT_STARTED"} 0 1749561725075

jfcfg_connected_observers_count_total{tenant_id="single_tenant"} 7 1749561785080
jfcfg_db_connections_active_connection_total 0 1749561785080
jfcfg_db_connections_awaiting_connections_total 0 1749561785080
jfcfg_db_connections_idle_connection_total 1 1749561785080
jfcfg_db_connections_total_connection_total 1 1749561785080
jfcfg_runtime_heap_freememory_bytes 82810768 1749561785080
jfcfg_runtime_heap_maxmemory_bytes 2055208960 1749561785080
jfcfg_runtime_heap_processors_bytes 11 1749561785080
jfcfg_runtime_heap_totalmemory_bytes 158334976 1749561785080
jfcfg_data_migration_status_status_total{migration_status="NOT_STARTED"} 0 1749561785080

jfcfg_connected_observers_count_total{tenant_id="single_tenant"} 7 1749561845083
jfcfg_db_connections_active_connection_total 0 1749561845083
jfcfg_db_connections_awaiting_connections_total 0 1749561845083
jfcfg_db_connections_idle_connection_total 1 1749561845083
jfcfg_db_connections_total_connection_total 1 1749561845083
jfcfg_runtime_heap_freememory_bytes 80930296 1749561845083
jfcfg_runtime_heap_maxmemory_bytes 2055208960 1749561845083
jfcfg_runtime_heap_processors_bytes 11 1749561845083
jfcfg_runtime_heap_totalmemory_bytes 158334976 1749561845083
jfcfg_data_migration_status_status_total{migration_status="NOT_STARTED"} 0 1749561845083

jfcfg_connected_observers_count_total{tenant_id="single_tenant"} 7 1749561905087
jfcfg_db_connections_active_connection_total 0 1749561905087
jfcfg_db_connections_awaiting_connections_total 0 1749561905087
jfcfg_db_connections_idle_connection_total 1 1749561905087
jfcfg_db_connections_total_connection_total 1 1749561905087
jfcfg_runtime_heap_freememory_bytes 78732376 1749561905087
jfcfg_runtime_heap_maxmemory_bytes 2055208960 1749561905087
jfcfg_runtime_heap_processors_bytes 11 1749561905087
jfcfg_runtime_heap_totalmemory_bytes 158334976 1749561905087
jfcfg_data_migration_status_status_total{migration_status="NOT_STARTED"} 0 1749561905087

jfcfg_connected_observers_count_total{tenant_id="single_tenant"} 7 1749561965091
jfcfg_db_connections_active_connection_total 0 1749561965091
jfcfg_db_connections_awaiting_connections_total 0 1749561965091
jfcfg_db_connections_idle_connection_total 1 1749561965091
jfcfg_db_connections_total_connection_total 1 1749561965091
jfcfg_runtime_heap_freememory_bytes 77478232 1749561965091
jfcfg_runtime_heap_maxmemory_bytes 2055208960 1749561965091
jfcfg_runtime_heap_processors_bytes 11 1749561965091
jfcfg_runtime_heap_totalmemory_bytes 158334976 1749561965091
jfcfg_data_migration_status_status_total{migration_status="NOT_STARTED"} 0 1749561965091

jfcfg_connected_observers_count_total{tenant_id="single_tenant"} 7 1749562025094
jfcfg_db_connections_active_connection_total 0 1749562025094
jfcfg_db_connections_awaiting_connections_total 0 1749562025094
jfcfg_db_connections_idle_connection_total 1 1749562025094
jfcfg_db_connections_total_connection_total 1 1749562025094
jfcfg_runtime_heap_freememory_bytes 76870800 1749562025094
jfcfg_runtime_heap_maxmemory_bytes 2055208960 1749562025094
jfcfg_runtime_heap_processors_bytes 11 1749562025094
jfcfg_runtime_heap_totalmemory_bytes 158334976 1749562025094
jfcfg_data_migration_status_status_total{migration_status="NOT_STARTED"} 0 1749562025094

jfcfg_connected_observers_count_total{tenant_id="single_tenant"} 7 1749562085098
jfcfg_db_connections_active_connection_total 0 1749562085098
jfcfg_db_connections_awaiting_connections_total 0 1749562085098
jfcfg_db_connections_idle_connection_total 1 1749562085098
jfcfg_db_connections_total_connection_total 1 1749562085098
jfcfg_runtime_heap_freememory_bytes 75564376 1749562085098
jfcfg_runtime_heap_maxmemory_bytes 2055208960 1749562085098
jfcfg_runtime_heap_processors_bytes 11 1749562085098
jfcfg_runtime_heap_totalmemory_bytes 158334976 1749562085098
jfcfg_data_migration_status_status_total{migration_status="NOT_STARTED"} 0 1749562085098

jfcfg_connected_observers_count_total{tenant_id="single_tenant"} 7 1749562145102
jfcfg_db_connections_active_connection_total 0 1749562145102
jfcfg_db_connections_awaiting_connections_total 0 1749562145102
jfcfg_db_connections_idle_connection_total 1 1749562145102
jfcfg_db_connections_total_connection_total 1 1749562145102
jfcfg_runtime_heap_freememory_bytes 74646176 1749562145102
jfcfg_runtime_heap_maxmemory_bytes 2055208960 1749562145102
jfcfg_runtime_heap_processors_bytes 11 1749562145102
jfcfg_runtime_heap_totalmemory_bytes 158334976 1749562145102
jfcfg_data_migration_status_status_total{migration_status="NOT_STARTED"} 0 1749562145102

jfcfg_connected_observers_count_total{tenant_id="single_tenant"} 7 1749562205107
jfcfg_db_connections_active_connection_total 0 1749562205107
jfcfg_db_connections_awaiting_connections_total 0 1749562205107
jfcfg_db_connections_idle_connection_total 1 1749562205107
jfcfg_db_connections_total_connection_total 1 1749562205107
jfcfg_runtime_heap_freememory_bytes 73760560 1749562205107
jfcfg_runtime_heap_maxmemory_bytes 2055208960 1749562205107
jfcfg_runtime_heap_processors_bytes 11 1749562205107
jfcfg_runtime_heap_totalmemory_bytes 158334976 1749562205107
jfcfg_data_migration_status_status_total{migration_status="NOT_STARTED"} 0 1749562205107

jfcfg_connected_observers_count_total{tenant_id="single_tenant"} 7 1749562265110
jfcfg_db_connections_active_connection_total 0 1749562265110
jfcfg_db_connections_awaiting_connections_total 0 1749562265110
jfcfg_db_connections_idle_connection_total 1 1749562265110
jfcfg_db_connections_total_connection_total 1 1749562265110
jfcfg_runtime_heap_freememory_bytes 72719920 1749562265110
jfcfg_runtime_heap_maxmemory_bytes 2055208960 1749562265110
jfcfg_runtime_heap_processors_bytes 11 1749562265110
jfcfg_runtime_heap_totalmemory_bytes 158334976 1749562265110
jfcfg_data_migration_status_status_total{migration_status="NOT_STARTED"} 0 1749562265110

jfcfg_connected_observers_count_total{tenant_id="single_tenant"} 7 1749562325115
jfcfg_db_connections_active_connection_total 0 1749562325115
jfcfg_db_connections_awaiting_connections_total 0 1749562325115
jfcfg_db_connections_idle_connection_total 1 1749562325115
jfcfg_db_connections_total_connection_total 1 1749562325115
jfcfg_runtime_heap_freememory_bytes 71865680 1749562325115
jfcfg_runtime_heap_maxmemory_bytes 2055208960 1749562325115
jfcfg_runtime_heap_processors_bytes 11 1749562325115
jfcfg_runtime_heap_totalmemory_bytes 158334976 1749562325115
jfcfg_data_migration_status_status_total{migration_status="NOT_STARTED"} 0 1749562325115

jfcfg_connected_observers_count_total{tenant_id="single_tenant"} 7 1749562385122
jfcfg_db_connections_active_connection_total 0 1749562385122
jfcfg_db_connections_awaiting_connections_total 0 1749562385122
jfcfg_db_connections_idle_connection_total 1 1749562385122
jfcfg_db_connections_total_connection_total 1 1749562385122
jfcfg_runtime_heap_freememory_bytes 70646864 1749562385122
jfcfg_runtime_heap_maxmemory_bytes 2055208960 1749562385122
jfcfg_runtime_heap_processors_bytes 11 1749562385122
jfcfg_runtime_heap_totalmemory_bytes 158334976 1749562385122
jfcfg_data_migration_status_status_total{migration_status="NOT_STARTED"} 0 1749562385122

jfcfg_connected_observers_count_total{tenant_id="single_tenant"} 7 1749562445130
jfcfg_db_connections_active_connection_total 0 1749562445130
jfcfg_db_connections_awaiting_connections_total 0 1749562445130
jfcfg_db_connections_idle_connection_total 1 1749562445130
jfcfg_db_connections_total_connection_total 1 1749562445130
jfcfg_runtime_heap_freememory_bytes 69853664 1749562445130
jfcfg_runtime_heap_maxmemory_bytes 2055208960 1749562445130
jfcfg_runtime_heap_processors_bytes 11 1749562445130
jfcfg_runtime_heap_totalmemory_bytes 158334976 1749562445130
jfcfg_data_migration_status_status_total{migration_status="NOT_STARTED"} 0 1749562445130

jfcfg_connected_observers_count_total{tenant_id="single_tenant"} 7 1749562505114
jfcfg_db_connections_active_connection_total 0 1749562505114
jfcfg_db_connections_awaiting_connections_total 0 1749562505114
jfcfg_db_connections_idle_connection_total 1 1749562505114
jfcfg_db_connections_total_connection_total 1 1749562505114
jfcfg_runtime_heap_freememory_bytes 69853664 1749562505114
jfcfg_runtime_heap_maxmemory_bytes 2055208960 1749562505114
jfcfg_runtime_heap_processors_bytes 11 1749562505114
jfcfg_runtime_heap_totalmemory_bytes 158334976 1749562505114
jfcfg_data_migration_status_status_total{migration_status="NOT_STARTED"} 0 1749562505114

jfcfg_connected_observers_count_total{tenant_id="single_tenant"} 7 1749562565115
jfcfg_db_connections_active_connection_total 0 1749562565115
jfcfg_db_connections_awaiting_connections_total 0 1749562565115
jfcfg_db_connections_idle_connection_total 1 1749562565115
jfcfg_db_connections_total_connection_total 1 1749562565115
jfcfg_runtime_heap_freememory_bytes 67154848 1749562565115
jfcfg_runtime_heap_maxmemory_bytes 2055208960 1749562565115
jfcfg_runtime_heap_processors_bytes 11 1749562565115
jfcfg_runtime_heap_totalmemory_bytes 158334976 1749562565115
jfcfg_data_migration_status_status_total{migration_status="NOT_STARTED"} 0 1749562565115

jfcfg_connected_observers_count_total{tenant_id="single_tenant"} 7 1749562625118
jfcfg_db_connections_active_connection_total 0 1749562625118
jfcfg_db_connections_awaiting_connections_total 0 1749562625118
jfcfg_db_connections_idle_connection_total 1 1749562625118
jfcfg_db_connections_total_connection_total 1 1749562625118
jfcfg_runtime_heap_freememory_bytes 66599800 1749562625118
jfcfg_runtime_heap_maxmemory_bytes 2055208960 1749562625118
jfcfg_runtime_heap_processors_bytes 11 1749562625118
jfcfg_runtime_heap_totalmemory_bytes 158334976 1749562625118
jfcfg_data_migration_status_status_total{migration_status="NOT_STARTED"} 0 1749562625118

jfcfg_connected_observers_count_total{tenant_id="single_tenant"} 7 1749562685122
jfcfg_db_connections_active_connection_total 0 1749562685122
jfcfg_db_connections_awaiting_connections_total 0 1749562685122
jfcfg_db_connections_idle_connection_total 1 1749562685122
jfcfg_db_connections_total_connection_total 1 1749562685122
jfcfg_runtime_heap_freememory_bytes 65388576 1749562685122
jfcfg_runtime_heap_maxmemory_bytes 2055208960 1749562685122
jfcfg_runtime_heap_processors_bytes 11 1749562685122
jfcfg_runtime_heap_totalmemory_bytes 158334976 1749562685122
jfcfg_data_migration_status_status_total{migration_status="NOT_STARTED"} 0 1749562685122

jfcfg_connected_observers_count_total{tenant_id="single_tenant"} 7 1749562745125
jfcfg_db_connections_active_connection_total 0 1749562745125
jfcfg_db_connections_awaiting_connections_total 0 1749562745125
jfcfg_db_connections_idle_connection_total 1 1749562745125
jfcfg_db_connections_total_connection_total 1 1749562745125
jfcfg_runtime_heap_freememory_bytes 64610784 1749562745125
jfcfg_runtime_heap_maxmemory_bytes 2055208960 1749562745125
jfcfg_runtime_heap_processors_bytes 11 1749562745125
jfcfg_runtime_heap_totalmemory_bytes 158334976 1749562745125
jfcfg_data_migration_status_status_total{migration_status="NOT_STARTED"} 0 1749562745125

jfcfg_connected_observers_count_total{tenant_id="single_tenant"} 7 1749562805129
jfcfg_db_connections_active_connection_total 0 1749562805129
jfcfg_db_connections_awaiting_connections_total 0 1749562805129
jfcfg_db_connections_idle_connection_total 1 1749562805129
jfcfg_db_connections_total_connection_total 1 1749562805129
jfcfg_runtime_heap_freememory_bytes 63562208 1749562805129
jfcfg_runtime_heap_maxmemory_bytes 2055208960 1749562805129
jfcfg_runtime_heap_processors_bytes 11 1749562805129
jfcfg_runtime_heap_totalmemory_bytes 158334976 1749562805129
jfcfg_data_migration_status_status_total{migration_status="NOT_STARTED"} 0 1749562805129

jfcfg_connected_observers_count_total{tenant_id="single_tenant"} 7 1749562865132
jfcfg_db_connections_active_connection_total 0 1749562865132
jfcfg_db_connections_awaiting_connections_total 0 1749562865132
jfcfg_db_connections_idle_connection_total 1 1749562865132
jfcfg_db_connections_total_connection_total 1 1749562865132
jfcfg_runtime_heap_freememory_bytes 62325888 1749562865132
jfcfg_runtime_heap_maxmemory_bytes 2055208960 1749562865132
jfcfg_runtime_heap_processors_bytes 11 1749562865132
jfcfg_runtime_heap_totalmemory_bytes 158334976 1749562865132
jfcfg_data_migration_status_status_total{migration_status="NOT_STARTED"} 0 1749562865132

jfcfg_connected_observers_count_total{tenant_id="single_tenant"} 7 1749562925134
jfcfg_db_connections_active_connection_total 0 1749562925134
jfcfg_db_connections_awaiting_connections_total 0 1749562925134
jfcfg_db_connections_idle_connection_total 1 1749562925134
jfcfg_db_connections_total_connection_total 1 1749562925134
jfcfg_runtime_heap_freememory_bytes 61483104 1749562925134
jfcfg_runtime_heap_maxmemory_bytes 2055208960 1749562925134
jfcfg_runtime_heap_processors_bytes 11 1749562925134
jfcfg_runtime_heap_totalmemory_bytes 158334976 1749562925134
jfcfg_data_migration_status_status_total{migration_status="NOT_STARTED"} 0 1749562925134

jfcfg_connected_observers_count_total{tenant_id="single_tenant"} 7 1749562985138
jfcfg_db_connections_active_connection_total 0 1749562985138
jfcfg_db_connections_awaiting_connections_total 0 1749562985138
jfcfg_db_connections_idle_connection_total 1 1749562985138
jfcfg_db_connections_total_connection_total 1 1749562985138
jfcfg_runtime_heap_freememory_bytes 60331344 1749562985138
jfcfg_runtime_heap_maxmemory_bytes 2055208960 1749562985138
jfcfg_runtime_heap_processors_bytes 11 1749562985138
jfcfg_runtime_heap_totalmemory_bytes 158334976 1749562985138
jfcfg_data_migration_status_status_total{migration_status="NOT_STARTED"} 0 1749562985138

jfcfg_connected_observers_count_total{tenant_id="single_tenant"} 7 1749563045141
jfcfg_db_connections_active_connection_total 0 1749563045141
jfcfg_db_connections_awaiting_connections_total 0 1749563045141
jfcfg_db_connections_idle_connection_total 1 1749563045141
jfcfg_db_connections_total_connection_total 1 1749563045141
jfcfg_runtime_heap_freememory_bytes 58801000 1749563045141
jfcfg_runtime_heap_maxmemory_bytes 2055208960 1749563045141
jfcfg_runtime_heap_processors_bytes 11 1749563045141
jfcfg_runtime_heap_totalmemory_bytes 158334976 1749563045141
jfcfg_data_migration_status_status_total{migration_status="NOT_STARTED"} 0 1749563045141

jfcfg_connected_observers_count_total{tenant_id="single_tenant"} 7 1749563105149
jfcfg_db_connections_active_connection_total 0 1749563105149
jfcfg_db_connections_awaiting_connections_total 0 1749563105149
jfcfg_db_connections_idle_connection_total 1 1749563105149
jfcfg_db_connections_total_connection_total 1 1749563105149
jfcfg_runtime_heap_freememory_bytes 57754256 1749563105149
jfcfg_runtime_heap_maxmemory_bytes 2055208960 1749563105149
jfcfg_runtime_heap_processors_bytes 11 1749563105149
jfcfg_runtime_heap_totalmemory_bytes 158334976 1749563105149
jfcfg_data_migration_status_status_total{migration_status="NOT_STARTED"} 0 1749563105149

jfcfg_connected_observers_count_total{tenant_id="single_tenant"} 7 1749563165157
jfcfg_db_connections_active_connection_total 0 1749563165157
jfcfg_db_connections_awaiting_connections_total 0 1749563165157
jfcfg_db_connections_idle_connection_total 1 1749563165157
jfcfg_db_connections_total_connection_total 1 1749563165157
jfcfg_runtime_heap_freememory_bytes 56705280 1749563165157
jfcfg_runtime_heap_maxmemory_bytes 2055208960 1749563165157
jfcfg_runtime_heap_processors_bytes 11 1749563165157
jfcfg_runtime_heap_totalmemory_bytes 158334976 1749563165157
jfcfg_data_migration_status_status_total{migration_status="NOT_STARTED"} 0 1749563165157

jfcfg_connected_observers_count_total{tenant_id="single_tenant"} 7 1749563225162
jfcfg_db_connections_active_connection_total 0 1749563225162
jfcfg_db_connections_awaiting_connections_total 0 1749563225162
jfcfg_db_connections_idle_connection_total 1 1749563225162
jfcfg_db_connections_total_connection_total 1 1749563225162
jfcfg_runtime_heap_freememory_bytes 55758680 1749563225162
jfcfg_runtime_heap_maxmemory_bytes 2055208960 1749563225162
jfcfg_runtime_heap_processors_bytes 11 1749563225162
jfcfg_runtime_heap_totalmemory_bytes 158334976 1749563225162
jfcfg_data_migration_status_status_total{migration_status="NOT_STARTED"} 0 1749563225162

jfcfg_connected_observers_count_total{tenant_id="single_tenant"} 7 1749563285164
jfcfg_db_connections_active_connection_total 0 1749563285164
jfcfg_db_connections_awaiting_connections_total 0 1749563285164
jfcfg_db_connections_idle_connection_total 1 1749563285164
jfcfg_db_connections_total_connection_total 1 1749563285164
jfcfg_runtime_heap_freememory_bytes 54675064 1749563285164
jfcfg_runtime_heap_maxmemory_bytes 2055208960 1749563285164
jfcfg_runtime_heap_processors_bytes 11 1749563285164
jfcfg_runtime_heap_totalmemory_bytes 158334976 1749563285164
jfcfg_data_migration_status_status_total{migration_status="NOT_STARTED"} 0 1749563285164

jfcfg_connected_observers_count_total{tenant_id="single_tenant"} 7 1749563345166
jfcfg_db_connections_active_connection_total 0 1749563345166
jfcfg_db_connections_awaiting_connections_total 0 1749563345166
jfcfg_db_connections_idle_connection_total 1 1749563345166
jfcfg_db_connections_total_connection_total 1 1749563345166
jfcfg_runtime_heap_freememory_bytes 53457232 1749563345166
jfcfg_runtime_heap_maxmemory_bytes 2055208960 1749563345166
jfcfg_runtime_heap_processors_bytes 11 1749563345166
jfcfg_runtime_heap_totalmemory_bytes 158334976 1749563345166
jfcfg_data_migration_status_status_total{migration_status="NOT_STARTED"} 0 1749563345166

jfcfg_connected_observers_count_total{tenant_id="single_tenant"} 7 1749563405210
jfcfg_db_connections_active_connection_total 0 1749563405210
jfcfg_db_connections_awaiting_connections_total 0 1749563405210
jfcfg_db_connections_idle_connection_total 1 1749563405210
jfcfg_db_connections_total_connection_total 1 1749563405210
jfcfg_runtime_heap_freememory_bytes 52879520 1749563405210
jfcfg_runtime_heap_maxmemory_bytes 2055208960 1749563405210
jfcfg_runtime_heap_processors_bytes 11 1749563405210
jfcfg_runtime_heap_totalmemory_bytes 158334976 1749563405210
jfcfg_data_migration_status_status_total{migration_status="NOT_STARTED"} 0 1749563405210

jfcfg_connected_observers_count_total{tenant_id="single_tenant"} 7 1749563465218
jfcfg_db_connections_active_connection_total 0 1749563465218
jfcfg_db_connections_awaiting_connections_total 0 1749563465218
jfcfg_db_connections_idle_connection_total 1 1749563465218
jfcfg_db_connections_total_connection_total 1 1749563465218
jfcfg_runtime_heap_freememory_bytes 51678112 1749563465218
jfcfg_runtime_heap_maxmemory_bytes 2055208960 1749563465218
jfcfg_runtime_heap_processors_bytes 11 1749563465218
jfcfg_runtime_heap_totalmemory_bytes 158334976 1749563465218
jfcfg_data_migration_status_status_total{migration_status="NOT_STARTED"} 0 1749563465218

jfcfg_connected_observers_count_total{tenant_id="single_tenant"} 7 1749563525222
jfcfg_db_connections_active_connection_total 0 1749563525222
jfcfg_db_connections_awaiting_connections_total 0 1749563525222
jfcfg_db_connections_idle_connection_total 1 1749563525222
jfcfg_db_connections_total_connection_total 1 1749563525222
jfcfg_runtime_heap_freememory_bytes 49445944 1749563525222
jfcfg_runtime_heap_maxmemory_bytes 2055208960 1749563525222
jfcfg_runtime_heap_processors_bytes 11 1749563525222
jfcfg_runtime_heap_totalmemory_bytes 158334976 1749563525222
jfcfg_data_migration_status_status_total{migration_status="NOT_STARTED"} 0 1749563525222

jfcfg_connected_observers_count_total{tenant_id="single_tenant"} 7 1749563585230
jfcfg_db_connections_active_connection_total 0 1749563585230
jfcfg_db_connections_awaiting_connections_total 0 1749563585230
jfcfg_db_connections_idle_connection_total 1 1749563585230
jfcfg_db_connections_total_connection_total 1 1749563585230
jfcfg_runtime_heap_freememory_bytes 48611320 1749563585230
jfcfg_runtime_heap_maxmemory_bytes 2055208960 1749563585230
jfcfg_runtime_heap_processors_bytes 11 1749563585230
jfcfg_runtime_heap_totalmemory_bytes 158334976 1749563585230
jfcfg_data_migration_status_status_total{migration_status="NOT_STARTED"} 0 1749563585230

jfcfg_connected_observers_count_total{tenant_id="single_tenant"} 7 1749563645236
jfcfg_db_connections_active_connection_total 0 1749563645236
jfcfg_db_connections_awaiting_connections_total 0 1749563645236
jfcfg_db_connections_idle_connection_total 1 1749563645236
jfcfg_db_connections_total_connection_total 1 1749563645236
jfcfg_runtime_heap_freememory_bytes 47748440 1749563645236
jfcfg_runtime_heap_maxmemory_bytes 2055208960 1749563645236
jfcfg_runtime_heap_processors_bytes 11 1749563645236
jfcfg_runtime_heap_totalmemory_bytes 158334976 1749563645236
jfcfg_data_migration_status_status_total{migration_status="NOT_STARTED"} 0 1749563645236

jfcfg_connected_observers_count_total{tenant_id="single_tenant"} 7 1749563705243
jfcfg_db_connections_active_connection_total 0 1749563705243
jfcfg_db_connections_awaiting_connections_total 0 1749563705243
jfcfg_db_connections_idle_connection_total 1 1749563705243
jfcfg_db_connections_total_connection_total 1 1749563705243
jfcfg_runtime_heap_freememory_bytes 46788560 1749563705243
jfcfg_runtime_heap_maxmemory_bytes 2055208960 1749563705243
jfcfg_runtime_heap_processors_bytes 11 1749563705243
jfcfg_runtime_heap_totalmemory_bytes 158334976 1749563705243
jfcfg_data_migration_status_status_total{migration_status="NOT_STARTED"} 0 1749563705243

jfcfg_connected_observers_count_total{tenant_id="single_tenant"} 7 1749563765246
jfcfg_db_connections_active_connection_total 0 1749563765246
jfcfg_db_connections_awaiting_connections_total 0 1749563765246
jfcfg_db_connections_idle_connection_total 1 1749563765246
jfcfg_db_connections_total_connection_total 1 1749563765246
jfcfg_runtime_heap_freememory_bytes 45620048 1749563765246
jfcfg_runtime_heap_maxmemory_bytes 2055208960 1749563765246
jfcfg_runtime_heap_processors_bytes 11 1749563765246
jfcfg_runtime_heap_totalmemory_bytes 158334976 1749563765246
jfcfg_data_migration_status_status_total{migration_status="NOT_STARTED"} 0 1749563765246

jfcfg_connected_observers_count_total{tenant_id="single_tenant"} 7 1749563825249
jfcfg_db_connections_active_connection_total 0 1749563825249
jfcfg_db_connections_awaiting_connections_total 0 1749563825249
jfcfg_db_connections_idle_connection_total 1 1749563825249
jfcfg_db_connections_total_connection_total 1 1749563825249
jfcfg_runtime_heap_freememory_bytes 44934368 1749563825249
jfcfg_runtime_heap_maxmemory_bytes 2055208960 1749563825249
jfcfg_runtime_heap_processors_bytes 11 1749563825249
jfcfg_runtime_heap_totalmemory_bytes 158334976 1749563825249
jfcfg_data_migration_status_status_total{migration_status="NOT_STARTED"} 0 1749563825249

jfcfg_connected_observers_count_total{tenant_id="single_tenant"} 7 1749563885253
jfcfg_db_connections_active_connection_total 0 1749563885253
jfcfg_db_connections_awaiting_connections_total 0 1749563885253
jfcfg_db_connections_idle_connection_total 1 1749563885253
jfcfg_db_connections_total_connection_total 1 1749563885253
jfcfg_runtime_heap_freememory_bytes 44316560 1749563885253
jfcfg_runtime_heap_maxmemory_bytes 2055208960 1749563885253
jfcfg_runtime_heap_processors_bytes 11 1749563885253
jfcfg_runtime_heap_totalmemory_bytes 158334976 1749563885253
jfcfg_data_migration_status_status_total{migration_status="NOT_STARTED"} 0 1749563885253

jfcfg_connected_observers_count_total{tenant_id="single_tenant"} 7 1749563945256
jfcfg_db_connections_active_connection_total 0 1749563945256
jfcfg_db_connections_awaiting_connections_total 0 1749563945256
jfcfg_db_connections_idle_connection_total 1 1749563945256
jfcfg_db_connections_total_connection_total 1 1749563945256
jfcfg_runtime_heap_freememory_bytes 43460696 1749563945256
jfcfg_runtime_heap_maxmemory_bytes 2055208960 1749563945256
jfcfg_runtime_heap_processors_bytes 11 1749563945256
jfcfg_runtime_heap_totalmemory_bytes 158334976 1749563945256
jfcfg_data_migration_status_status_total{migration_status="NOT_STARTED"} 0 1749563945256

jfcfg_connected_observers_count_total{tenant_id="single_tenant"} 7 1749564005259
jfcfg_db_connections_active_connection_total 0 1749564005259
jfcfg_db_connections_awaiting_connections_total 0 1749564005259
jfcfg_db_connections_idle_connection_total 1 1749564005259
jfcfg_db_connections_total_connection_total 1 1749564005259
jfcfg_runtime_heap_freememory_bytes 42724176 1749564005259
jfcfg_runtime_heap_maxmemory_bytes 2055208960 1749564005259
jfcfg_runtime_heap_processors_bytes 11 1749564005259
jfcfg_runtime_heap_totalmemory_bytes 158334976 1749564005259
jfcfg_data_migration_status_status_total{migration_status="NOT_STARTED"} 0 1749564005259

jfcfg_connected_observers_count_total{tenant_id="single_tenant"} 7 1749564065263
jfcfg_db_connections_active_connection_total 0 1749564065263
jfcfg_db_connections_awaiting_connections_total 0 1749564065263
jfcfg_db_connections_idle_connection_total 1 1749564065263
jfcfg_db_connections_total_connection_total 1 1749564065263
jfcfg_runtime_heap_freememory_bytes 42062320 1749564065263
jfcfg_runtime_heap_maxmemory_bytes 2055208960 1749564065263
jfcfg_runtime_heap_processors_bytes 11 1749564065263
jfcfg_runtime_heap_totalmemory_bytes 158334976 1749564065263
jfcfg_data_migration_status_status_total{migration_status="NOT_STARTED"} 0 1749564065263

jfcfg_connected_observers_count_total{tenant_id="single_tenant"} 7 1749564125270
jfcfg_db_connections_active_connection_total 0 1749564125270
jfcfg_db_connections_awaiting_connections_total 0 1749564125270
jfcfg_db_connections_idle_connection_total 1 1749564125270
jfcfg_db_connections_total_connection_total 1 1749564125270
jfcfg_runtime_heap_freememory_bytes 40754120 1749564125270
jfcfg_runtime_heap_maxmemory_bytes 2055208960 1749564125270
jfcfg_runtime_heap_processors_bytes 11 1749564125270
jfcfg_runtime_heap_totalmemory_bytes 158334976 1749564125270
jfcfg_data_migration_status_status_total{migration_status="NOT_STARTED"} 0 1749564125270

jfcfg_connected_observers_count_total{tenant_id="single_tenant"} 7 1749564185278
jfcfg_db_connections_active_connection_total 0 1749564185278
jfcfg_db_connections_awaiting_connections_total 0 1749564185278
jfcfg_db_connections_idle_connection_total 1 1749564185278
jfcfg_db_connections_total_connection_total 1 1749564185278
jfcfg_runtime_heap_freememory_bytes 40093392 1749564185278
jfcfg_runtime_heap_maxmemory_bytes 2055208960 1749564185278
jfcfg_runtime_heap_processors_bytes 11 1749564185278
jfcfg_runtime_heap_totalmemory_bytes 158334976 1749564185278
jfcfg_data_migration_status_status_total{migration_status="NOT_STARTED"} 0 1749564185278

jfcfg_connected_observers_count_total{tenant_id="single_tenant"} 7 1749564245287
jfcfg_db_connections_active_connection_total 0 1749564245287
jfcfg_db_connections_awaiting_connections_total 0 1749564245287
jfcfg_db_connections_idle_connection_total 1 1749564245287
jfcfg_db_connections_total_connection_total 1 1749564245287
jfcfg_runtime_heap_freememory_bytes 39182640 1749564245287
jfcfg_runtime_heap_maxmemory_bytes 2055208960 1749564245287
jfcfg_runtime_heap_processors_bytes 11 1749564245287
jfcfg_runtime_heap_totalmemory_bytes 158334976 1749564245287
jfcfg_data_migration_status_status_total{migration_status="NOT_STARTED"} 0 1749564245287

jfcfg_connected_observers_count_total{tenant_id="single_tenant"} 7 1749564305292
jfcfg_db_connections_active_connection_total 0 1749564305292
jfcfg_db_connections_awaiting_connections_total 0 1749564305292
jfcfg_db_connections_idle_connection_total 1 1749564305292
jfcfg_db_connections_total_connection_total 1 1749564305292
jfcfg_runtime_heap_freememory_bytes 38561072 1749564305292
jfcfg_runtime_heap_maxmemory_bytes 2055208960 1749564305292
jfcfg_runtime_heap_processors_bytes 11 1749564305292
jfcfg_runtime_heap_totalmemory_bytes 158334976 1749564305292
jfcfg_data_migration_status_status_total{migration_status="NOT_STARTED"} 0 1749564305292

jfcfg_connected_observers_count_total{tenant_id="single_tenant"} 7 1749564365292
jfcfg_db_connections_active_connection_total 0 1749564365292
jfcfg_db_connections_awaiting_connections_total 0 1749564365292
jfcfg_db_connections_idle_connection_total 1 1749564365292
jfcfg_db_connections_total_connection_total 1 1749564365292
jfcfg_runtime_heap_freememory_bytes 37675896 1749564365292
jfcfg_runtime_heap_maxmemory_bytes 2055208960 1749564365292
jfcfg_runtime_heap_processors_bytes 11 1749564365292
jfcfg_runtime_heap_totalmemory_bytes 158334976 1749564365292
jfcfg_data_migration_status_status_total{migration_status="NOT_STARTED"} 0 1749564365292

jfcfg_connected_observers_count_total{tenant_id="single_tenant"} 7 1749564425301
jfcfg_db_connections_active_connection_total 0 1749564425301
jfcfg_db_connections_awaiting_connections_total 0 1749564425301
jfcfg_db_connections_idle_connection_total 1 1749564425301
jfcfg_db_connections_total_connection_total 1 1749564425301
jfcfg_runtime_heap_freememory_bytes 36990816 1749564425301
jfcfg_runtime_heap_maxmemory_bytes 2055208960 1749564425301
jfcfg_runtime_heap_processors_bytes 11 1749564425301
jfcfg_runtime_heap_totalmemory_bytes 158334976 1749564425301
jfcfg_data_migration_status_status_total{migration_status="NOT_STARTED"} 0 1749564425301

jfcfg_connected_observers_count_total{tenant_id="single_tenant"} 7 1749564485303
jfcfg_db_connections_active_connection_total 0 1749564485303
jfcfg_db_connections_awaiting_connections_total 0 1749564485303
jfcfg_db_connections_idle_connection_total 1 1749564485303
jfcfg_db_connections_total_connection_total 1 1749564485303
jfcfg_runtime_heap_freememory_bytes 36091064 1749564485303
jfcfg_runtime_heap_maxmemory_bytes 2055208960 1749564485303
jfcfg_runtime_heap_processors_bytes 11 1749564485303
jfcfg_runtime_heap_totalmemory_bytes 158334976 1749564485303
jfcfg_data_migration_status_status_total{migration_status="NOT_STARTED"} 0 1749564485303

jfcfg_connected_observers_count_total{tenant_id="single_tenant"} 7 1749564545311
jfcfg_db_connections_active_connection_total 0 1749564545311
jfcfg_db_connections_awaiting_connections_total 0 1749564545311
jfcfg_db_connections_idle_connection_total 1 1749564545311
jfcfg_db_connections_total_connection_total 1 1749564545311
jfcfg_runtime_heap_freememory_bytes 35323536 1749564545311
jfcfg_runtime_heap_maxmemory_bytes 2055208960 1749564545311
jfcfg_runtime_heap_processors_bytes 11 1749564545311
jfcfg_runtime_heap_totalmemory_bytes 158334976 1749564545311
jfcfg_data_migration_status_status_total{migration_status="NOT_STARTED"} 0 1749564545311

jfcfg_connected_observers_count_total{tenant_id="single_tenant"} 7 1749564605316
jfcfg_db_connections_active_connection_total 0 1749564605316
jfcfg_db_connections_awaiting_connections_total 0 1749564605316
jfcfg_db_connections_idle_connection_total 1 1749564605316
jfcfg_db_connections_total_connection_total 1 1749564605316
jfcfg_runtime_heap_freememory_bytes 34202080 1749564605316
jfcfg_runtime_heap_maxmemory_bytes 2055208960 1749564605316
jfcfg_runtime_heap_processors_bytes 11 1749564605316
jfcfg_runtime_heap_totalmemory_bytes 158334976 1749564605316
jfcfg_data_migration_status_status_total{migration_status="NOT_STARTED"} 0 1749564605316

jfcfg_connected_observers_count_total{tenant_id="single_tenant"} 7 1749564665321
jfcfg_db_connections_active_connection_total 0 1749564665321
jfcfg_db_connections_awaiting_connections_total 0 1749564665321
jfcfg_db_connections_idle_connection_total 1 1749564665321
jfcfg_db_connections_total_connection_total 1 1749564665321
jfcfg_runtime_heap_freememory_bytes 33182744 1749564665321
jfcfg_runtime_heap_maxmemory_bytes 2055208960 1749564665321
jfcfg_runtime_heap_processors_bytes 11 1749564665321
jfcfg_runtime_heap_totalmemory_bytes 158334976 1749564665321
jfcfg_data_migration_status_status_total{migration_status="NOT_STARTED"} 0 1749564665321

jfcfg_connected_observers_count_total{tenant_id="single_tenant"} 7 1749564725323
jfcfg_db_connections_active_connection_total 0 1749564725323
jfcfg_db_connections_awaiting_connections_total 0 1749564725323
jfcfg_db_connections_idle_connection_total 1 1749564725323
jfcfg_db_connections_total_connection_total 1 1749564725323
jfcfg_runtime_heap_freememory_bytes 32540496 1749564725323
jfcfg_runtime_heap_maxmemory_bytes 2055208960 1749564725323
jfcfg_runtime_heap_processors_bytes 11 1749564725323
jfcfg_runtime_heap_totalmemory_bytes 158334976 1749564725323
jfcfg_data_migration_status_status_total{migration_status="NOT_STARTED"} 0 1749564725323

jfcfg_connected_observers_count_total{tenant_id="single_tenant"} 7 1749564785327
jfcfg_db_connections_active_connection_total 0 1749564785327
jfcfg_db_connections_awaiting_connections_total 0 1749564785327
jfcfg_db_connections_idle_connection_total 1 1749564785327
jfcfg_db_connections_total_connection_total 1 1749564785327
jfcfg_runtime_heap_freememory_bytes 31749248 1749564785327
jfcfg_runtime_heap_maxmemory_bytes 2055208960 1749564785327
jfcfg_runtime_heap_processors_bytes 11 1749564785327
jfcfg_runtime_heap_totalmemory_bytes 158334976 1749564785327
jfcfg_data_migration_status_status_total{migration_status="NOT_STARTED"} 0 1749564785327

jfcfg_connected_observers_count_total{tenant_id="single_tenant"} 7 1749564845330
jfcfg_db_connections_active_connection_total 0 1749564845330
jfcfg_db_connections_awaiting_connections_total 0 1749564845330
jfcfg_db_connections_idle_connection_total 1 1749564845330
jfcfg_db_connections_total_connection_total 1 1749564845330
jfcfg_runtime_heap_freememory_bytes 30651592 1749564845330
jfcfg_runtime_heap_maxmemory_bytes 2055208960 1749564845330
jfcfg_runtime_heap_processors_bytes 11 1749564845330
jfcfg_runtime_heap_totalmemory_bytes 158334976 1749564845330
jfcfg_data_migration_status_status_total{migration_status="NOT_STARTED"} 0 1749564845330

jfcfg_connected_observers_count_total{tenant_id="single_tenant"} 7 1749564905334
jfcfg_db_connections_active_connection_total 0 1749564905334
jfcfg_db_connections_awaiting_connections_total 0 1749564905334
jfcfg_db_connections_idle_connection_total 1 1749564905334
jfcfg_db_connections_total_connection_total 1 1749564905334
jfcfg_runtime_heap_freememory_bytes 29913408 1749564905334
jfcfg_runtime_heap_maxmemory_bytes 2055208960 1749564905334
jfcfg_runtime_heap_processors_bytes 11 1749564905334
jfcfg_runtime_heap_totalmemory_bytes 158334976 1749564905334
jfcfg_data_migration_status_status_total{migration_status="NOT_STARTED"} 0 1749564905334

jfcfg_connected_observers_count_total{tenant_id="single_tenant"} 7 1749564965336
jfcfg_db_connections_active_connection_total 0 1749564965336
jfcfg_db_connections_awaiting_connections_total 0 1749564965336
jfcfg_db_connections_idle_connection_total 1 1749564965336
jfcfg_db_connections_total_connection_total 1 1749564965336
jfcfg_runtime_heap_freememory_bytes 29009512 1749564965336
jfcfg_runtime_heap_maxmemory_bytes 2055208960 1749564965336
jfcfg_runtime_heap_processors_bytes 11 1749564965336
jfcfg_runtime_heap_totalmemory_bytes 158334976 1749564965336
jfcfg_data_migration_status_status_total{migration_status="NOT_STARTED"} 0 1749564965336

jfcfg_connected_observers_count_total{tenant_id="single_tenant"} 7 1749565025341
jfcfg_db_connections_active_connection_total 0 1749565025341
jfcfg_db_connections_awaiting_connections_total 0 1749565025341
jfcfg_db_connections_idle_connection_total 1 1749565025341
jfcfg_db_connections_total_connection_total 1 1749565025341
jfcfg_runtime_heap_freememory_bytes 28295648 1749565025341
jfcfg_runtime_heap_maxmemory_bytes 2055208960 1749565025341
jfcfg_runtime_heap_processors_bytes 11 1749565025341
jfcfg_runtime_heap_totalmemory_bytes 158334976 1749565025341
jfcfg_data_migration_status_status_total{migration_status="NOT_STARTED"} 0 1749565025341

jfcfg_connected_observers_count_total{tenant_id="single_tenant"} 7 1749565085346
jfcfg_db_connections_active_connection_total 0 1749565085346
jfcfg_db_connections_awaiting_connections_total 0 1749565085346
jfcfg_db_connections_idle_connection_total 1 1749565085346
jfcfg_db_connections_total_connection_total 1 1749565085346
jfcfg_runtime_heap_freememory_bytes 26965920 1749565085346
jfcfg_runtime_heap_maxmemory_bytes 2055208960 1749565085346
jfcfg_runtime_heap_processors_bytes 11 1749565085346
jfcfg_runtime_heap_totalmemory_bytes 158334976 1749565085346
jfcfg_data_migration_status_status_total{migration_status="NOT_STARTED"} 0 1749565085346

jfcfg_connected_observers_count_total{tenant_id="single_tenant"} 7 1749565145350
jfcfg_db_connections_active_connection_total 0 1749565145350
jfcfg_db_connections_awaiting_connections_total 0 1749565145350
jfcfg_db_connections_idle_connection_total 1 1749565145350
jfcfg_db_connections_total_connection_total 1 1749565145350
jfcfg_runtime_heap_freememory_bytes 26429384 1749565145350
jfcfg_runtime_heap_maxmemory_bytes 2055208960 1749565145350
jfcfg_runtime_heap_processors_bytes 11 1749565145350
jfcfg_runtime_heap_totalmemory_bytes 158334976 1749565145350
jfcfg_data_migration_status_status_total{migration_status="NOT_STARTED"} 0 1749565145350

jfcfg_connected_observers_count_total{tenant_id="single_tenant"} 7 1749565205358
jfcfg_db_connections_active_connection_total 0 1749565205358
jfcfg_db_connections_awaiting_connections_total 0 1749565205358
jfcfg_db_connections_idle_connection_total 1 1749565205358
jfcfg_db_connections_total_connection_total 1 1749565205358
jfcfg_runtime_heap_freememory_bytes 25445936 1749565205358
jfcfg_runtime_heap_maxmemory_bytes 2055208960 1749565205358
jfcfg_runtime_heap_processors_bytes 11 1749565205358
jfcfg_runtime_heap_totalmemory_bytes 158334976 1749565205358
jfcfg_data_migration_status_status_total{migration_status="NOT_STARTED"} 0 1749565205358

