2025-06-10T13:13:54.073Z [jfmd ] [INFO ] [                ] [security_keys.go:172          ] [main                ] - Master key is missing. Pending for 5 seconds with 2m0s timeout [init]
2025-06-10T13:13:59.082Z [jfmd ] [INFO ] [                ] [database_bearer.go:165        ] [main                ] - Db connection driver::pgx and kerberosAuth::false [database]
2025-06-10T13:13:59.082Z [jfmd ] [INFO ] [                ] [postgres_jdbc_url_converter.go] [main                ] - No ssl parameter found, falling back to sslmode=disable [database]
2025-06-10T13:13:59.082Z [jfmd ] [INFO ] [                ] [database_bearer.go:180        ] [main                ] - Connecting to (db config: {postgresql jdbc:postgresql://host.docker.internal:5432/artifactorydb}) [database]
2025-06-10T13:13:59.106Z [jfmd ] [INFO ] [                ] [migrator.go:65                ] [main                ] - Applying migration files [database]
2025-06-10T13:13:59.112Z [jfmd ] [INFO ] [                ] [migrator.go:232               ] [main                ] - Migration lock table created or is already present [database]
2025-06-10T13:13:59.112Z [jfmd ] [INFO ] [                ] [migration_lock_manager.go:49  ] [main                ] - Trying to acquire migration lock for dfa365fa2a12 [database]
2025-06-10T13:13:59.115Z [jfmd ] [INFO ] [                ] [migration_lock_manager.go:70  ] [main                ] - Migration lock acquired for dfa365fa2a12 [database]
2025-06-10T13:13:59.119Z [jfmd ] [INFO ] [                ] [migrator_planner.go:122       ] [main                ] - Found 0 existing migrations in the database [database]
2025-06-10T13:13:59.119Z [jfmd ] [INFO ] [                ] [migrator_planner.go:20        ] [main                ] - Installation type: %!s(models.InstallationType=0) [database]
2025-06-10T13:13:59.120Z [jfmd ] [INFO ] [                ] [migrator.go:150               ] [main                ] - Applying 58 migrations files [database]
2025-06-10T13:13:59.128Z [jfmd ] [INFO ] [                ] [migrator.go:314               ] [main                ] - Migration v001_packages.sql successfully applied (4 statements) [database]
2025-06-10T13:13:59.139Z [jfmd ] [INFO ] [                ] [migrator.go:314               ] [main                ] - Migration v002_versions.sql successfully applied (5 statements) [database]
2025-06-10T13:13:59.146Z [jfmd ] [INFO ] [                ] [migrator.go:314               ] [main                ] - Migration v003_package_qualifiers.sql successfully applied (2 statements) [database]
2025-06-10T13:13:59.154Z [jfmd ] [INFO ] [                ] [migrator.go:314               ] [main                ] - Migration v004_package_user_properties.sql successfully applied (3 statements) [database]
2025-06-10T13:13:59.161Z [jfmd ] [INFO ] [                ] [migrator.go:314               ] [main                ] - Migration v005_package_tags.sql successfully applied (2 statements) [database]
2025-06-10T13:13:59.167Z [jfmd ] [INFO ] [                ] [migrator.go:314               ] [main                ] - Migration v006_package_stats.sql successfully applied (1 statements) [database]
2025-06-10T13:13:59.173Z [jfmd ] [INFO ] [                ] [migrator.go:314               ] [main                ] - Migration v007_sources.sql successfully applied (2 statements) [database]
2025-06-10T13:13:59.182Z [jfmd ] [INFO ] [                ] [migrator.go:314               ] [main                ] - Migration v008_package_info_sources.sql successfully applied (3 statements) [database]
2025-06-10T13:13:59.189Z [jfmd ] [INFO ] [                ] [migrator.go:314               ] [main                ] - Migration v009_servers.sql successfully applied (2 statements) [database]
2025-06-10T13:13:59.200Z [jfmd ] [INFO ] [                ] [migrator.go:314               ] [main                ] - Migration v010_version_qualifiers.sql successfully applied (3 statements) [database]
2025-06-10T13:13:59.207Z [jfmd ] [INFO ] [                ] [migrator.go:314               ] [main                ] - Migration v011_version_user_properties.sql successfully applied (3 statements) [database]
2025-06-10T13:13:59.214Z [jfmd ] [INFO ] [                ] [migrator.go:314               ] [main                ] - Migration v012_version_tags.sql successfully applied (3 statements) [database]
2025-06-10T13:13:59.218Z [jfmd ] [INFO ] [                ] [migrator.go:314               ] [main                ] - Migration v013_version_stats.sql successfully applied (1 statements) [database]
2025-06-10T13:13:59.223Z [jfmd ] [INFO ] [                ] [migrator.go:314               ] [main                ] - Migration v014_licenses.sql successfully applied (2 statements) [database]
2025-06-10T13:13:59.230Z [jfmd ] [INFO ] [                ] [migrator.go:314               ] [main                ] - Migration v015_files.sql successfully applied (5 statements) [database]
2025-06-10T13:13:59.236Z [jfmd ] [INFO ] [                ] [migrator.go:314               ] [main                ] - Migration v016_file_qualifiers.sql successfully applied (3 statements) [database]
2025-06-10T13:13:59.243Z [jfmd ] [INFO ] [                ] [migrator.go:314               ] [main                ] - Migration v017_package_licenses.sql successfully applied (3 statements) [database]
2025-06-10T13:13:59.248Z [jfmd ] [INFO ] [                ] [migrator.go:314               ] [main                ] - Migration v018_version_licenses.sql successfully applied (3 statements) [database]
2025-06-10T13:13:59.253Z [jfmd ] [INFO ] [                ] [migrator.go:314               ] [main                ] - Migration v019_files_versions.sql successfully applied (3 statements) [database]
2025-06-10T13:13:59.258Z [jfmd ] [INFO ] [                ] [migrator.go:314               ] [main                ] - Migration v020_repo.sql successfully applied (2 statements) [database]
2025-06-10T13:13:59.266Z [jfmd ] [INFO ] [                ] [migrator.go:314               ] [main                ] - Migration v021_lead_paths.sql successfully applied (4 statements) [database]
2025-06-10T13:13:59.270Z [jfmd ] [INFO ] [                ] [migrator.go:314               ] [main                ] - Migration v022_package_descriptions.sql successfully applied (1 statements) [database]
2025-06-10T13:13:59.277Z [jfmd ] [INFO ] [                ] [migrator.go:314               ] [main                ] - Migration v023_contributors.sql successfully applied (2 statements) [database]
2025-06-10T13:13:59.284Z [jfmd ] [INFO ] [                ] [migrator.go:314               ] [main                ] - Migration v024_version_contributors.sql successfully applied (3 statements) [database]
2025-06-10T13:13:59.291Z [jfmd ] [INFO ] [                ] [migrator.go:314               ] [main                ] - Migration v025_sharedconfigs.sql successfully applied (2 statements) [database]
2025-06-10T13:13:59.296Z [jfmd ] [INFO ] [                ] [migrator.go:314               ] [main                ] - Migration v026_version_vulns.sql successfully applied (1 statements) [database]
2025-06-10T13:13:59.301Z [jfmd ] [INFO ] [                ] [migrator.go:314               ] [main                ] - Migration v027_package_vulns.sql successfully applied (1 statements) [database]
2025-06-10T13:13:59.306Z [jfmd ] [INFO ] [                ] [migrator.go:314               ] [main                ] - Migration v028_versions_ordinal_index.sql successfully applied (1 statements) [database]
2025-06-10T13:13:59.312Z [jfmd ] [INFO ] [                ] [migrator.go:314               ] [main                ] - Migration v029_qualifier_user_prop_length.sql successfully applied (4 statements) [database]
2025-06-10T13:13:59.318Z [jfmd ] [INFO ] [                ] [migrator.go:314               ] [main                ] - Migration v030_version_addcolumn_size.sql successfully applied (1 statements) [database]
2025-06-10T13:13:59.322Z [jfmd ] [INFO ] [                ] [migrator.go:314               ] [main                ] - Migration v031_package_add_base_model_complete.sql successfully applied (1 statements) [database]
2025-06-10T13:13:59.328Z [jfmd ] [INFO ] [                ] [migrator.go:314               ] [main                ] - Migration v032_rename_stats_columns.sql successfully applied (3 statements) [database]
2025-06-10T13:13:59.332Z [jfmd ] [INFO ] [                ] [migrator.go:314               ] [main                ] - Migration v033_rename_size_column.sql successfully applied (1 statements) [database]
2025-06-10T13:13:59.340Z [jfmd ] [INFO ] [                ] [migrator.go:314               ] [main                ] - Migration v034_ver_stats_fk_ver_repos_fk.sql successfully applied (2 statements) [database]
2025-06-10T13:13:59.347Z [jfmd ] [INFO ] [                ] [migrator.go:314               ] [main                ] - Migration v035_files_unique_name_sha256.sql successfully applied (4 statements) [database]
2025-06-10T13:13:59.352Z [jfmd ] [INFO ] [                ] [migrator.go:314               ] [main                ] - Migration v036_version_add_modified.sql successfully applied (3 statements) [database]
2025-06-10T13:13:59.357Z [jfmd ] [INFO ] [                ] [migrator.go:314               ] [main                ] - Migration v037_version_add_base_model_complete.sql successfully applied (1 statements) [database]
2025-06-10T13:13:59.362Z [jfmd ] [INFO ] [                ] [migrator.go:314               ] [main                ] - Migration v038_file_targets.sql successfully applied (2 statements) [database]
2025-06-10T13:13:59.366Z [jfmd ] [INFO ] [                ] [migrator.go:314               ] [main                ] - Migration v039_file_targets_fk.sql successfully applied (1 statements) [database]
2025-06-10T13:13:59.369Z [jfmd ] [INFO ] [                ] [migrator.go:314               ] [main                ] - Migration v040_resize_pkg_tags_value_column.sql successfully applied (1 statements) [database]
2025-06-10T13:13:59.373Z [jfmd ] [INFO ] [                ] [migrator.go:314               ] [main                ] - Migration v041_resize_ver_tags_value_column.sql successfully applied (1 statements) [database]
2025-06-10T13:13:59.379Z [jfmd ] [INFO ] [                ] [migrator.go:314               ] [main                ] - Migration v042_async_data_converter.sql successfully applied (5 statements) [database]
2025-06-10T13:13:59.383Z [jfmd ] [INFO ] [                ] [migrator.go:314               ] [main                ] - Migration v043_add_mark_for_deletion.sql successfully applied (3 statements) [database]
2025-06-10T13:13:59.386Z [jfmd ] [INFO ] [                ] [migrator.go:314               ] [main                ] - Migration v044_add_dependant_task.sql successfully applied (1 statements) [database]
2025-06-10T13:13:59.390Z [jfmd ] [INFO ] [                ] [migrator.go:314               ] [main                ] - Migration v045_delete_reorder_prerelease_version_task.sql successfully applied (1 statements) [database]
2025-06-10T13:13:59.392Z [jfmd ] [INFO ] [                ] [migrator.go:314               ] [main                ] - Migration v046_add_cvss3.sql successfully applied (2 statements) [database]
2025-06-10T13:13:59.396Z [jfmd ] [INFO ] [                ] [migrator.go:314               ] [main                ] - Migration v047_reorder_task_temp_table.sql successfully applied (2 statements) [database]
2025-06-10T13:13:59.400Z [jfmd ] [INFO ] [                ] [migrator.go:314               ] [main                ] - Migration v048_version_operational_risk.sql successfully applied (1 statements) [database]
2025-06-10T13:13:59.404Z [jfmd ] [INFO ] [                ] [migrator.go:314               ] [main                ] - Migration v049_package_operational_risk.sql successfully applied (1 statements) [database]
2025-06-10T13:13:59.407Z [jfmd ] [INFO ] [                ] [migrator.go:314               ] [main                ] - Migration v050_tasks_drop_index.sql successfully applied (1 statements) [database]
2025-06-10T13:13:59.410Z [jfmd ] [INFO ] [                ] [migrator.go:314               ] [main                ] - Migration v051_md_fil_qualifiers_delete_cascade.sql successfully applied (2 statements) [database]
2025-06-10T13:13:59.414Z [jfmd ] [INFO ] [                ] [migrator.go:314               ] [main                ] - Migration v052_md_version_repo_stats.sql successfully applied (1 statements) [database]
2025-06-10T13:13:59.416Z [jfmd ] [INFO ] [                ] [migrator.go:314               ] [main                ] - Migration v053_md_packages_rename_package_type_column.sql successfully applied (1 statements) [database]
2025-06-10T13:13:59.419Z [jfmd ] [INFO ] [                ] [migrator.go:314               ] [main                ] - Migration v054_md_packages_add_stored_package_type_column.sql successfully applied (1 statements) [database]
2025-06-10T13:13:59.423Z [jfmd ] [INFO ] [                ] [migrator.go:314               ] [main                ] - Migration v055_md_packages_create_repo_package_type_index.sql successfully applied (1 statements) [database]
2025-06-10T13:13:59.425Z [jfmd ] [INFO ] [                ] [migrator.go:314               ] [main                ] - Migration v056_md_packages_create_stored_package_type_index.sql successfully applied (1 statements) [database]
2025-06-10T13:13:59.429Z [jfmd ] [INFO ] [                ] [migrator.go:314               ] [main                ] - Migration v057_md_package_version_location.sql successfully applied (2 statements) [database]
2025-06-10T13:13:59.433Z [jfmd ] [INFO ] [                ] [migrator.go:314               ] [main                ] - Migration v058_md_package_version_location_stats.sql successfully applied (2 statements) [database]
2025-06-10T13:13:59.434Z [jfmd ] [INFO ] [                ] [migration_lock_manager.go:76  ] [main                ] - Trying to release lock owned by: dfa365fa2a12 [database]
2025-06-10T13:13:59.435Z [jfmd ] [INFO ] [                ] [migration_lock_manager.go:90  ] [main                ] - Released lock owned by node dfa365fa2a12 [database]
2025-06-10T13:13:59.435Z [jfmd ] [INFO ] [                ] [migrator.go:75                ] [main                ] - Applied 123 database migrations statements in 0.328641458 seconds [database]
2025-06-10T13:13:59.435Z [jfmd ] [INFO ] [                ] [application.go:77             ] [main                ] - Metadata (jfmd) service initialization started. Version: 7.155.2 Revision: f08600cb80a PID: 5565 Home: /opt/jfrog/artifactory/var [app_initializer]
2025-06-10T13:13:59.437Z [jfmd ] [INFO ] [                ] [server_bearer.go:188          ] [main                ] - Created service_id and pushed to store: jfmd@01jxczkswc5zjphzmg0860wfxd [ServerInit]
2025-06-10T13:14:03.450Z [jfmd ] [INFO ] [                ] [access_client_bootstrap.go:256] [main                ] - Cluster join: Retry 5: Service registry ping failed, will retry. Error: Error while trying to connect to local router at address 'http://localhost:8046/access': Failed to access :http://localhost:8046/access/api/v1/system/ping return status code : 404 [access_client]
2025-06-10T13:14:04.499Z [jfmd ] [INFO ] [                ] [join_executor.go:178          ] [main                ] - Cluster join: Successfully joined the cluster [access_client]
2025-06-10T13:14:04.500Z [jfmd ] [INFO ] [                ] [join_executor.go:190          ] [main                ] - Cluster join: executing Router register at: localhost:8046 for service id jfmd@01jxczkswc5zjphzmg0860wfxd [access_client]
2025-06-10T13:14:04.550Z [jfmd ] [INFO ] [                ] [reindex_pkgid_task.go:36      ] [main                ] - Initializing reindexPkgidTask [reindex_pkgid_task]
2025-06-10T13:14:04.558Z [jfmd ] [INFO ] [                ] [reindex_pkgid_task.go:42      ] [main                ] - Found range for reindexPkgidTask: startId [-1] endId [-1] [reindex_pkgid_task]
2025-06-10T13:14:04.586Z [jfmd ] [INFO ] [                ] [async_converter.go:205        ] [main                ] - Starting async converter routine [async_converter] [workerNumber][1]
2025-06-10T13:14:04.586Z [jfmd ] [INFO ] [                ] [router_middlewares.go:55      ] [main                ] - 
Metadata Info
========================

database.metrics.enabled                             | false
Shared.NewRelic.EnableDebugLog                       | false
Shared.NewRelic.DistributedTracerEnabled             | true
Logging.Application.FilePath                         | metadata-service.log
Logging.Application.Rotation.MaxSizeMb               | 25
Shared.NewRelic.AppName                              | 
AccessClient.Url                                     | http://localhost:8081/access
metrics.enabled                                      | true
Logging.Request.Rotation.MaxSizeMb                   | 25
Shared.NewRelic.Enabled                              | false
Logging.Application.Rotation.MaxFiles                | 10
Logging.Request.Rotation.MaxAgeDays                  | 365
Logging.Request.Rotation.IntervalSeconds             | 0
Keys.ReadAttempts                                    | 120
Keys.ReadIntervalDuration                            | 1s
Port                                                 | 8086
Logging.Application.Rotation.Compress                | true
Logging.Application.Rotation.IntervalSeconds         | 0
Logging.Request.Rotation.MaxFiles                    | 10
Logging.Request.Rotation.Compress                    | true
Logging.Application.Level                            | info
Logging.Request.FilePath                             | metadata-request.log
AccessClient.JoinTimeout                             | 5m0s
Shared.NewRelic.DisableErrorLog                      | true
Profiling.Enabled                                    | false
Database.Type                                        | 5
database.metrics.maxQueriesToTrack                   | 5
Logging.Application.Rotation.MaxAgeDays              | 365

2025-06-10T13:14:04.588Z [jfmd ] [INFO ] [                ] [router_middlewares.go:56      ] [main                ] - Metadata (jfmd) service initialization completed in 5.153 seconds. Listening on port: 8086 [router]
