2025-06-10T13:13:54.324Z [jfob ] [INFO ] [6a039b7c5ba054c3] [security_keys.go:172          ] [main                ] [                ] - Master key is missing. Pending for 5 seconds with 2m0s timeout [startup] [spanId][6a039b7c5ba054c3] [spanTraceId][6a039b7c5ba054c3]
2025-06-10T13:13:59.332Z [jfob ] [INFO ] [6a039b7c5ba054c3] [bootstrap.go:313              ] [main                ] [                ] - Resolving service Id... [startup] [spanId][6a039b7c5ba054c3] [spanTraceId][6a039b7c5ba054c3]
2025-06-10T13:14:04.342Z [jfob ] [INFO ] [6a039b7c5ba054c3] [bootstrap.go:370              ] [main                ] [                ] - Platform services enabled false [startup] [spanId][6a039b7c5ba054c3] [spanTraceId][6a039b7c5ba054c3]
2025-06-10T13:14:04.342Z [jfob ] [INFO ] [6a039b7c5ba054c3] [bootstrap.go:377              ] [main                ] [                ] - Num of router services : 3 [startup] [spanId][6a039b7c5ba054c3] [spanTraceId][6a039b7c5ba054c3]
2025-06-10T13:14:04.342Z [jfob ] [INFO ] [6a039b7c5ba054c3] [bootstrap.go:378              ] [main                ] [                ] - Services registered with router : [{ServiceId:jfac@01jxczkt322jg01c76hase12yj} {ServiceId:jfevt@01jxczkt322jg01c76hase12yj} {ServiceId:jftpl@0000}] [startup] [spanId][6a039b7c5ba054c3] [spanTraceId][6a039b7c5ba054c3]
2025-06-10T13:14:04.342Z [jfob ] [INFO ] [6a039b7c5ba054c3] [bootstrap.go:329              ] [main                ] [                ] - Unable to find parent service using router health, trying again... [startup] [spanId][6a039b7c5ba054c3] [spanTraceId][6a039b7c5ba054c3]
2025-06-10T13:14:09.347Z [jfob ] [INFO ] [6a039b7c5ba054c3] [bootstrap.go:370              ] [main                ] [                ] - Platform services enabled false [startup] [spanId][6a039b7c5ba054c3] [spanTraceId][6a039b7c5ba054c3]
2025-06-10T13:14:09.347Z [jfob ] [INFO ] [6a039b7c5ba054c3] [bootstrap.go:377              ] [main                ] [                ] - Num of router services : 6 [startup] [spanId][6a039b7c5ba054c3] [spanTraceId][6a039b7c5ba054c3]
2025-06-10T13:14:09.347Z [jfob ] [INFO ] [6a039b7c5ba054c3] [bootstrap.go:378              ] [main                ] [                ] - Services registered with router : [{ServiceId:jfac@01jxczkt322jg01c76hase12yj} {ServiceId:jfcfg@01jxczkt322jg01c76hase12yj} {ServiceId:jfevt@01jxczkt322jg01c76hase12yj} {ServiceId:jfmd@01jxczkswc5zjphzmg0860wfxd} {ServiceId:jfrt@01jxczkwnw56fw0bfx62g8008g} {ServiceId:jftpl@0000}] [startup] [spanId][6a039b7c5ba054c3] [spanTraceId][6a039b7c5ba054c3]
2025-06-10T13:14:09.348Z [jfob ] [INFO ] [6a039b7c5ba054c3] [bootstrap.go:407              ] [main                ] [                ] - Obtained parent instance Id: 01jxczkwnw56fw0bfx62g8008g [startup] [spanId][6a039b7c5ba054c3] [spanTraceId][6a039b7c5ba054c3]
2025-06-10T13:14:09.348Z [jfob ] [INFO ] [6a039b7c5ba054c3] [bootstrap.go:93               ] [main                ] [                ] - JFrog Observability Service ID: jfob@01jxczkwnw56fw0bfx62g8008g [startup] [spanId][6a039b7c5ba054c3] [spanTraceId][6a039b7c5ba054c3]
2025-06-10T13:14:09.348Z [jfob ] [INFO ] [6a039b7c5ba054c3] [bootstrap.go:94               ] [main                ] [                ] - JFrog Observability Node ID   : dfa365fa2a12 [startup] [spanId][6a039b7c5ba054c3] [spanTraceId][6a039b7c5ba054c3]
2025-06-10T13:14:09.348Z [jfob ] [INFO ] [6a039b7c5ba054c3] [bootstrap.go:95               ] [main                ] [                ] - JFrog Observability Node IP   : 172.23.0.2 [startup] [spanId][6a039b7c5ba054c3] [spanTraceId][6a039b7c5ba054c3]
2025-06-10T13:14:09.350Z [jfob ] [INFO ] [6a039b7c5ba054c3] [application.go:111            ] [main                ] [                ] - Is service running as Multi tenant? false [application] [spanId][6a039b7c5ba054c3] [spanTraceId][6a039b7c5ba054c3]
2025-06-10T13:14:09.376Z [jfob ] [INFO ] [6a039b7c5ba054c3] [join_executor.go:178          ] [main                ] [                ] - Cluster join: Successfully joined the cluster [access_client] [spanId][6a039b7c5ba054c3] [spanTraceId][6a039b7c5ba054c3]
2025-06-10T13:14:09.376Z [jfob ] [INFO ] [6a039b7c5ba054c3] [join_executor.go:190          ] [main                ] [                ] - Cluster join: executing Router register at: localhost:8046 for service id jfob@01jxczkwnw56fw0bfx62g8008g [access_client] [spanId][6a039b7c5ba054c3] [spanTraceId][6a039b7c5ba054c3]
2025-06-10T13:14:09.380Z [jfob ] [INFO ] [6a039b7c5ba054c3] [application.go:241            ] [main                ] [                ] - JFrog Observability (jfob) service initialization completed in 20.076 seconds. HTTP server listening on 127.0.0.1:8036.  [application] [spanId][6a039b7c5ba054c3] [spanTraceId][6a039b7c5ba054c3]
2025-06-10T13:14:09.381Z [jfob ] [INFO ] [6a039b7c5ba054c3] [shipping_service.go:267       ] [main                ] [                ] - Starting shipping for tenantId:  for productName: artifactory [shipping_service] [spanId][6a039b7c5ba054c3] [spanTraceId][6a039b7c5ba054c3]
2025-06-10T13:15:09.387Z [jfob ] [INFO ] [6a039b7c5ba054c3] [dedicated_grpc_connection.go:2] [main                ] [                ] - Creating a new dedicated gRPC connection for localhost:8046 [access_client] [spanId][6a039b7c5ba054c3] [spanTraceId][6a039b7c5ba054c3]
2025-06-10T13:15:09.464Z [jfob ] [INFO ] [6a039b7c5ba054c3] [platform_config_stream.go:49  ] [main                ] [                ] - Starting Platform Config stream connect goroutine [access_client] [spanId][6a039b7c5ba054c3] [spanTraceId][6a039b7c5ba054c3]
2025-06-10T13:15:09.464Z [jfob ] [INFO ] [6a039b7c5ba054c3] [platform_config_stream.go:62  ] [main                ] [                ] - Connecting to Platform Config stream [access_client] [spanId][6a039b7c5ba054c3] [spanTraceId][6a039b7c5ba054c3]
2025-06-10T13:15:09.464Z [jfob ] [INFO ] [6a039b7c5ba054c3] [platform_config_stream.go:49  ] [main                ] [                ] - Starting Platform Config stream connect goroutine [access_client] [spanId][6a039b7c5ba054c3] [spanTraceId][6a039b7c5ba054c3]
2025-06-10T13:15:09.466Z [jfob ] [INFO ] [6a039b7c5ba054c3] [platform_config_stream.go:62  ] [main                ] [                ] - Connecting to Platform Config stream [access_client] [spanId][6a039b7c5ba054c3] [spanTraceId][6a039b7c5ba054c3]
2025-06-10T13:15:15.088Z [jfob ] [INFO ] [6a039b7c5ba054c3] [platform_config_stream.go:105 ] [main                ] [                ] - Starting Platform Config stream Recv loop [access_client] [spanId][6a039b7c5ba054c3] [spanTraceId][6a039b7c5ba054c3]
2025-06-10T13:15:15.088Z [jfob ] [INFO ] [6a039b7c5ba054c3] [platform_config_stream.go:105 ] [main                ] [                ] - Starting Platform Config stream Recv loop [access_client] [spanId][6a039b7c5ba054c3] [spanTraceId][6a039b7c5ba054c3]
2025-06-10T13:15:15.089Z [jfob ] [INFO ] [6a039b7c5ba054c3] [platform_config_stream.go:137 ] [main                ] [                ] - Starting Platform Config checkKeepAlive [access_client] [spanId][6a039b7c5ba054c3] [spanTraceId][6a039b7c5ba054c3]
2025-06-10T13:15:15.089Z [jfob ] [INFO ] [6a039b7c5ba054c3] [platform_config_stream.go:137 ] [main                ] [                ] - Starting Platform Config checkKeepAlive [access_client] [spanId][6a039b7c5ba054c3] [spanTraceId][6a039b7c5ba054c3]
