2025-06-10T13:13:50.713Z [jftpl] [INFO ] [                ] [plicationContextInitializer:82] [main                ] - topology (jftpl) service initialization started. Version: 1.92.3 Revision: 19203900 PID: 7846 Home: /opt/jfrog/artifactory
2025-06-10T13:13:50.718Z [jftpl] [INFO ] [                ] [plicationContextInitializer:38] [main                ] - Topology service deployment type: OnPrem
2025-06-10T13:13:50.731Z [jftpl] [INFO ] [                ] [plicationContextInitializer:52] [main                ] - fips.mode (Default Value): none
shared.database.driver (File): org.postgresql.Driver
shared.database.password (File): *****
shared.database.type (File): postgresql
shared.database.url (File): jdbc:postgresql://host.docker.internal:5432/artifactorydb
shared.database.username (File): artifactory
shared.logging.enableJsonConsoleLogAppenders (Default Value): false
shared.multiTenant.enabled (Default Value): false
shared.node.id (Environment Variable: JF_SHARED_NODE_ID): dfa365fa2a12
shared.runtime.isSaas (Default Value): false
shared.security.bootstrapKeysReadTimeoutSecs (Default Value): 120
topology.accessClient.connectionTimeoutSecs (Default Value): 5
topology.accessClient.insecure (Default Value): false
topology.accessClient.maxJoinRetries (Default Value): 90
topology.accessClient.providerCacheTimeoutSecs (Default Value): 10800
topology.accessClient.serverBypassMaxJoinRetries (Default Value): 5
topology.accessClient.serverBypassUrl (Default Value): 
topology.accessClient.socketTimeoutSecs (Default Value): 45
topology.accessClient.versionCacheExpirationSecs (Default Value): 120
topology.accessClient.waitJoinMillis (Default Value): 1000
topology.cleanup.staleNodeInitialDelaySecs (Default Value): 3600
topology.cleanup.staleNodeIntervalSecs (Default Value): 3600
topology.cleanup.staleNodeThresholdSecs (Default Value): 604800
topology.database.maxOpenConnections (Default Value): 100
topology.database.maxWait (Default Value): 30000
topology.database.metrics.enabled (Default Value): false
topology.database.migrationRetry.backoff (Default Value): 1.5
topology.database.migrationRetry.initialDelayMillis (Default Value): 2000
topology.database.migrationRetry.maxIntervalSecs (Default Value): 900
topology.database.timeoutSecs (Default Value): 600
topology.grpc.maxInboundMetadataSize (Default Value): 8192
topology.grpc.port (Default Value): 8021
topology.healthCheck.initialDelaySecs (Default Value): 15
topology.healthCheck.intervalSecs (Default Value): 10
topology.healthCheck.tenantCacheExpirationSecs (Default Value): 30
topology.kubernetesFetcher.cacheTimeoutSecs (Default Value): 120
topology.kubernetesFetcher.clientTimeoutSecs (Default Value): 10
topology.kubernetesFetcher.enabled (Default Value): false
topology.logging.requestFilter.enabled (Default Value): false
topology.logging.requestFilter.grpc.ignoreDurationThresholdMillis (Default Value): 100
topology.logging.requestFilter.grpc.ignorePaths (Default Value): 
topology.logging.requestFilter.grpc.ignoreStatusCodes (Default Value): 
topology.logging.requestFilter.http.ignoreDurationThresholdMillis (Default Value): 100
topology.logging.requestFilter.http.ignorePaths (Default Value): 
topology.logging.requestFilter.http.ignoreStatusCodes (Default Value): 
topology.metrics.enabled (Default Value): false
topology.metrics.exclude (Default Value): 
topology.metrics.intervalSecs (Default Value): 60
topology.metrics.logPeriodically (Default Value): true
topology.metrics.numberServicesCacheTimeoutSecs (Default Value): 600
topology.multiTenant.parallelMigrationsCount (Default Value): 0
topology.newrelic.enabled (Default Value): false
topology.newrelic.environment (Default Value): devel
topology.newrelic.licenseKey (Default Value): *****
topology.newrelic.logLevel (Default Value): off
topology.newrelic.namespace (Default Value): devel
topology.port (Default Value): 8020
topology.routerHost (Default Value): localhost
topology.security.exposeApplicationHeaders (Default Value): false
topology.tomcat.config (Default Value): 
2025-06-10T13:13:52.204Z [jftpl] [INFO ] [                ] [c.j.t.s.l.RequestLogHelper:24 ] [main                ] - HttpRequestConfig: Config[filterPaths=[], filterStatusCodes=[], filterDurationThreshold=100]
2025-06-10T13:13:52.208Z [jftpl] [INFO ] [                ] [c.j.t.s.l.RequestLogHelper:25 ] [main                ] - GrpcRequestConfig: Config[filterPaths=[], filterStatusCodes=[], filterDurationThreshold=100]
2025-06-10T13:13:52.528Z [jftpl] [INFO ] [                ] [c.j.t.s.g.GrpcServer:44       ] [main                ] - Starting gRPC Server on port 8021
2025-06-10T13:13:52.672Z [jftpl] [INFO ] [                ] [c.j.t.s.l.RequestLogHelper:24 ] [main                ] - HttpRequestConfig: Config[filterPaths=[], filterStatusCodes=[], filterDurationThreshold=100]
2025-06-10T13:13:52.673Z [jftpl] [INFO ] [                ] [c.j.t.s.l.RequestLogHelper:25 ] [main                ] - GrpcRequestConfig: Config[filterPaths=[], filterStatusCodes=[], filterDurationThreshold=100]
2025-06-10T13:13:52.817Z [jftpl] [INFO ] [                ] [c.j.t.s.g.GrpcServer:66       ] [main                ] - gRPC Server started, listening on 8021
2025-06-10T13:13:52.824Z [jftpl] [INFO ] [                ] [c.j.t.s.m.MetricsService:47   ] [main                ] - Metrics Framework Service is disabled
2025-06-10T13:13:57.700Z [jftpl] [INFO ] [                ] [c.j.t.s.c.FlywayFactory:62    ] [main                ] - Database migration started
2025-06-10T13:13:57.771Z [jftpl] [INFO ] [                ] [c.j.t.s.c.FlywayFactory:70    ] [main                ] - Latest pending Flyway changelog: 1.2
2025-06-10T13:13:57.797Z [jftpl] [INFO ] [                ] [c.j.t.s.c.FlywayFactory:73    ] [main                ] - Current Flyway changelog: none
2025-06-10T13:13:57.797Z [jftpl] [INFO ] [                ] [c.j.t.s.c.FlywayFactory:75    ] [main                ] - Database migration in progress...
2025-06-10T13:13:57.895Z [jftpl] [INFO ] [                ] [c.j.t.s.c.MigrationCallback:24] [main                ] - Applying changelog: 1.0 (Initial Schema)
2025-06-10T13:13:57.905Z [jftpl] [INFO ] [                ] [c.j.t.s.c.MigrationCallback:25] [main                ] - Applied changelog: 1.0 (Initial Schema)
2025-06-10T13:13:57.919Z [jftpl] [INFO ] [                ] [c.j.t.s.c.MigrationCallback:24] [main                ] - Applying changelog: 1.1 (Create ServiceId)
2025-06-10T13:13:57.924Z [jftpl] [INFO ] [                ] [c.j.t.s.c.MigrationCallback:25] [main                ] - Applied changelog: 1.1 (Create ServiceId)
2025-06-10T13:13:57.939Z [jftpl] [INFO ] [                ] [c.j.t.s.c.MigrationCallback:24] [main                ] - Applying changelog: 1.2 (Add Availability Zone id)
2025-06-10T13:13:57.942Z [jftpl] [INFO ] [                ] [c.j.t.s.c.MigrationCallback:25] [main                ] - Applied changelog: 1.2 (Add Availability Zone id)
2025-06-10T13:13:57.986Z [jftpl] [INFO ] [                ] [c.j.t.s.c.FlywayFactory:80    ] [main                ] - Current Flyway changelog: 1.2
2025-06-10T13:13:57.987Z [jftpl] [INFO ] [                ] [c.j.t.s.c.FlywayFactory:82    ] [main                ] - Database migration done
2025-06-10T13:13:57.990Z [jftpl] [INFO ] [                ] [t.s.TopologyStartupListener:42] [main                ] - topology (jftpl) service initialization completed in 8.442 seconds. Listening on port: 8020
2025-06-10T13:14:04.361Z [jftpl] [INFO ] [51871645dd50cbd9] [.TenantAccessClientProvider:95] [http-nio-8020-exec-2] - Scheduling Access join...
2025-06-10T13:14:04.372Z [jftpl] [INFO ] [51871645dd50cbd9] [c.j.t.s.a.AccessJoiner:40     ] [jf-common-pool-0    ] - Beginning Access join...
2025-06-10T13:14:04.768Z [jftpl] [INFO ] [51871645dd50cbd9] [.a.c.AccessClientBootstrap:179] [jf-common-pool-0    ] - Cluster join: Executing join on 'http://localhost:8046/access'
2025-06-10T13:14:04.833Z [jftpl] [INFO ] [51871645dd50cbd9] [.a.c.AccessClientBootstrap:190] [jf-common-pool-0    ] - Cluster join: Successfully joined the cluster
2025-06-10T13:14:04.834Z [jftpl] [INFO ] [51871645dd50cbd9] [c.j.t.s.a.AccessJoiner:50     ] [jf-common-pool-0    ] - Successfully joined Access
2025-06-10T13:14:07.840Z [jftpl] [INFO ] [cc0f8f57eecaa815] [c.j.t.s.s.HealthCheckRunner:37] [topology-scheduler-1] - Service node has become healthy
