2025-06-10T13:14:04.736Z|51871645dd50cbd9|http://localhost:8046/access/api/v1/system/ping|GET|200|OK|31
2025-06-10T13:14:04.758Z|51871645dd50cbd9|http://localhost:8046/access/api/v1/cert/root|GET|200|OK|8
2025-06-10T13:14:04.821Z|51871645dd50cbd9|http://localhost:8046/access/api/v1/registry/join|POST|201|Created|15
2025-06-10T13:14:04.855Z|0e95c8a6be570d89|http://localhost:8046/access/api/v1/config/shared|GET|200|OK|8
2025-06-10T13:14:04.855Z|51871645dd50cbd9|http://localhost:8046/access/api/v1/config/shared|GET|200|OK|8
2025-06-10T13:14:11.914Z|1b469a08b6e5f81a|http://localhost:8046/access/api/v1/registry/versions/dfa365fa2a12|GET|200|OK|28
2025-06-10T13:16:11.954Z|0b4a381347870123|http://localhost:8046/access/api/v1/registry/versions/dfa365fa2a12|GET|200|OK|9
2025-06-10T13:18:11.980Z|0bed5b23d632f86b|http://localhost:8046/access/api/v1/registry/versions/dfa365fa2a12|GET|200|OK|11
2025-06-10T13:20:12.011Z|385a015bcce24d26|http://localhost:8046/access/api/v1/registry/versions/dfa365fa2a12|GET|200|OK|11
2025-06-10T13:22:12.045Z|09b0888f1e3f9bd1|http://localhost:8046/access/api/v1/registry/versions/dfa365fa2a12|GET|200|OK|12
2025-06-10T13:24:05.329Z||http://localhost:8046/access/api/v1/config/shared|GET|200|OK|9
2025-06-10T13:24:12.084Z|6eb5e82714c61def|http://localhost:8046/access/api/v1/registry/versions/dfa365fa2a12|GET|200|OK|11
2025-06-10T13:26:12.123Z|4c31f8075fefd34f|http://localhost:8046/access/api/v1/registry/versions/dfa365fa2a12|GET|200|OK|7
2025-06-10T13:28:12.168Z|551169ba02e720b2|http://localhost:8046/access/api/v1/registry/versions/dfa365fa2a12|GET|200|OK|10
2025-06-10T13:30:12.217Z|3616e36f431a9672|http://localhost:8046/access/api/v1/registry/versions/dfa365fa2a12|GET|200|OK|10
2025-06-10T13:32:12.255Z|6519deab462888ac|http://localhost:8046/access/api/v1/registry/versions/dfa365fa2a12|GET|200|OK|9
2025-06-10T13:34:05.681Z||http://localhost:8046/access/api/v1/config/shared|GET|200|OK|14
2025-06-10T13:34:12.298Z|72feebd8bb01b78d|http://localhost:8046/access/api/v1/registry/versions/dfa365fa2a12|GET|200|OK|9
2025-06-10T13:36:12.309Z|40058bd2e693f65c|http://localhost:8046/access/api/v1/registry/versions/dfa365fa2a12|GET|200|OK|9
2025-06-10T13:38:12.343Z|4e3be6f3a5979cfe|http://localhost:8046/access/api/v1/registry/versions/dfa365fa2a12|GET|200|OK|11
2025-06-10T13:40:12.382Z|736df70a8f88a4b6|http://localhost:8046/access/api/v1/registry/versions/dfa365fa2a12|GET|200|OK|10
2025-06-10T13:42:12.428Z|3af98245d11cae98|http://localhost:8046/access/api/v1/registry/versions/dfa365fa2a12|GET|200|OK|10
2025-06-10T13:44:05.969Z||http://localhost:8046/access/api/v1/config/shared|GET|200|OK|9
2025-06-10T13:44:12.483Z|3b02b5e3b65a143e|http://localhost:8046/access/api/v1/registry/versions/dfa365fa2a12|GET|200|OK|9
2025-06-10T13:46:12.523Z|0892264d3b0ce875|http://localhost:8046/access/api/v1/registry/versions/dfa365fa2a12|GET|200|OK|9
2025-06-10T13:48:12.581Z|73db90acf2b32bb0|http://localhost:8046/access/api/v1/registry/versions/dfa365fa2a12|GET|200|OK|12
2025-06-10T13:50:12.644Z|5f9fcad66b5782b2|http://localhost:8046/access/api/v1/registry/versions/dfa365fa2a12|GET|200|OK|7
2025-06-10T13:52:12.696Z|13bf78f8adc44396|http://localhost:8046/access/api/v1/registry/versions/dfa365fa2a12|GET|200|OK|9
2025-06-10T13:54:06.356Z||http://localhost:8046/access/api/v1/config/shared|GET|200|OK|13
2025-06-10T13:54:12.752Z|0acc648983e1d640|http://localhost:8046/access/api/v1/registry/versions/dfa365fa2a12|GET|200|OK|8
2025-06-10T13:56:12.787Z|56630279c4757e23|http://localhost:8046/access/api/v1/registry/versions/dfa365fa2a12|GET|200|OK|10
2025-06-10T13:58:12.829Z|48814f6b8b7ae85d|http://localhost:8046/access/api/v1/registry/versions/dfa365fa2a12|GET|200|OK|8
2025-06-10T14:00:12.865Z|129be4680fb666a0|http://localhost:8046/access/api/v1/registry/versions/dfa365fa2a12|GET|200|OK|11
2025-06-10T14:02:12.913Z|17c62acf9b865e31|http://localhost:8046/access/api/v1/registry/versions/dfa365fa2a12|GET|200|OK|9
2025-06-10T14:04:06.730Z||http://localhost:8046/access/api/v1/config/shared|GET|200|OK|14
2025-06-10T14:04:12.948Z|07229c5545ad69e8|http://localhost:8046/access/api/v1/registry/versions/dfa365fa2a12|GET|200|OK|8
2025-06-10T14:06:12.991Z|765b16c4fcfaa7ad|http://localhost:8046/access/api/v1/registry/versions/dfa365fa2a12|GET|200|OK|11
2025-06-10T14:08:13.022Z|6801a89b88d2be89|http://localhost:8046/access/api/v1/registry/versions/dfa365fa2a12|GET|200|OK|7
2025-06-10T14:10:13.059Z|2f9113f9ed813582|http://localhost:8046/access/api/v1/registry/versions/dfa365fa2a12|GET|200|OK|5
2025-06-10T14:12:13.114Z|1e70e2bfee526332|http://localhost:8046/access/api/v1/registry/versions/dfa365fa2a12|GET|200|OK|9
2025-06-10T14:14:07.066Z||http://localhost:8046/access/api/v1/config/shared|GET|200|OK|11
2025-06-10T14:14:13.151Z|331e645cb3ec0b85|http://localhost:8046/access/api/v1/registry/versions/dfa365fa2a12|GET|200|OK|10
2025-06-10T14:16:13.190Z|6fee4fcbcd00e4fc|http://localhost:8046/access/api/v1/registry/versions/dfa365fa2a12|GET|200|OK|10
2025-06-10T14:18:13.223Z|6aa8949e0949304d|http://localhost:8046/access/api/v1/registry/versions/dfa365fa2a12|GET|200|OK|7
2025-06-10T14:20:13.270Z|029108fb2bdbf9f5|http://localhost:8046/access/api/v1/registry/versions/dfa365fa2a12|GET|200|OK|10
2025-06-10T14:22:13.316Z|45508217f4d9bbc8|http://localhost:8046/access/api/v1/registry/versions/dfa365fa2a12|GET|200|OK|9
2025-06-10T14:24:07.372Z||http://localhost:8046/access/api/v1/config/shared|GET|200|OK|14
2025-06-10T14:24:13.360Z|6bcc1b95d1d41d41|http://localhost:8046/access/api/v1/registry/versions/dfa365fa2a12|GET|200|OK|9
2025-06-10T14:26:13.384Z|2cb034b6ca9d3c80|http://localhost:8046/access/api/v1/registry/versions/dfa365fa2a12|GET|200|OK|6
2025-06-10T14:28:13.435Z|70483b01109a8c4b|http://localhost:8046/access/api/v1/registry/versions/dfa365fa2a12|GET|200|OK|9
2025-06-10T14:30:13.473Z|76d976de9979d7df|http://localhost:8046/access/api/v1/registry/versions/dfa365fa2a12|GET|200|OK|9
2025-06-10T14:41:40.572Z|762a22c424e9fd47|http://localhost:8046/access/api/v1/registry/versions/dfa365fa2a12|GET|200|OK|10
2025-06-10T14:43:34.752Z||http://localhost:8046/access/api/v1/config/shared|GET|200|OK|8
2025-06-10T14:43:40.612Z|47c7ca4171427d1e|http://localhost:8046/access/api/v1/registry/versions/dfa365fa2a12|GET|200|OK|9
2025-06-10T14:45:40.653Z|6c5cb36d121ba396|http://localhost:8046/access/api/v1/registry/versions/dfa365fa2a12|GET|200|OK|9
2025-06-10T14:47:40.676Z|3647265bc9d3d24e|http://localhost:8046/access/api/v1/registry/versions/dfa365fa2a12|GET|200|OK|9
2025-06-10T14:49:40.693Z|1810a6b75cd0689e|http://localhost:8046/access/api/v1/registry/versions/dfa365fa2a12|GET|200|OK|5
2025-06-10T14:51:40.733Z|50ac4dbb546e656e|http://localhost:8046/access/api/v1/registry/versions/dfa365fa2a12|GET|200|OK|7
2025-06-10T14:53:35.048Z||http://localhost:8046/access/api/v1/config/shared|GET|200|OK|8
2025-06-10T14:53:40.776Z|3299d87c59e13cb1|http://localhost:8046/access/api/v1/registry/versions/dfa365fa2a12|GET|200|OK|6
2025-06-10T14:55:40.817Z|7a8d1d2b9b2f2816|http://localhost:8046/access/api/v1/registry/versions/dfa365fa2a12|GET|200|OK|9
2025-06-10T14:57:40.856Z|07ddd586ae883c48|http://localhost:8046/access/api/v1/registry/versions/dfa365fa2a12|GET|200|OK|7
2025-06-10T14:59:40.887Z|5c23ff2f3ecdedb6|http://localhost:8046/access/api/v1/registry/versions/dfa365fa2a12|GET|200|OK|7
2025-06-10T15:01:40.928Z|1ed34e8a0d79a10c|http://localhost:8046/access/api/v1/registry/versions/dfa365fa2a12|GET|200|OK|10
2025-06-10T15:03:35.382Z||http://localhost:8046/access/api/v1/config/shared|GET|200|OK|14
2025-06-10T15:03:40.962Z|695dedeb2299dbba|http://localhost:8046/access/api/v1/registry/versions/dfa365fa2a12|GET|200|OK|9
2025-06-10T15:05:41.024Z|5dde74a31618ed20|http://localhost:8046/access/api/v1/registry/versions/dfa365fa2a12|GET|200|OK|8
2025-06-10T15:07:41.062Z|58ae6829f5003d0a|http://localhost:8046/access/api/v1/registry/versions/dfa365fa2a12|GET|200|OK|8
2025-06-10T15:09:41.113Z|2890973e63881260|http://localhost:8046/access/api/v1/registry/versions/dfa365fa2a12|GET|200|OK|8
2025-06-10T15:11:41.151Z|0430c7e90868a5bf|http://localhost:8046/access/api/v1/registry/versions/dfa365fa2a12|GET|200|OK|7
2025-06-10T15:13:35.727Z||http://localhost:8046/access/api/v1/config/shared|GET|200|OK|8
2025-06-10T15:13:41.204Z|187e91d08d20e8d8|http://localhost:8046/access/api/v1/registry/versions/dfa365fa2a12|GET|200|OK|10
2025-06-10T15:15:41.230Z|00138fddc4a7305b|http://localhost:8046/access/api/v1/registry/versions/dfa365fa2a12|GET|200|OK|8
2025-06-10T15:17:41.262Z|449ee21b16b8d248|http://localhost:8046/access/api/v1/registry/versions/dfa365fa2a12|GET|200|OK|8
2025-06-10T15:19:41.318Z|1ab890036cd1e12d|http://localhost:8046/access/api/v1/registry/versions/dfa365fa2a12|GET|200|OK|9
2025-06-10T15:21:41.339Z|28eb077c096b71c7|http://localhost:8046/access/api/v1/registry/versions/dfa365fa2a12|GET|200|OK|6
2025-06-10T15:23:36.045Z||http://localhost:8046/access/api/v1/config/shared|GET|200|OK|8
2025-06-10T15:23:41.383Z|37aab756935dc9c5|http://localhost:8046/access/api/v1/registry/versions/dfa365fa2a12|GET|200|OK|8
2025-06-10T15:25:41.419Z|41356ebb9767b5fc|http://localhost:8046/access/api/v1/registry/versions/dfa365fa2a12|GET|200|OK|7
2025-06-10T15:27:41.446Z|52bf463a1cb038c7|http://localhost:8046/access/api/v1/registry/versions/dfa365fa2a12|GET|200|OK|7
2025-06-10T15:29:41.490Z|426e265675b55ddc|http://localhost:8046/access/api/v1/registry/versions/dfa365fa2a12|GET|200|OK|7
2025-06-10T15:31:41.536Z|4ba0e7dc4098881d|http://localhost:8046/access/api/v1/registry/versions/dfa365fa2a12|GET|200|OK|7
2025-06-10T15:33:36.397Z||http://localhost:8046/access/api/v1/config/shared|GET|200|OK|7
2025-06-10T15:33:41.565Z|3f4df816ba672ff8|http://localhost:8046/access/api/v1/registry/versions/dfa365fa2a12|GET|200|OK|7
2025-06-10T15:35:41.603Z|231fe30a533f2626|http://localhost:8046/access/api/v1/registry/versions/dfa365fa2a12|GET|200|OK|7
2025-06-10T15:37:41.643Z|5d0d2e4f10632bdc|http://localhost:8046/access/api/v1/registry/versions/dfa365fa2a12|GET|200|OK|9
2025-06-10T15:39:41.676Z|241df07263a16a59|http://localhost:8046/access/api/v1/registry/versions/dfa365fa2a12|GET|200|OK|7
2025-06-10T15:41:41.731Z|469c0812e09ffe5f|http://localhost:8046/access/api/v1/registry/versions/dfa365fa2a12|GET|200|OK|7
2025-06-10T15:43:36.721Z||http://localhost:8046/access/api/v1/config/shared|GET|200|OK|10
2025-06-10T15:43:41.786Z|00ac2041d4b464f8|http://localhost:8046/access/api/v1/registry/versions/dfa365fa2a12|GET|200|OK|6
2025-06-10T15:45:41.842Z|2b0e01711de2e990|http://localhost:8046/access/api/v1/registry/versions/dfa365fa2a12|GET|200|OK|9
2025-06-10T15:47:41.869Z|3e380829d7af706e|http://localhost:8046/access/api/v1/registry/versions/dfa365fa2a12|GET|200|OK|7
2025-06-10T15:49:41.917Z|7b2cd53cfd61e5fa|http://localhost:8046/access/api/v1/registry/versions/dfa365fa2a12|GET|200|OK|8
2025-06-10T15:51:41.954Z|22a7cf708ed5d1af|http://localhost:8046/access/api/v1/registry/versions/dfa365fa2a12|GET|200|OK|6
2025-06-10T15:53:36.993Z||http://localhost:8046/access/api/v1/config/shared|GET|200|OK|9
2025-06-10T15:53:41.991Z|4761decf056f33fb|http://localhost:8046/access/api/v1/registry/versions/dfa365fa2a12|GET|200|OK|7
2025-06-10T15:55:42.026Z|71b55903a837a8f6|http://localhost:8046/access/api/v1/registry/versions/dfa365fa2a12|GET|200|OK|6
2025-06-10T15:57:42.071Z|0e40d9888220818f|http://localhost:8046/access/api/v1/registry/versions/dfa365fa2a12|GET|200|OK|9
2025-06-10T15:59:42.105Z|79609026ff6081e8|http://localhost:8046/access/api/v1/registry/versions/dfa365fa2a12|GET|200|OK|9
2025-06-10T16:01:42.169Z|39f19260dc3f3834|http://localhost:8046/access/api/v1/registry/versions/dfa365fa2a12|GET|200|OK|11
2025-06-10T17:54:58.666Z||http://localhost:8046/access/api/v1/config/shared|GET|200|OK|8
2025-06-10T17:55:03.668Z|34da11d09df7d07b|http://localhost:8046/access/api/v1/registry/versions/dfa365fa2a12|GET|200|OK|7
2025-06-10T17:57:03.702Z|39bad7093efab906|http://localhost:8046/access/api/v1/registry/versions/dfa365fa2a12|GET|200|OK|7
2025-06-10T17:59:03.745Z|177d56108e8d2df8|http://localhost:8046/access/api/v1/registry/versions/dfa365fa2a12|GET|200|OK|9
2025-06-10T18:01:03.797Z|51344bdc4090b656|http://localhost:8046/access/api/v1/registry/versions/dfa365fa2a12|GET|200|OK|12
2025-06-10T18:03:03.838Z|6bb597fafe7c3b0a|http://localhost:8046/access/api/v1/registry/versions/dfa365fa2a12|GET|200|OK|8
2025-06-10T18:04:58.868Z||http://localhost:8046/access/api/v1/config/shared|GET|200|OK|8
2025-06-10T18:05:03.876Z|0373c274985c0dca|http://localhost:8046/access/api/v1/registry/versions/dfa365fa2a12|GET|200|OK|9
2025-06-10T18:07:03.912Z|0c969321a574c997|http://localhost:8046/access/api/v1/registry/versions/dfa365fa2a12|GET|200|OK|8
2025-06-10T18:09:03.948Z|0f0fa992fbdee1fd|http://localhost:8046/access/api/v1/registry/versions/dfa365fa2a12|GET|200|OK|8
2025-06-10T18:11:04.125Z|320786ebea62d59e|http://localhost:8046/access/api/v1/registry/versions/dfa365fa2a12|GET|200|OK|33
2025-06-10T18:13:04.535Z|32bc04329876be78|http://localhost:8046/access/api/v1/registry/versions/dfa365fa2a12|GET|200|OK|16
2025-06-10T18:14:59.951Z||http://localhost:8046/access/api/v1/config/shared|GET|200|OK|15
2025-06-10T18:15:05.000Z|46670764eaacb5e2|http://localhost:8046/access/api/v1/registry/versions/dfa365fa2a12|GET|200|OK|63
2025-06-10T18:17:05.304Z|047a62ae6a5f9ee5|http://localhost:8046/access/api/v1/registry/versions/dfa365fa2a12|GET|200|OK|13
2025-06-10T18:19:05.752Z|2c211c9654444c7f|http://localhost:8046/access/api/v1/registry/versions/dfa365fa2a12|GET|200|OK|13
2025-06-10T18:21:06.293Z|7b5ec7c12475ac50|http://localhost:8046/access/api/v1/registry/versions/dfa365fa2a12|GET|200|OK|13
2025-06-10T18:23:06.765Z|184af802094218a0|http://localhost:8046/access/api/v1/registry/versions/dfa365fa2a12|GET|200|OK|13
2025-06-10T18:25:00.302Z||http://localhost:8046/access/api/v1/config/shared|GET|200|OK|11
2025-06-10T18:25:07.394Z|1066c7ca9d23eb67|http://localhost:8046/access/api/v1/registry/versions/dfa365fa2a12|GET|200|OK|15
2025-06-10T18:27:07.956Z|006ae445104908c4|http://localhost:8046/access/api/v1/registry/versions/dfa365fa2a12|GET|200|OK|13
2025-06-10T18:29:08.390Z|4f25f3606b21a382|http://localhost:8046/access/api/v1/registry/versions/dfa365fa2a12|GET|200|OK|11
2025-06-10T18:31:08.694Z|216661c2a0e11349|http://localhost:8046/access/api/v1/registry/versions/dfa365fa2a12|GET|200|OK|11
2025-06-10T18:33:09.127Z|0d3fcbd0936eef01|http://localhost:8046/access/api/v1/registry/versions/dfa365fa2a12|GET|200|OK|11
2025-06-10T18:35:01.900Z||http://localhost:8046/access/api/v1/config/shared|GET|200|OK|11
2025-06-10T18:35:09.587Z|2af1f9d294fc8d23|http://localhost:8046/access/api/v1/registry/versions/dfa365fa2a12|GET|200|OK|47
2025-06-10T18:37:09.773Z|4956625087ff5a21|http://localhost:8046/access/api/v1/registry/versions/dfa365fa2a12|GET|200|OK|14
2025-06-10T18:39:10.113Z|18000248da436359|http://localhost:8046/access/api/v1/registry/versions/dfa365fa2a12|GET|200|OK|11
2025-06-10T18:41:10.464Z|0aa96bfd6653f3f0|http://localhost:8046/access/api/v1/registry/versions/dfa365fa2a12|GET|200|OK|12
2025-06-10T18:43:10.666Z|5bf24605a3e1483a|http://localhost:8046/access/api/v1/registry/versions/dfa365fa2a12|GET|200|OK|9
2025-06-10T18:45:02.217Z||http://localhost:8046/access/api/v1/config/shared|GET|200|OK|10
2025-06-10T18:45:10.703Z|6895053a5c1d7259|http://localhost:8046/access/api/v1/registry/versions/dfa365fa2a12|GET|200|OK|12
2025-06-10T18:47:11.280Z|7ad1a15d6b5babce|http://localhost:8046/access/api/v1/registry/versions/dfa365fa2a12|GET|200|OK|18
2025-06-10T18:49:11.705Z|3500726ecfeeb2b6|http://localhost:8046/access/api/v1/registry/versions/dfa365fa2a12|GET|200|OK|12
2025-06-10T18:51:12.034Z|0faf6d59909a692e|http://localhost:8046/access/api/v1/registry/versions/dfa365fa2a12|GET|200|OK|12
2025-06-10T18:53:12.530Z|415e7b72470fad04|http://localhost:8046/access/api/v1/registry/versions/dfa365fa2a12|GET|200|OK|11
2025-06-10T18:55:02.931Z||http://localhost:8046/access/api/v1/config/shared|GET|200|OK|11
2025-06-10T18:55:13.071Z|6c6f1b09b8c530a4|http://localhost:8046/access/api/v1/registry/versions/dfa365fa2a12|GET|200|OK|56
2025-06-10T18:57:13.215Z|7ee05c44b110c714|http://localhost:8046/access/api/v1/registry/versions/dfa365fa2a12|GET|200|OK|10
2025-06-10T18:59:13.252Z|7d5e3792d0f73a30|http://localhost:8046/access/api/v1/registry/versions/dfa365fa2a12|GET|200|OK|9
2025-06-10T19:01:13.347Z|5de10e43052e9975|http://localhost:8046/access/api/v1/registry/versions/dfa365fa2a12|GET|200|OK|10
2025-06-10T19:03:13.381Z|46a8b8f3bbfac1ed|http://localhost:8046/access/api/v1/registry/versions/dfa365fa2a12|GET|200|OK|9
2025-06-10T19:05:03.410Z||http://localhost:8046/access/api/v1/config/shared|GET|200|OK|9
2025-06-10T19:05:13.412Z|18f5310dcc039292|http://localhost:8046/access/api/v1/registry/versions/dfa365fa2a12|GET|200|OK|8
2025-06-10T19:07:13.457Z|2597f60b9d58389a|http://localhost:8046/access/api/v1/registry/versions/dfa365fa2a12|GET|200|OK|9
2025-06-10T19:09:13.502Z|79ca333c87ed0f9f|http://localhost:8046/access/api/v1/registry/versions/dfa365fa2a12|GET|200|OK|8
2025-06-10T19:11:13.541Z|4605f8b6654a098d|http://localhost:8046/access/api/v1/registry/versions/dfa365fa2a12|GET|200|OK|8
2025-06-10T19:13:13.592Z|4534818dd0e67a61|http://localhost:8046/access/api/v1/registry/versions/dfa365fa2a12|GET|200|OK|8
2025-06-10T19:15:03.650Z||http://localhost:8046/access/api/v1/config/shared|GET|200|OK|10
2025-06-10T19:15:13.657Z|198c33eb8e0b6056|http://localhost:8046/access/api/v1/registry/versions/dfa365fa2a12|GET|200|OK|8
2025-06-10T19:17:13.725Z|0c0a045f090d0f9f|http://localhost:8046/access/api/v1/registry/versions/dfa365fa2a12|GET|200|OK|9
2025-06-10T19:19:13.787Z|4d8b326487700829|http://localhost:8046/access/api/v1/registry/versions/dfa365fa2a12|GET|200|OK|9
2025-06-10T19:21:13.841Z|51f1f14849d0b670|http://localhost:8046/access/api/v1/registry/versions/dfa365fa2a12|GET|200|OK|9
2025-06-10T19:23:13.890Z|3bf86f22a7adcfda|http://localhost:8046/access/api/v1/registry/versions/dfa365fa2a12|GET|200|OK|9
2025-06-10T19:25:03.958Z||http://localhost:8046/access/api/v1/config/shared|GET|200|OK|8
2025-06-10T19:25:13.966Z|3da127f8b978f882|http://localhost:8046/access/api/v1/registry/versions/dfa365fa2a12|GET|200|OK|9
2025-06-10T19:27:14.015Z|4c864219b9de883e|http://localhost:8046/access/api/v1/registry/versions/dfa365fa2a12|GET|200|OK|6
2025-06-10T19:29:14.075Z|525b2fe701b2745b|http://localhost:8046/access/api/v1/registry/versions/dfa365fa2a12|GET|200|OK|12
2025-06-10T19:31:14.085Z|42cd53863ed90a9d|http://localhost:8046/access/api/v1/registry/versions/dfa365fa2a12|GET|200|OK|5
2025-06-10T19:33:14.140Z|41a70bc051519939|http://localhost:8046/access/api/v1/registry/versions/dfa365fa2a12|GET|200|OK|10
2025-06-10T19:35:04.178Z||http://localhost:8046/access/api/v1/config/shared|GET|200|OK|9
2025-06-10T19:35:14.179Z|3c17aee5edddd567|http://localhost:8046/access/api/v1/registry/versions/dfa365fa2a12|GET|200|OK|7
2025-06-10T19:37:14.243Z|63799590e2e67862|http://localhost:8046/access/api/v1/registry/versions/dfa365fa2a12|GET|200|OK|9
2025-06-10T19:39:14.289Z|0aa33d8d77f879b3|http://localhost:8046/access/api/v1/registry/versions/dfa365fa2a12|GET|200|OK|9
2025-06-10T19:41:14.329Z|362ce10c20f5f1bc|http://localhost:8046/access/api/v1/registry/versions/dfa365fa2a12|GET|200|OK|9
2025-06-10T19:43:14.355Z|24fedb2205c559e0|http://localhost:8046/access/api/v1/registry/versions/dfa365fa2a12|GET|200|OK|6
2025-06-10T19:45:04.404Z||http://localhost:8046/access/api/v1/config/shared|GET|200|OK|9
2025-06-10T19:45:14.410Z|10c108fc69611413|http://localhost:8046/access/api/v1/registry/versions/dfa365fa2a12|GET|200|OK|10
2025-06-10T19:47:14.460Z|186088d689f0d862|http://localhost:8046/access/api/v1/registry/versions/dfa365fa2a12|GET|200|OK|8
2025-06-10T19:49:14.507Z|27c41513a20a2203|http://localhost:8046/access/api/v1/registry/versions/dfa365fa2a12|GET|200|OK|8
2025-06-10T19:51:14.536Z|637edbc34b71b2a8|http://localhost:8046/access/api/v1/registry/versions/dfa365fa2a12|GET|200|OK|8
2025-06-10T19:53:14.585Z|2d1c540207e8d715|http://localhost:8046/access/api/v1/registry/versions/dfa365fa2a12|GET|200|OK|9
2025-06-10T19:55:04.629Z||http://localhost:8046/access/api/v1/config/shared|GET|200|OK|10
2025-06-10T19:55:14.640Z|7e626d6b966f2890|http://localhost:8046/access/api/v1/registry/versions/dfa365fa2a12|GET|200|OK|10
2025-06-10T19:57:14.676Z|472e9631ceb963fe|http://localhost:8046/access/api/v1/registry/versions/dfa365fa2a12|GET|200|OK|9
2025-06-10T19:59:14.731Z|0d33bfdd97eebda3|http://localhost:8046/access/api/v1/registry/versions/dfa365fa2a12|GET|200|OK|10
2025-06-10T20:01:14.781Z|34123aefe21c76d8|http://localhost:8046/access/api/v1/registry/versions/dfa365fa2a12|GET|200|OK|10
2025-06-10T20:03:14.824Z|2146bc633ae414f4|http://localhost:8046/access/api/v1/registry/versions/dfa365fa2a12|GET|200|OK|10
2025-06-10T20:56:03.305Z||http://localhost:8046/access/api/v1/config/shared|GET|200|OK|9
2025-06-10T21:34:05.698Z|4e2abd8d34816c5e|http://localhost:8046/access/api/v1/registry/versions/dfa365fa2a12|GET|200|OK|7
2025-06-11T00:27:22.508Z|62ffbc0f57606f2e|http://localhost:8046/access/api/v1/registry/versions/dfa365fa2a12|GET|200|OK|6
2025-06-11T05:17:08.367Z|5447528c7e26a28f|http://localhost:8046/access/api/v1/registry/versions/dfa365fa2a12|GET|200|OK|3
2025-06-11T07:20:03.261Z|3b978425b343f6d5|http://localhost:8046/access/api/v1/registry/versions/dfa365fa2a12|GET|200|OK|9
2025-06-11T07:46:50.537Z|3edf748bf7600461|http://localhost:8046/access/api/v1/registry/versions/dfa365fa2a12|GET|200|OK|8
2025-06-11T07:48:40.548Z||http://localhost:8046/access/api/v1/config/shared|GET|200|OK|4
2025-06-11T07:48:50.565Z|3aa9abdbf8a002a4|http://localhost:8046/access/api/v1/registry/versions/dfa365fa2a12|GET|200|OK|8
2025-06-11T07:50:50.610Z|38b137890fa8b657|http://localhost:8046/access/api/v1/registry/versions/dfa365fa2a12|GET|200|OK|8
2025-06-11T07:52:50.661Z|4695b1c7c6942a3f|http://localhost:8046/access/api/v1/registry/versions/dfa365fa2a12|GET|200|OK|5
2025-06-11T07:54:50.696Z|4e7e4607d19894cc|http://localhost:8046/access/api/v1/registry/versions/dfa365fa2a12|GET|200|OK|6
2025-06-11T07:57:15.484Z|5a1b36957fd5570b|http://localhost:8046/access/api/v1/registry/versions/dfa365fa2a12|GET|200|OK|7
2025-06-11T07:59:05.537Z||http://localhost:8046/access/api/v1/config/shared|GET|200|OK|9
2025-06-11T07:59:15.546Z|36aaf1edbeb85e82|http://localhost:8046/access/api/v1/registry/versions/dfa365fa2a12|GET|200|OK|8
2025-06-11T08:01:15.583Z|45a16d4255b86e6b|http://localhost:8046/access/api/v1/registry/versions/dfa365fa2a12|GET|200|OK|9
2025-06-11T08:03:15.618Z|3939e8db1820a61a|http://localhost:8046/access/api/v1/registry/versions/dfa365fa2a12|GET|200|OK|7
2025-06-11T08:05:15.656Z|424a5071b239b0ad|http://localhost:8046/access/api/v1/registry/versions/dfa365fa2a12|GET|200|OK|8
2025-06-11T08:07:15.696Z|4da13b919c03ba74|http://localhost:8046/access/api/v1/registry/versions/dfa365fa2a12|GET|200|OK|8
2025-06-11T08:09:05.731Z||http://localhost:8046/access/api/v1/config/shared|GET|200|OK|9
2025-06-11T08:09:15.736Z|1613557d8655800d|http://localhost:8046/access/api/v1/registry/versions/dfa365fa2a12|GET|200|OK|8
2025-06-11T08:11:15.800Z|5ee1f9be08f72465|http://localhost:8046/access/api/v1/registry/versions/dfa365fa2a12|GET|200|OK|19
2025-06-11T08:13:15.801Z|090aed2443110e69|http://localhost:8046/access/api/v1/registry/versions/dfa365fa2a12|GET|200|OK|7
2025-06-11T08:15:15.837Z|7b2d6cb18fecd248|http://localhost:8046/access/api/v1/registry/versions/dfa365fa2a12|GET|200|OK|10
2025-06-11T08:17:15.872Z|6c3b936a52c00cb2|http://localhost:8046/access/api/v1/registry/versions/dfa365fa2a12|GET|200|OK|9
2025-06-11T08:19:05.904Z||http://localhost:8046/access/api/v1/config/shared|GET|200|OK|8
2025-06-11T08:19:15.908Z|6712b3a0100ab90f|http://localhost:8046/access/api/v1/registry/versions/dfa365fa2a12|GET|200|OK|7
2025-06-11T08:21:15.941Z|470019f4d7773fc2|http://localhost:8046/access/api/v1/registry/versions/dfa365fa2a12|GET|200|OK|10
2025-06-11T08:23:15.971Z|12ef2686774565f8|http://localhost:8046/access/api/v1/registry/versions/dfa365fa2a12|GET|200|OK|9
2025-06-11T08:25:16.010Z|11d620b6787f484e|http://localhost:8046/access/api/v1/registry/versions/dfa365fa2a12|GET|200|OK|10
2025-06-11T08:27:16.047Z|02c0cd35021172e6|http://localhost:8046/access/api/v1/registry/versions/dfa365fa2a12|GET|200|OK|8
2025-06-11T08:29:06.048Z||http://localhost:8046/access/api/v1/config/shared|GET|200|OK|9
2025-06-11T08:29:16.044Z|008e31a378c22e8d|http://localhost:8046/access/api/v1/registry/versions/dfa365fa2a12|GET|200|OK|7
2025-06-11T08:31:16.092Z|1a7b30c6fd037cb4|http://localhost:8046/access/api/v1/registry/versions/dfa365fa2a12|GET|200|OK|10
2025-06-11T08:33:16.127Z|2ab9f49e16f2f0a1|http://localhost:8046/access/api/v1/registry/versions/dfa365fa2a12|GET|200|OK|9
2025-06-11T08:35:16.172Z|3335265cd8c1b409|http://localhost:8046/access/api/v1/registry/versions/dfa365fa2a12|GET|200|OK|10
2025-06-11T08:37:16.203Z|7c7748b86fc7381c|http://localhost:8046/access/api/v1/registry/versions/dfa365fa2a12|GET|200|OK|6
2025-06-11T08:39:06.241Z||http://localhost:8046/access/api/v1/config/shared|GET|200|OK|10
2025-06-11T08:39:16.245Z|323ed9988648b7cd|http://localhost:8046/access/api/v1/registry/versions/dfa365fa2a12|GET|200|OK|8
2025-06-11T08:41:16.284Z|339d49d78f3bacd0|http://localhost:8046/access/api/v1/registry/versions/dfa365fa2a12|GET|200|OK|10
